/home/hs/hvdisp/coadd/results/starlight/z0_s1l_robust_erem1_comb_mix1.out
/home/hs/hvdisp/coadd/results/starlight/z0_s1l_robust_erem1_comb_mix2.out
/home/hs/hvdisp/coadd/results/starlight/z0_s1l_robust_erem1_comb_mix3.out
/home/hs/hvdisp/coadd/results/starlight/z0_s1l_robust_erem1_mius_ku13.out
/home/hs/hvdisp/coadd/results/starlight/z0_s1l_robust_erem1_mius_mix1.out
/home/hs/hvdisp/coadd/results/starlight/z0_s1l_robust_erem1_mius_un08.out
/home/hs/hvdisp/coadd/results/starlight/z0_s1l_robust_erem1_mius_un13.out
/home/hs/hvdisp/coadd/results/starlight/z0_s1l_robust_erem1_mius_un18.out
/home/hs/hvdisp/coadd/results/starlight/z0_s1l_robust_erem2_comb_mix1.out
/home/hs/hvdisp/coadd/results/starlight/z0_s1l_robust_erem2_comb_mix2.out
/home/hs/hvdisp/coadd/results/starlight/z0_s1l_robust_erem2_comb_mix3.out
/home/hs/hvdisp/coadd/results/starlight/z0_s1l_robust_erem2_mius_ku13.out
/home/hs/hvdisp/coadd/results/starlight/z0_s1l_robust_erem2_mius_mix1.out
/home/hs/hvdisp/coadd/results/starlight/z0_s1l_robust_erem2_mius_un08.out
/home/hs/hvdisp/coadd/results/starlight/z0_s1l_robust_erem2_mius_un13.out
/home/hs/hvdisp/coadd/results/starlight/z0_s1l_robust_erem2_mius_un18.out
/home/hs/hvdisp/coadd/results/starlight/z0_s1l_robust_eremf_comb_mix1.out
/home/hs/hvdisp/coadd/results/starlight/z0_s1l_robust_eremf_comb_mix2.out
/home/hs/hvdisp/coadd/results/starlight/z0_s1l_robust_eremf_comb_mix3.out
/home/hs/hvdisp/coadd/results/starlight/z0_s1l_robust_eremf_mius_ku13.out
/home/hs/hvdisp/coadd/results/starlight/z0_s1l_robust_eremf_mius_mix1.out
/home/hs/hvdisp/coadd/results/starlight/z0_s1l_robust_eremf_mius_un08.out
/home/hs/hvdisp/coadd/results/starlight/z0_s1l_robust_eremf_mius_un13.out
/home/hs/hvdisp/coadd/results/starlight/z0_s1l_robust_eremf_mius_un18.out
/home/hs/hvdisp/coadd/results/starlight/z0_s1l_robust_full1_comb_mix1.out
/home/hs/hvdisp/coadd/results/starlight/z0_s1l_robust_full1_comb_mix2.out
/home/hs/hvdisp/coadd/results/starlight/z0_s1l_robust_full1_comb_mix3.out
/home/hs/hvdisp/coadd/results/starlight/z0_s1l_robust_full1_mius_ku13.out
/home/hs/hvdisp/coadd/results/starlight/z0_s1l_robust_full1_mius_mix1.out
/home/hs/hvdisp/coadd/results/starlight/z0_s1l_robust_full1_mius_un08.out
/home/hs/hvdisp/coadd/results/starlight/z0_s1l_robust_full1_mius_un13.out
/home/hs/hvdisp/coadd/results/starlight/z0_s1l_robust_full1_mius_un18.out
/home/hs/hvdisp/coadd/results/starlight/z0_s1l_robust_full2_comb_mix1.out
/home/hs/hvdisp/coadd/results/starlight/z0_s1l_robust_full2_comb_mix2.out
/home/hs/hvdisp/coadd/results/starlight/z0_s1l_robust_full2_comb_mix3.out
/home/hs/hvdisp/coadd/results/starlight/z0_s1l_robust_full2_mius_ku13.out
/home/hs/hvdisp/coadd/results/starlight/z0_s1l_robust_full2_mius_mix1.out
/home/hs/hvdisp/coadd/results/starlight/z0_s1l_robust_full2_mius_un08.out
/home/hs/hvdisp/coadd/results/starlight/z0_s1l_robust_full2_mius_un13.out
/home/hs/hvdisp/coadd/results/starlight/z0_s1l_robust_full2_mius_un18.out
/home/hs/hvdisp/coadd/results/starlight/z0_s2l_robust_erem1_comb_mix1.out
/home/hs/hvdisp/coadd/results/starlight/z0_s2l_robust_erem1_comb_mix2.out
/home/hs/hvdisp/coadd/results/starlight/z0_s2l_robust_erem1_comb_mix3.out
/home/hs/hvdisp/coadd/results/starlight/z0_s2l_robust_erem1_mius_ku13.out
/home/hs/hvdisp/coadd/results/starlight/z0_s2l_robust_erem1_mius_mix1.out
/home/hs/hvdisp/coadd/results/starlight/z0_s2l_robust_erem1_mius_un08.out
/home/hs/hvdisp/coadd/results/starlight/z0_s2l_robust_erem1_mius_un13.out
/home/hs/hvdisp/coadd/results/starlight/z0_s2l_robust_erem1_mius_un18.out
/home/hs/hvdisp/coadd/results/starlight/z0_s2l_robust_erem2_comb_mix1.out
/home/hs/hvdisp/coadd/results/starlight/z0_s2l_robust_erem2_comb_mix2.out
/home/hs/hvdisp/coadd/results/starlight/z0_s2l_robust_erem2_comb_mix3.out
/home/hs/hvdisp/coadd/results/starlight/z0_s2l_robust_erem2_mius_ku13.out
/home/hs/hvdisp/coadd/results/starlight/z0_s2l_robust_erem2_mius_mix1.out
/home/hs/hvdisp/coadd/results/starlight/z0_s2l_robust_erem2_mius_un08.out
/home/hs/hvdisp/coadd/results/starlight/z0_s2l_robust_erem2_mius_un13.out
/home/hs/hvdisp/coadd/results/starlight/z0_s2l_robust_erem2_mius_un18.out
/home/hs/hvdisp/coadd/results/starlight/z0_s2l_robust_eremf_comb_mix1.out
/home/hs/hvdisp/coadd/results/starlight/z0_s2l_robust_eremf_comb_mix2.out
/home/hs/hvdisp/coadd/results/starlight/z0_s2l_robust_eremf_comb_mix3.out
/home/hs/hvdisp/coadd/results/starlight/z0_s2l_robust_eremf_mius_ku13.out
/home/hs/hvdisp/coadd/results/starlight/z0_s2l_robust_eremf_mius_mix1.out
/home/hs/hvdisp/coadd/results/starlight/z0_s2l_robust_eremf_mius_un08.out
/home/hs/hvdisp/coadd/results/starlight/z0_s2l_robust_eremf_mius_un13.out
/home/hs/hvdisp/coadd/results/starlight/z0_s2l_robust_eremf_mius_un18.out
/home/hs/hvdisp/coadd/results/starlight/z0_s2l_robust_full1_comb_mix1.out
/home/hs/hvdisp/coadd/results/starlight/z0_s2l_robust_full1_comb_mix2.out
/home/hs/hvdisp/coadd/results/starlight/z0_s2l_robust_full1_comb_mix3.out
/home/hs/hvdisp/coadd/results/starlight/z0_s2l_robust_full1_mius_ku13.out
/home/hs/hvdisp/coadd/results/starlight/z0_s2l_robust_full1_mius_mix1.out
/home/hs/hvdisp/coadd/results/starlight/z0_s2l_robust_full1_mius_un08.out
/home/hs/hvdisp/coadd/results/starlight/z0_s2l_robust_full1_mius_un13.out
/home/hs/hvdisp/coadd/results/starlight/z0_s2l_robust_full1_mius_un18.out
/home/hs/hvdisp/coadd/results/starlight/z0_s2l_robust_full2_comb_mix1.out
/home/hs/hvdisp/coadd/results/starlight/z0_s2l_robust_full2_comb_mix2.out
/home/hs/hvdisp/coadd/results/starlight/z0_s2l_robust_full2_comb_mix3.out
/home/hs/hvdisp/coadd/results/starlight/z0_s2l_robust_full2_mius_ku13.out
/home/hs/hvdisp/coadd/results/starlight/z0_s2l_robust_full2_mius_mix1.out
/home/hs/hvdisp/coadd/results/starlight/z0_s2l_robust_full2_mius_un08.out
/home/hs/hvdisp/coadd/results/starlight/z0_s2l_robust_full2_mius_un13.out
/home/hs/hvdisp/coadd/results/starlight/z0_s2l_robust_full2_mius_un18.out
/home/hs/hvdisp/coadd/results/starlight/z0_s3l_robust_erem1_comb_mix1.out
/home/hs/hvdisp/coadd/results/starlight/z0_s3l_robust_erem1_comb_mix2.out
/home/hs/hvdisp/coadd/results/starlight/z0_s3l_robust_erem1_comb_mix3.out
/home/hs/hvdisp/coadd/results/starlight/z0_s3l_robust_erem1_mius_ku13.out
/home/hs/hvdisp/coadd/results/starlight/z0_s3l_robust_erem1_mius_mix1.out
/home/hs/hvdisp/coadd/results/starlight/z0_s3l_robust_erem1_mius_un08.out
/home/hs/hvdisp/coadd/results/starlight/z0_s3l_robust_erem1_mius_un13.out
/home/hs/hvdisp/coadd/results/starlight/z0_s3l_robust_erem1_mius_un18.out
/home/hs/hvdisp/coadd/results/starlight/z0_s3l_robust_erem2_comb_mix1.out
/home/hs/hvdisp/coadd/results/starlight/z0_s3l_robust_erem2_comb_mix2.out
/home/hs/hvdisp/coadd/results/starlight/z0_s3l_robust_erem2_comb_mix3.out
/home/hs/hvdisp/coadd/results/starlight/z0_s3l_robust_erem2_mius_ku13.out
/home/hs/hvdisp/coadd/results/starlight/z0_s3l_robust_erem2_mius_mix1.out
/home/hs/hvdisp/coadd/results/starlight/z0_s3l_robust_erem2_mius_un08.out
/home/hs/hvdisp/coadd/results/starlight/z0_s3l_robust_erem2_mius_un13.out
/home/hs/hvdisp/coadd/results/starlight/z0_s3l_robust_erem2_mius_un18.out
/home/hs/hvdisp/coadd/results/starlight/z0_s3l_robust_eremf_comb_mix1.out
/home/hs/hvdisp/coadd/results/starlight/z0_s3l_robust_eremf_comb_mix2.out
/home/hs/hvdisp/coadd/results/starlight/z0_s3l_robust_eremf_comb_mix3.out
/home/hs/hvdisp/coadd/results/starlight/z0_s3l_robust_eremf_mius_ku13.out
/home/hs/hvdisp/coadd/results/starlight/z0_s3l_robust_eremf_mius_mix1.out
/home/hs/hvdisp/coadd/results/starlight/z0_s3l_robust_eremf_mius_un08.out
/home/hs/hvdisp/coadd/results/starlight/z0_s3l_robust_eremf_mius_un13.out
/home/hs/hvdisp/coadd/results/starlight/z0_s3l_robust_eremf_mius_un18.out
/home/hs/hvdisp/coadd/results/starlight/z0_s3l_robust_full1_comb_mix1.out
/home/hs/hvdisp/coadd/results/starlight/z0_s3l_robust_full1_comb_mix2.out
/home/hs/hvdisp/coadd/results/starlight/z0_s3l_robust_full1_comb_mix3.out
/home/hs/hvdisp/coadd/results/starlight/z0_s3l_robust_full1_mius_ku13.out
/home/hs/hvdisp/coadd/results/starlight/z0_s3l_robust_full1_mius_mix1.out
/home/hs/hvdisp/coadd/results/starlight/z0_s3l_robust_full1_mius_un08.out
/home/hs/hvdisp/coadd/results/starlight/z0_s3l_robust_full1_mius_un13.out
/home/hs/hvdisp/coadd/results/starlight/z0_s3l_robust_full1_mius_un18.out
/home/hs/hvdisp/coadd/results/starlight/z0_s3l_robust_full2_comb_mix1.out
/home/hs/hvdisp/coadd/results/starlight/z0_s3l_robust_full2_comb_mix2.out
/home/hs/hvdisp/coadd/results/starlight/z0_s3l_robust_full2_comb_mix3.out
/home/hs/hvdisp/coadd/results/starlight/z0_s3l_robust_full2_mius_ku13.out
/home/hs/hvdisp/coadd/results/starlight/z0_s3l_robust_full2_mius_mix1.out
/home/hs/hvdisp/coadd/results/starlight/z0_s3l_robust_full2_mius_un08.out
/home/hs/hvdisp/coadd/results/starlight/z0_s3l_robust_full2_mius_un13.out
/home/hs/hvdisp/coadd/results/starlight/z0_s3l_robust_full2_mius_un18.out
/home/hs/hvdisp/coadd/results/starlight/z0_s4l_robust_erem1_comb_mix1.out
/home/hs/hvdisp/coadd/results/starlight/z0_s4l_robust_erem1_comb_mix2.out
/home/hs/hvdisp/coadd/results/starlight/z0_s4l_robust_erem1_comb_mix3.out
/home/hs/hvdisp/coadd/results/starlight/z0_s4l_robust_erem1_mius_ku13.out
/home/hs/hvdisp/coadd/results/starlight/z0_s4l_robust_erem1_mius_mix1.out
/home/hs/hvdisp/coadd/results/starlight/z0_s4l_robust_erem1_mius_un08.out
/home/hs/hvdisp/coadd/results/starlight/z0_s4l_robust_erem1_mius_un13.out
/home/hs/hvdisp/coadd/results/starlight/z0_s4l_robust_erem1_mius_un18.out
/home/hs/hvdisp/coadd/results/starlight/z0_s4l_robust_erem2_comb_mix1.out
/home/hs/hvdisp/coadd/results/starlight/z0_s4l_robust_erem2_comb_mix2.out
/home/hs/hvdisp/coadd/results/starlight/z0_s4l_robust_erem2_comb_mix3.out
/home/hs/hvdisp/coadd/results/starlight/z0_s4l_robust_erem2_mius_ku13.out
/home/hs/hvdisp/coadd/results/starlight/z0_s4l_robust_erem2_mius_mix1.out
/home/hs/hvdisp/coadd/results/starlight/z0_s4l_robust_erem2_mius_un08.out
/home/hs/hvdisp/coadd/results/starlight/z0_s4l_robust_erem2_mius_un13.out
/home/hs/hvdisp/coadd/results/starlight/z0_s4l_robust_erem2_mius_un18.out
/home/hs/hvdisp/coadd/results/starlight/z0_s4l_robust_eremf_comb_mix1.out
/home/hs/hvdisp/coadd/results/starlight/z0_s4l_robust_eremf_comb_mix2.out
/home/hs/hvdisp/coadd/results/starlight/z0_s4l_robust_eremf_comb_mix3.out
/home/hs/hvdisp/coadd/results/starlight/z0_s4l_robust_eremf_mius_ku13.out
/home/hs/hvdisp/coadd/results/starlight/z0_s4l_robust_eremf_mius_mix1.out
/home/hs/hvdisp/coadd/results/starlight/z0_s4l_robust_eremf_mius_un08.out
/home/hs/hvdisp/coadd/results/starlight/z0_s4l_robust_eremf_mius_un13.out
/home/hs/hvdisp/coadd/results/starlight/z0_s4l_robust_eremf_mius_un18.out
/home/hs/hvdisp/coadd/results/starlight/z0_s4l_robust_full1_comb_mix1.out
/home/hs/hvdisp/coadd/results/starlight/z0_s4l_robust_full1_comb_mix2.out
/home/hs/hvdisp/coadd/results/starlight/z0_s4l_robust_full1_comb_mix3.out
/home/hs/hvdisp/coadd/results/starlight/z0_s4l_robust_full1_mius_ku13.out
/home/hs/hvdisp/coadd/results/starlight/z0_s4l_robust_full1_mius_mix1.out
/home/hs/hvdisp/coadd/results/starlight/z0_s4l_robust_full1_mius_un08.out
/home/hs/hvdisp/coadd/results/starlight/z0_s4l_robust_full1_mius_un13.out
/home/hs/hvdisp/coadd/results/starlight/z0_s4l_robust_full1_mius_un18.out
/home/hs/hvdisp/coadd/results/starlight/z0_s4l_robust_full2_comb_mix1.out
/home/hs/hvdisp/coadd/results/starlight/z0_s4l_robust_full2_comb_mix2.out
/home/hs/hvdisp/coadd/results/starlight/z0_s4l_robust_full2_comb_mix3.out
/home/hs/hvdisp/coadd/results/starlight/z0_s4l_robust_full2_mius_ku13.out
/home/hs/hvdisp/coadd/results/starlight/z0_s4l_robust_full2_mius_mix1.out
/home/hs/hvdisp/coadd/results/starlight/z0_s4l_robust_full2_mius_un08.out
/home/hs/hvdisp/coadd/results/starlight/z0_s4l_robust_full2_mius_un13.out
/home/hs/hvdisp/coadd/results/starlight/z0_s4l_robust_full2_mius_un18.out
/home/hs/hvdisp/coadd/results/starlight/z0_s5l_robust_erem1_comb_mix1.out
/home/hs/hvdisp/coadd/results/starlight/z0_s5l_robust_erem1_comb_mix2.out
/home/hs/hvdisp/coadd/results/starlight/z0_s5l_robust_erem1_comb_mix3.out
/home/hs/hvdisp/coadd/results/starlight/z0_s5l_robust_erem1_mius_ku13.out
/home/hs/hvdisp/coadd/results/starlight/z0_s5l_robust_erem1_mius_mix1.out
/home/hs/hvdisp/coadd/results/starlight/z0_s5l_robust_erem1_mius_un08.out
/home/hs/hvdisp/coadd/results/starlight/z0_s5l_robust_erem1_mius_un13.out
/home/hs/hvdisp/coadd/results/starlight/z0_s5l_robust_erem1_mius_un18.out
/home/hs/hvdisp/coadd/results/starlight/z0_s5l_robust_erem2_comb_mix1.out
/home/hs/hvdisp/coadd/results/starlight/z0_s5l_robust_erem2_comb_mix2.out
/home/hs/hvdisp/coadd/results/starlight/z0_s5l_robust_erem2_comb_mix3.out
/home/hs/hvdisp/coadd/results/starlight/z0_s5l_robust_erem2_mius_ku13.out
/home/hs/hvdisp/coadd/results/starlight/z0_s5l_robust_erem2_mius_mix1.out
/home/hs/hvdisp/coadd/results/starlight/z0_s5l_robust_erem2_mius_un08.out
/home/hs/hvdisp/coadd/results/starlight/z0_s5l_robust_erem2_mius_un13.out
/home/hs/hvdisp/coadd/results/starlight/z0_s5l_robust_erem2_mius_un18.out
/home/hs/hvdisp/coadd/results/starlight/z0_s5l_robust_eremf_comb_mix1.out
/home/hs/hvdisp/coadd/results/starlight/z0_s5l_robust_eremf_comb_mix2.out
/home/hs/hvdisp/coadd/results/starlight/z0_s5l_robust_eremf_comb_mix3.out
/home/hs/hvdisp/coadd/results/starlight/z0_s5l_robust_eremf_mius_ku13.out
/home/hs/hvdisp/coadd/results/starlight/z0_s5l_robust_eremf_mius_mix1.out
/home/hs/hvdisp/coadd/results/starlight/z0_s5l_robust_eremf_mius_un08.out
/home/hs/hvdisp/coadd/results/starlight/z0_s5l_robust_eremf_mius_un13.out
/home/hs/hvdisp/coadd/results/starlight/z0_s5l_robust_eremf_mius_un18.out
/home/hs/hvdisp/coadd/results/starlight/z0_s5l_robust_full1_comb_mix1.out
/home/hs/hvdisp/coadd/results/starlight/z0_s5l_robust_full1_comb_mix2.out
/home/hs/hvdisp/coadd/results/starlight/z0_s5l_robust_full1_comb_mix3.out
/home/hs/hvdisp/coadd/results/starlight/z0_s5l_robust_full1_mius_ku13.out
/home/hs/hvdisp/coadd/results/starlight/z0_s5l_robust_full1_mius_mix1.out
/home/hs/hvdisp/coadd/results/starlight/z0_s5l_robust_full1_mius_un08.out
/home/hs/hvdisp/coadd/results/starlight/z0_s5l_robust_full1_mius_un13.out
/home/hs/hvdisp/coadd/results/starlight/z0_s5l_robust_full1_mius_un18.out
/home/hs/hvdisp/coadd/results/starlight/z0_s5l_robust_full2_comb_mix1.out
/home/hs/hvdisp/coadd/results/starlight/z0_s5l_robust_full2_comb_mix2.out
/home/hs/hvdisp/coadd/results/starlight/z0_s5l_robust_full2_comb_mix3.out
/home/hs/hvdisp/coadd/results/starlight/z0_s5l_robust_full2_mius_ku13.out
/home/hs/hvdisp/coadd/results/starlight/z0_s5l_robust_full2_mius_mix1.out
/home/hs/hvdisp/coadd/results/starlight/z0_s5l_robust_full2_mius_un08.out
/home/hs/hvdisp/coadd/results/starlight/z0_s5l_robust_full2_mius_un13.out
/home/hs/hvdisp/coadd/results/starlight/z0_s5l_robust_full2_mius_un18.out
/home/hs/hvdisp/coadd/results/starlight/z0_s6l_robust_erem1_comb_mix1.out
/home/hs/hvdisp/coadd/results/starlight/z0_s6l_robust_erem1_comb_mix2.out
/home/hs/hvdisp/coadd/results/starlight/z0_s6l_robust_erem1_comb_mix3.out
/home/hs/hvdisp/coadd/results/starlight/z0_s6l_robust_erem1_mius_ku13.out
/home/hs/hvdisp/coadd/results/starlight/z0_s6l_robust_erem1_mius_mix1.out
/home/hs/hvdisp/coadd/results/starlight/z0_s6l_robust_erem1_mius_un08.out
/home/hs/hvdisp/coadd/results/starlight/z0_s6l_robust_erem1_mius_un13.out
/home/hs/hvdisp/coadd/results/starlight/z0_s6l_robust_erem1_mius_un18.out
/home/hs/hvdisp/coadd/results/starlight/z0_s6l_robust_erem2_comb_mix1.out
/home/hs/hvdisp/coadd/results/starlight/z0_s6l_robust_erem2_comb_mix2.out
/home/hs/hvdisp/coadd/results/starlight/z0_s6l_robust_erem2_comb_mix3.out
/home/hs/hvdisp/coadd/results/starlight/z0_s6l_robust_erem2_mius_ku13.out
/home/hs/hvdisp/coadd/results/starlight/z0_s6l_robust_erem2_mius_mix1.out
/home/hs/hvdisp/coadd/results/starlight/z0_s6l_robust_erem2_mius_un08.out
/home/hs/hvdisp/coadd/results/starlight/z0_s6l_robust_erem2_mius_un13.out
/home/hs/hvdisp/coadd/results/starlight/z0_s6l_robust_erem2_mius_un18.out
/home/hs/hvdisp/coadd/results/starlight/z0_s6l_robust_eremf_comb_mix1.out
/home/hs/hvdisp/coadd/results/starlight/z0_s6l_robust_eremf_comb_mix2.out
/home/hs/hvdisp/coadd/results/starlight/z0_s6l_robust_eremf_comb_mix3.out
/home/hs/hvdisp/coadd/results/starlight/z0_s6l_robust_eremf_mius_ku13.out
/home/hs/hvdisp/coadd/results/starlight/z0_s6l_robust_eremf_mius_mix1.out
/home/hs/hvdisp/coadd/results/starlight/z0_s6l_robust_eremf_mius_un08.out
/home/hs/hvdisp/coadd/results/starlight/z0_s6l_robust_eremf_mius_un13.out
/home/hs/hvdisp/coadd/results/starlight/z0_s6l_robust_eremf_mius_un18.out
/home/hs/hvdisp/coadd/results/starlight/z0_s6l_robust_full1_comb_mix1.out
/home/hs/hvdisp/coadd/results/starlight/z0_s6l_robust_full1_comb_mix2.out
/home/hs/hvdisp/coadd/results/starlight/z0_s6l_robust_full1_comb_mix3.out
/home/hs/hvdisp/coadd/results/starlight/z0_s6l_robust_full1_mius_ku13.out
/home/hs/hvdisp/coadd/results/starlight/z0_s6l_robust_full1_mius_mix1.out
/home/hs/hvdisp/coadd/results/starlight/z0_s6l_robust_full1_mius_un08.out
/home/hs/hvdisp/coadd/results/starlight/z0_s6l_robust_full1_mius_un13.out
/home/hs/hvdisp/coadd/results/starlight/z0_s6l_robust_full1_mius_un18.out
/home/hs/hvdisp/coadd/results/starlight/z0_s6l_robust_full2_comb_mix1.out
/home/hs/hvdisp/coadd/results/starlight/z0_s6l_robust_full2_comb_mix2.out
/home/hs/hvdisp/coadd/results/starlight/z0_s6l_robust_full2_comb_mix3.out
/home/hs/hvdisp/coadd/results/starlight/z0_s6l_robust_full2_mius_ku13.out
/home/hs/hvdisp/coadd/results/starlight/z0_s6l_robust_full2_mius_mix1.out
/home/hs/hvdisp/coadd/results/starlight/z0_s6l_robust_full2_mius_un08.out
/home/hs/hvdisp/coadd/results/starlight/z0_s6l_robust_full2_mius_un13.out
/home/hs/hvdisp/coadd/results/starlight/z0_s6l_robust_full2_mius_un18.out
/home/hs/hvdisp/coadd/results/starlight/z0_s7l_robust_erem1_comb_mix1.out
/home/hs/hvdisp/coadd/results/starlight/z0_s7l_robust_erem1_comb_mix2.out
/home/hs/hvdisp/coadd/results/starlight/z0_s7l_robust_erem1_comb_mix3.out
/home/hs/hvdisp/coadd/results/starlight/z0_s7l_robust_erem1_mius_ku13.out
/home/hs/hvdisp/coadd/results/starlight/z0_s7l_robust_erem1_mius_mix1.out
/home/hs/hvdisp/coadd/results/starlight/z0_s7l_robust_erem1_mius_un08.out
/home/hs/hvdisp/coadd/results/starlight/z0_s7l_robust_erem1_mius_un13.out
/home/hs/hvdisp/coadd/results/starlight/z0_s7l_robust_erem1_mius_un18.out
/home/hs/hvdisp/coadd/results/starlight/z0_s7l_robust_erem2_comb_mix1.out
/home/hs/hvdisp/coadd/results/starlight/z0_s7l_robust_erem2_comb_mix2.out
/home/hs/hvdisp/coadd/results/starlight/z0_s7l_robust_erem2_comb_mix3.out
/home/hs/hvdisp/coadd/results/starlight/z0_s7l_robust_erem2_mius_ku13.out
/home/hs/hvdisp/coadd/results/starlight/z0_s7l_robust_erem2_mius_mix1.out
/home/hs/hvdisp/coadd/results/starlight/z0_s7l_robust_erem2_mius_un08.out
/home/hs/hvdisp/coadd/results/starlight/z0_s7l_robust_erem2_mius_un13.out
/home/hs/hvdisp/coadd/results/starlight/z0_s7l_robust_erem2_mius_un18.out
/home/hs/hvdisp/coadd/results/starlight/z0_s7l_robust_eremf_comb_mix1.out
/home/hs/hvdisp/coadd/results/starlight/z0_s7l_robust_eremf_comb_mix2.out
/home/hs/hvdisp/coadd/results/starlight/z0_s7l_robust_eremf_comb_mix3.out
/home/hs/hvdisp/coadd/results/starlight/z0_s7l_robust_eremf_mius_ku13.out
/home/hs/hvdisp/coadd/results/starlight/z0_s7l_robust_eremf_mius_mix1.out
/home/hs/hvdisp/coadd/results/starlight/z0_s7l_robust_eremf_mius_un08.out
/home/hs/hvdisp/coadd/results/starlight/z0_s7l_robust_eremf_mius_un13.out
/home/hs/hvdisp/coadd/results/starlight/z0_s7l_robust_eremf_mius_un18.out
/home/hs/hvdisp/coadd/results/starlight/z0_s7l_robust_full1_comb_mix1.out
/home/hs/hvdisp/coadd/results/starlight/z0_s7l_robust_full1_comb_mix2.out
/home/hs/hvdisp/coadd/results/starlight/z0_s7l_robust_full1_comb_mix3.out
/home/hs/hvdisp/coadd/results/starlight/z0_s7l_robust_full1_mius_ku13.out
/home/hs/hvdisp/coadd/results/starlight/z0_s7l_robust_full1_mius_mix1.out
/home/hs/hvdisp/coadd/results/starlight/z0_s7l_robust_full1_mius_un08.out
/home/hs/hvdisp/coadd/results/starlight/z0_s7l_robust_full1_mius_un13.out
/home/hs/hvdisp/coadd/results/starlight/z0_s7l_robust_full1_mius_un18.out
/home/hs/hvdisp/coadd/results/starlight/z0_s7l_robust_full2_comb_mix1.out
/home/hs/hvdisp/coadd/results/starlight/z0_s7l_robust_full2_comb_mix2.out
/home/hs/hvdisp/coadd/results/starlight/z0_s7l_robust_full2_comb_mix3.out
/home/hs/hvdisp/coadd/results/starlight/z0_s7l_robust_full2_mius_ku13.out
/home/hs/hvdisp/coadd/results/starlight/z0_s7l_robust_full2_mius_mix1.out
/home/hs/hvdisp/coadd/results/starlight/z0_s7l_robust_full2_mius_un08.out
/home/hs/hvdisp/coadd/results/starlight/z0_s7l_robust_full2_mius_un13.out
/home/hs/hvdisp/coadd/results/starlight/z0_s7l_robust_full2_mius_un18.out
/home/hs/hvdisp/coadd/results/starlight/z0_s8l_robust_erem1_comb_mix1.out
/home/hs/hvdisp/coadd/results/starlight/z0_s8l_robust_erem1_comb_mix2.out
/home/hs/hvdisp/coadd/results/starlight/z0_s8l_robust_erem1_comb_mix3.out
/home/hs/hvdisp/coadd/results/starlight/z0_s8l_robust_erem1_mius_ku13.out
/home/hs/hvdisp/coadd/results/starlight/z0_s8l_robust_erem1_mius_mix1.out
/home/hs/hvdisp/coadd/results/starlight/z0_s8l_robust_erem1_mius_un08.out
/home/hs/hvdisp/coadd/results/starlight/z0_s8l_robust_erem1_mius_un13.out
/home/hs/hvdisp/coadd/results/starlight/z0_s8l_robust_erem1_mius_un18.out
/home/hs/hvdisp/coadd/results/starlight/z0_s8l_robust_erem2_comb_mix1.out
/home/hs/hvdisp/coadd/results/starlight/z0_s8l_robust_erem2_comb_mix2.out
/home/hs/hvdisp/coadd/results/starlight/z0_s8l_robust_erem2_comb_mix3.out
/home/hs/hvdisp/coadd/results/starlight/z0_s8l_robust_erem2_mius_ku13.out
/home/hs/hvdisp/coadd/results/starlight/z0_s8l_robust_erem2_mius_mix1.out
/home/hs/hvdisp/coadd/results/starlight/z0_s8l_robust_erem2_mius_un08.out
/home/hs/hvdisp/coadd/results/starlight/z0_s8l_robust_erem2_mius_un13.out
/home/hs/hvdisp/coadd/results/starlight/z0_s8l_robust_erem2_mius_un18.out
/home/hs/hvdisp/coadd/results/starlight/z0_s8l_robust_eremf_comb_mix1.out
/home/hs/hvdisp/coadd/results/starlight/z0_s8l_robust_eremf_comb_mix2.out
/home/hs/hvdisp/coadd/results/starlight/z0_s8l_robust_eremf_comb_mix3.out
/home/hs/hvdisp/coadd/results/starlight/z0_s8l_robust_eremf_mius_ku13.out
/home/hs/hvdisp/coadd/results/starlight/z0_s8l_robust_eremf_mius_mix1.out
/home/hs/hvdisp/coadd/results/starlight/z0_s8l_robust_eremf_mius_un08.out
/home/hs/hvdisp/coadd/results/starlight/z0_s8l_robust_eremf_mius_un13.out
/home/hs/hvdisp/coadd/results/starlight/z0_s8l_robust_eremf_mius_un18.out
/home/hs/hvdisp/coadd/results/starlight/z0_s8l_robust_full1_comb_mix1.out
/home/hs/hvdisp/coadd/results/starlight/z0_s8l_robust_full1_comb_mix2.out
/home/hs/hvdisp/coadd/results/starlight/z0_s8l_robust_full1_comb_mix3.out
/home/hs/hvdisp/coadd/results/starlight/z0_s8l_robust_full1_mius_ku13.out
/home/hs/hvdisp/coadd/results/starlight/z0_s8l_robust_full1_mius_mix1.out
/home/hs/hvdisp/coadd/results/starlight/z0_s8l_robust_full1_mius_un08.out
/home/hs/hvdisp/coadd/results/starlight/z0_s8l_robust_full1_mius_un13.out
/home/hs/hvdisp/coadd/results/starlight/z0_s8l_robust_full1_mius_un18.out
/home/hs/hvdisp/coadd/results/starlight/z0_s8l_robust_full2_comb_mix1.out
/home/hs/hvdisp/coadd/results/starlight/z0_s8l_robust_full2_comb_mix2.out
/home/hs/hvdisp/coadd/results/starlight/z0_s8l_robust_full2_comb_mix3.out
/home/hs/hvdisp/coadd/results/starlight/z0_s8l_robust_full2_mius_ku13.out
/home/hs/hvdisp/coadd/results/starlight/z0_s8l_robust_full2_mius_mix1.out
/home/hs/hvdisp/coadd/results/starlight/z0_s8l_robust_full2_mius_un08.out
/home/hs/hvdisp/coadd/results/starlight/z0_s8l_robust_full2_mius_un13.out
/home/hs/hvdisp/coadd/results/starlight/z0_s8l_robust_full2_mius_un18.out
/home/hs/hvdisp/coadd/results/starlight/z1_s1l_robust_erem1_comb_mix1.out
/home/hs/hvdisp/coadd/results/starlight/z1_s1l_robust_erem1_comb_mix2.out
/home/hs/hvdisp/coadd/results/starlight/z1_s1l_robust_erem1_comb_mix3.out
/home/hs/hvdisp/coadd/results/starlight/z1_s1l_robust_erem1_mius_ku13.out
/home/hs/hvdisp/coadd/results/starlight/z1_s1l_robust_erem1_mius_mix1.out
/home/hs/hvdisp/coadd/results/starlight/z1_s1l_robust_erem1_mius_un08.out
/home/hs/hvdisp/coadd/results/starlight/z1_s1l_robust_erem1_mius_un13.out
/home/hs/hvdisp/coadd/results/starlight/z1_s1l_robust_erem1_mius_un18.out
/home/hs/hvdisp/coadd/results/starlight/z1_s1l_robust_erem2_comb_mix1.out
/home/hs/hvdisp/coadd/results/starlight/z1_s1l_robust_erem2_comb_mix2.out
/home/hs/hvdisp/coadd/results/starlight/z1_s1l_robust_erem2_comb_mix3.out
/home/hs/hvdisp/coadd/results/starlight/z1_s1l_robust_erem2_mius_ku13.out
/home/hs/hvdisp/coadd/results/starlight/z1_s1l_robust_erem2_mius_mix1.out
/home/hs/hvdisp/coadd/results/starlight/z1_s1l_robust_erem2_mius_un08.out
/home/hs/hvdisp/coadd/results/starlight/z1_s1l_robust_erem2_mius_un13.out
/home/hs/hvdisp/coadd/results/starlight/z1_s1l_robust_erem2_mius_un18.out
/home/hs/hvdisp/coadd/results/starlight/z1_s1l_robust_eremf_comb_mix1.out
/home/hs/hvdisp/coadd/results/starlight/z1_s1l_robust_eremf_comb_mix2.out
/home/hs/hvdisp/coadd/results/starlight/z1_s1l_robust_eremf_comb_mix3.out
/home/hs/hvdisp/coadd/results/starlight/z1_s1l_robust_eremf_mius_ku13.out
/home/hs/hvdisp/coadd/results/starlight/z1_s1l_robust_eremf_mius_mix1.out
/home/hs/hvdisp/coadd/results/starlight/z1_s1l_robust_eremf_mius_un08.out
/home/hs/hvdisp/coadd/results/starlight/z1_s1l_robust_eremf_mius_un13.out
/home/hs/hvdisp/coadd/results/starlight/z1_s1l_robust_eremf_mius_un18.out
/home/hs/hvdisp/coadd/results/starlight/z1_s1l_robust_full1_comb_mix1.out
/home/hs/hvdisp/coadd/results/starlight/z1_s1l_robust_full1_comb_mix2.out
/home/hs/hvdisp/coadd/results/starlight/z1_s1l_robust_full1_comb_mix3.out
/home/hs/hvdisp/coadd/results/starlight/z1_s1l_robust_full1_mius_ku13.out
/home/hs/hvdisp/coadd/results/starlight/z1_s1l_robust_full1_mius_mix1.out
/home/hs/hvdisp/coadd/results/starlight/z1_s1l_robust_full1_mius_un08.out
/home/hs/hvdisp/coadd/results/starlight/z1_s1l_robust_full1_mius_un13.out
/home/hs/hvdisp/coadd/results/starlight/z1_s1l_robust_full1_mius_un18.out
/home/hs/hvdisp/coadd/results/starlight/z1_s1l_robust_full2_comb_mix1.out
/home/hs/hvdisp/coadd/results/starlight/z1_s1l_robust_full2_comb_mix2.out
/home/hs/hvdisp/coadd/results/starlight/z1_s1l_robust_full2_comb_mix3.out
/home/hs/hvdisp/coadd/results/starlight/z1_s1l_robust_full2_mius_ku13.out
/home/hs/hvdisp/coadd/results/starlight/z1_s1l_robust_full2_mius_mix1.out
/home/hs/hvdisp/coadd/results/starlight/z1_s1l_robust_full2_mius_un08.out
/home/hs/hvdisp/coadd/results/starlight/z1_s1l_robust_full2_mius_un13.out
/home/hs/hvdisp/coadd/results/starlight/z1_s1l_robust_full2_mius_un18.out
/home/hs/hvdisp/coadd/results/starlight/z1_s2l_robust_erem1_comb_mix1.out
/home/hs/hvdisp/coadd/results/starlight/z1_s2l_robust_erem1_comb_mix2.out
/home/hs/hvdisp/coadd/results/starlight/z1_s2l_robust_erem1_comb_mix3.out
/home/hs/hvdisp/coadd/results/starlight/z1_s2l_robust_erem1_mius_ku13.out
/home/hs/hvdisp/coadd/results/starlight/z1_s2l_robust_erem1_mius_mix1.out
/home/hs/hvdisp/coadd/results/starlight/z1_s2l_robust_erem1_mius_un08.out
/home/hs/hvdisp/coadd/results/starlight/z1_s2l_robust_erem1_mius_un13.out
/home/hs/hvdisp/coadd/results/starlight/z1_s2l_robust_erem1_mius_un18.out
/home/hs/hvdisp/coadd/results/starlight/z1_s2l_robust_erem2_comb_mix1.out
/home/hs/hvdisp/coadd/results/starlight/z1_s2l_robust_erem2_comb_mix2.out
/home/hs/hvdisp/coadd/results/starlight/z1_s2l_robust_erem2_comb_mix3.out
/home/hs/hvdisp/coadd/results/starlight/z1_s2l_robust_erem2_mius_ku13.out
/home/hs/hvdisp/coadd/results/starlight/z1_s2l_robust_erem2_mius_mix1.out
/home/hs/hvdisp/coadd/results/starlight/z1_s2l_robust_erem2_mius_un08.out
/home/hs/hvdisp/coadd/results/starlight/z1_s2l_robust_erem2_mius_un13.out
/home/hs/hvdisp/coadd/results/starlight/z1_s2l_robust_erem2_mius_un18.out
/home/hs/hvdisp/coadd/results/starlight/z1_s2l_robust_eremf_comb_mix1.out
/home/hs/hvdisp/coadd/results/starlight/z1_s2l_robust_eremf_comb_mix2.out
/home/hs/hvdisp/coadd/results/starlight/z1_s2l_robust_eremf_comb_mix3.out
/home/hs/hvdisp/coadd/results/starlight/z1_s2l_robust_eremf_mius_ku13.out
/home/hs/hvdisp/coadd/results/starlight/z1_s2l_robust_eremf_mius_mix1.out
/home/hs/hvdisp/coadd/results/starlight/z1_s2l_robust_eremf_mius_un08.out
/home/hs/hvdisp/coadd/results/starlight/z1_s2l_robust_eremf_mius_un13.out
/home/hs/hvdisp/coadd/results/starlight/z1_s2l_robust_eremf_mius_un18.out
/home/hs/hvdisp/coadd/results/starlight/z1_s2l_robust_full1_comb_mix1.out
/home/hs/hvdisp/coadd/results/starlight/z1_s2l_robust_full1_comb_mix2.out
/home/hs/hvdisp/coadd/results/starlight/z1_s2l_robust_full1_comb_mix3.out
/home/hs/hvdisp/coadd/results/starlight/z1_s2l_robust_full1_mius_ku13.out
/home/hs/hvdisp/coadd/results/starlight/z1_s2l_robust_full1_mius_mix1.out
/home/hs/hvdisp/coadd/results/starlight/z1_s2l_robust_full1_mius_un08.out
/home/hs/hvdisp/coadd/results/starlight/z1_s2l_robust_full1_mius_un13.out
/home/hs/hvdisp/coadd/results/starlight/z1_s2l_robust_full1_mius_un18.out
/home/hs/hvdisp/coadd/results/starlight/z1_s2l_robust_full2_comb_mix1.out
/home/hs/hvdisp/coadd/results/starlight/z1_s2l_robust_full2_comb_mix2.out
/home/hs/hvdisp/coadd/results/starlight/z1_s2l_robust_full2_comb_mix3.out
/home/hs/hvdisp/coadd/results/starlight/z1_s2l_robust_full2_mius_ku13.out
/home/hs/hvdisp/coadd/results/starlight/z1_s2l_robust_full2_mius_mix1.out
/home/hs/hvdisp/coadd/results/starlight/z1_s2l_robust_full2_mius_un08.out
/home/hs/hvdisp/coadd/results/starlight/z1_s2l_robust_full2_mius_un13.out
/home/hs/hvdisp/coadd/results/starlight/z1_s2l_robust_full2_mius_un18.out
/home/hs/hvdisp/coadd/results/starlight/z1_s3l_robust_erem1_comb_mix1.out
/home/hs/hvdisp/coadd/results/starlight/z1_s3l_robust_erem1_comb_mix2.out
/home/hs/hvdisp/coadd/results/starlight/z1_s3l_robust_erem1_comb_mix3.out
/home/hs/hvdisp/coadd/results/starlight/z1_s3l_robust_erem1_mius_ku13.out
/home/hs/hvdisp/coadd/results/starlight/z1_s3l_robust_erem1_mius_mix1.out
/home/hs/hvdisp/coadd/results/starlight/z1_s3l_robust_erem1_mius_un08.out
/home/hs/hvdisp/coadd/results/starlight/z1_s3l_robust_erem1_mius_un13.out
/home/hs/hvdisp/coadd/results/starlight/z1_s3l_robust_erem1_mius_un18.out
/home/hs/hvdisp/coadd/results/starlight/z1_s3l_robust_erem2_comb_mix1.out
/home/hs/hvdisp/coadd/results/starlight/z1_s3l_robust_erem2_comb_mix2.out
/home/hs/hvdisp/coadd/results/starlight/z1_s3l_robust_erem2_comb_mix3.out
/home/hs/hvdisp/coadd/results/starlight/z1_s3l_robust_erem2_mius_ku13.out
/home/hs/hvdisp/coadd/results/starlight/z1_s3l_robust_erem2_mius_mix1.out
/home/hs/hvdisp/coadd/results/starlight/z1_s3l_robust_erem2_mius_un08.out
/home/hs/hvdisp/coadd/results/starlight/z1_s3l_robust_erem2_mius_un13.out
/home/hs/hvdisp/coadd/results/starlight/z1_s3l_robust_erem2_mius_un18.out
/home/hs/hvdisp/coadd/results/starlight/z1_s3l_robust_eremf_comb_mix1.out
/home/hs/hvdisp/coadd/results/starlight/z1_s3l_robust_eremf_comb_mix2.out
/home/hs/hvdisp/coadd/results/starlight/z1_s3l_robust_eremf_comb_mix3.out
/home/hs/hvdisp/coadd/results/starlight/z1_s3l_robust_eremf_mius_ku13.out
/home/hs/hvdisp/coadd/results/starlight/z1_s3l_robust_eremf_mius_mix1.out
/home/hs/hvdisp/coadd/results/starlight/z1_s3l_robust_eremf_mius_un08.out
/home/hs/hvdisp/coadd/results/starlight/z1_s3l_robust_eremf_mius_un13.out
/home/hs/hvdisp/coadd/results/starlight/z1_s3l_robust_eremf_mius_un18.out
/home/hs/hvdisp/coadd/results/starlight/z1_s3l_robust_full1_comb_mix1.out
/home/hs/hvdisp/coadd/results/starlight/z1_s3l_robust_full1_comb_mix2.out
/home/hs/hvdisp/coadd/results/starlight/z1_s3l_robust_full1_comb_mix3.out
/home/hs/hvdisp/coadd/results/starlight/z1_s3l_robust_full1_mius_ku13.out
/home/hs/hvdisp/coadd/results/starlight/z1_s3l_robust_full1_mius_mix1.out
/home/hs/hvdisp/coadd/results/starlight/z1_s3l_robust_full1_mius_un08.out
/home/hs/hvdisp/coadd/results/starlight/z1_s3l_robust_full1_mius_un13.out
/home/hs/hvdisp/coadd/results/starlight/z1_s3l_robust_full1_mius_un18.out
/home/hs/hvdisp/coadd/results/starlight/z1_s3l_robust_full2_comb_mix1.out
/home/hs/hvdisp/coadd/results/starlight/z1_s3l_robust_full2_comb_mix2.out
/home/hs/hvdisp/coadd/results/starlight/z1_s3l_robust_full2_comb_mix3.out
/home/hs/hvdisp/coadd/results/starlight/z1_s3l_robust_full2_mius_ku13.out
/home/hs/hvdisp/coadd/results/starlight/z1_s3l_robust_full2_mius_mix1.out
/home/hs/hvdisp/coadd/results/starlight/z1_s3l_robust_full2_mius_un08.out
/home/hs/hvdisp/coadd/results/starlight/z1_s3l_robust_full2_mius_un13.out
/home/hs/hvdisp/coadd/results/starlight/z1_s3l_robust_full2_mius_un18.out
/home/hs/hvdisp/coadd/results/starlight/z1_s4l_robust_erem1_comb_mix1.out
/home/hs/hvdisp/coadd/results/starlight/z1_s4l_robust_erem1_comb_mix2.out
/home/hs/hvdisp/coadd/results/starlight/z1_s4l_robust_erem1_comb_mix3.out
/home/hs/hvdisp/coadd/results/starlight/z1_s4l_robust_erem1_mius_ku13.out
/home/hs/hvdisp/coadd/results/starlight/z1_s4l_robust_erem1_mius_mix1.out
/home/hs/hvdisp/coadd/results/starlight/z1_s4l_robust_erem1_mius_un08.out
/home/hs/hvdisp/coadd/results/starlight/z1_s4l_robust_erem1_mius_un13.out
/home/hs/hvdisp/coadd/results/starlight/z1_s4l_robust_erem1_mius_un18.out
/home/hs/hvdisp/coadd/results/starlight/z1_s4l_robust_erem2_comb_mix1.out
/home/hs/hvdisp/coadd/results/starlight/z1_s4l_robust_erem2_comb_mix2.out
/home/hs/hvdisp/coadd/results/starlight/z1_s4l_robust_erem2_comb_mix3.out
/home/hs/hvdisp/coadd/results/starlight/z1_s4l_robust_erem2_mius_ku13.out
/home/hs/hvdisp/coadd/results/starlight/z1_s4l_robust_erem2_mius_mix1.out
/home/hs/hvdisp/coadd/results/starlight/z1_s4l_robust_erem2_mius_un08.out
/home/hs/hvdisp/coadd/results/starlight/z1_s4l_robust_erem2_mius_un13.out
/home/hs/hvdisp/coadd/results/starlight/z1_s4l_robust_erem2_mius_un18.out
/home/hs/hvdisp/coadd/results/starlight/z1_s4l_robust_eremf_comb_mix1.out
/home/hs/hvdisp/coadd/results/starlight/z1_s4l_robust_eremf_comb_mix2.out
/home/hs/hvdisp/coadd/results/starlight/z1_s4l_robust_eremf_comb_mix3.out
/home/hs/hvdisp/coadd/results/starlight/z1_s4l_robust_eremf_mius_ku13.out
/home/hs/hvdisp/coadd/results/starlight/z1_s4l_robust_eremf_mius_mix1.out
/home/hs/hvdisp/coadd/results/starlight/z1_s4l_robust_eremf_mius_un08.out
/home/hs/hvdisp/coadd/results/starlight/z1_s4l_robust_eremf_mius_un13.out
/home/hs/hvdisp/coadd/results/starlight/z1_s4l_robust_eremf_mius_un18.out
/home/hs/hvdisp/coadd/results/starlight/z1_s4l_robust_full1_comb_mix1.out
/home/hs/hvdisp/coadd/results/starlight/z1_s4l_robust_full1_comb_mix2.out
/home/hs/hvdisp/coadd/results/starlight/z1_s4l_robust_full1_comb_mix3.out
/home/hs/hvdisp/coadd/results/starlight/z1_s4l_robust_full1_mius_ku13.out
/home/hs/hvdisp/coadd/results/starlight/z1_s4l_robust_full1_mius_mix1.out
/home/hs/hvdisp/coadd/results/starlight/z1_s4l_robust_full1_mius_un08.out
/home/hs/hvdisp/coadd/results/starlight/z1_s4l_robust_full1_mius_un13.out
/home/hs/hvdisp/coadd/results/starlight/z1_s4l_robust_full1_mius_un18.out
/home/hs/hvdisp/coadd/results/starlight/z1_s4l_robust_full2_comb_mix1.out
/home/hs/hvdisp/coadd/results/starlight/z1_s4l_robust_full2_comb_mix2.out
/home/hs/hvdisp/coadd/results/starlight/z1_s4l_robust_full2_comb_mix3.out
/home/hs/hvdisp/coadd/results/starlight/z1_s4l_robust_full2_mius_ku13.out
/home/hs/hvdisp/coadd/results/starlight/z1_s4l_robust_full2_mius_mix1.out
/home/hs/hvdisp/coadd/results/starlight/z1_s4l_robust_full2_mius_un08.out
/home/hs/hvdisp/coadd/results/starlight/z1_s4l_robust_full2_mius_un13.out
/home/hs/hvdisp/coadd/results/starlight/z1_s4l_robust_full2_mius_un18.out
/home/hs/hvdisp/coadd/results/starlight/z1_s5l_robust_erem1_comb_mix1.out
/home/hs/hvdisp/coadd/results/starlight/z1_s5l_robust_erem1_comb_mix2.out
/home/hs/hvdisp/coadd/results/starlight/z1_s5l_robust_erem1_comb_mix3.out
/home/hs/hvdisp/coadd/results/starlight/z1_s5l_robust_erem1_mius_ku13.out
/home/hs/hvdisp/coadd/results/starlight/z1_s5l_robust_erem1_mius_mix1.out
/home/hs/hvdisp/coadd/results/starlight/z1_s5l_robust_erem1_mius_un08.out
/home/hs/hvdisp/coadd/results/starlight/z1_s5l_robust_erem1_mius_un13.out
/home/hs/hvdisp/coadd/results/starlight/z1_s5l_robust_erem1_mius_un18.out
/home/hs/hvdisp/coadd/results/starlight/z1_s5l_robust_erem2_comb_mix1.out
/home/hs/hvdisp/coadd/results/starlight/z1_s5l_robust_erem2_comb_mix2.out
/home/hs/hvdisp/coadd/results/starlight/z1_s5l_robust_erem2_comb_mix3.out
/home/hs/hvdisp/coadd/results/starlight/z1_s5l_robust_erem2_mius_ku13.out
/home/hs/hvdisp/coadd/results/starlight/z1_s5l_robust_erem2_mius_mix1.out
/home/hs/hvdisp/coadd/results/starlight/z1_s5l_robust_erem2_mius_un08.out
/home/hs/hvdisp/coadd/results/starlight/z1_s5l_robust_erem2_mius_un13.out
/home/hs/hvdisp/coadd/results/starlight/z1_s5l_robust_erem2_mius_un18.out
/home/hs/hvdisp/coadd/results/starlight/z1_s5l_robust_eremf_comb_mix1.out
/home/hs/hvdisp/coadd/results/starlight/z1_s5l_robust_eremf_comb_mix2.out
/home/hs/hvdisp/coadd/results/starlight/z1_s5l_robust_eremf_comb_mix3.out
/home/hs/hvdisp/coadd/results/starlight/z1_s5l_robust_eremf_mius_ku13.out
/home/hs/hvdisp/coadd/results/starlight/z1_s5l_robust_eremf_mius_mix1.out
/home/hs/hvdisp/coadd/results/starlight/z1_s5l_robust_eremf_mius_un08.out
/home/hs/hvdisp/coadd/results/starlight/z1_s5l_robust_eremf_mius_un13.out
/home/hs/hvdisp/coadd/results/starlight/z1_s5l_robust_eremf_mius_un18.out
/home/hs/hvdisp/coadd/results/starlight/z1_s5l_robust_full1_comb_mix1.out
/home/hs/hvdisp/coadd/results/starlight/z1_s5l_robust_full1_comb_mix2.out
/home/hs/hvdisp/coadd/results/starlight/z1_s5l_robust_full1_comb_mix3.out
/home/hs/hvdisp/coadd/results/starlight/z1_s5l_robust_full1_mius_ku13.out
/home/hs/hvdisp/coadd/results/starlight/z1_s5l_robust_full1_mius_mix1.out
/home/hs/hvdisp/coadd/results/starlight/z1_s5l_robust_full1_mius_un08.out
/home/hs/hvdisp/coadd/results/starlight/z1_s5l_robust_full1_mius_un13.out
/home/hs/hvdisp/coadd/results/starlight/z1_s5l_robust_full1_mius_un18.out
/home/hs/hvdisp/coadd/results/starlight/z1_s5l_robust_full2_comb_mix1.out
/home/hs/hvdisp/coadd/results/starlight/z1_s5l_robust_full2_comb_mix2.out
/home/hs/hvdisp/coadd/results/starlight/z1_s5l_robust_full2_comb_mix3.out
/home/hs/hvdisp/coadd/results/starlight/z1_s5l_robust_full2_mius_ku13.out
/home/hs/hvdisp/coadd/results/starlight/z1_s5l_robust_full2_mius_mix1.out
/home/hs/hvdisp/coadd/results/starlight/z1_s5l_robust_full2_mius_un08.out
/home/hs/hvdisp/coadd/results/starlight/z1_s5l_robust_full2_mius_un13.out
/home/hs/hvdisp/coadd/results/starlight/z1_s5l_robust_full2_mius_un18.out
/home/hs/hvdisp/coadd/results/starlight/z1_s6l_robust_erem1_comb_mix1.out
/home/hs/hvdisp/coadd/results/starlight/z1_s6l_robust_erem1_comb_mix2.out
/home/hs/hvdisp/coadd/results/starlight/z1_s6l_robust_erem1_comb_mix3.out
/home/hs/hvdisp/coadd/results/starlight/z1_s6l_robust_erem1_mius_ku13.out
/home/hs/hvdisp/coadd/results/starlight/z1_s6l_robust_erem1_mius_mix1.out
/home/hs/hvdisp/coadd/results/starlight/z1_s6l_robust_erem1_mius_un08.out
/home/hs/hvdisp/coadd/results/starlight/z1_s6l_robust_erem1_mius_un13.out
/home/hs/hvdisp/coadd/results/starlight/z1_s6l_robust_erem1_mius_un18.out
/home/hs/hvdisp/coadd/results/starlight/z1_s6l_robust_erem2_comb_mix1.out
/home/hs/hvdisp/coadd/results/starlight/z1_s6l_robust_erem2_comb_mix2.out
/home/hs/hvdisp/coadd/results/starlight/z1_s6l_robust_erem2_comb_mix3.out
/home/hs/hvdisp/coadd/results/starlight/z1_s6l_robust_erem2_mius_ku13.out
/home/hs/hvdisp/coadd/results/starlight/z1_s6l_robust_erem2_mius_mix1.out
/home/hs/hvdisp/coadd/results/starlight/z1_s6l_robust_erem2_mius_un08.out
/home/hs/hvdisp/coadd/results/starlight/z1_s6l_robust_erem2_mius_un13.out
/home/hs/hvdisp/coadd/results/starlight/z1_s6l_robust_erem2_mius_un18.out
/home/hs/hvdisp/coadd/results/starlight/z1_s6l_robust_eremf_comb_mix1.out
/home/hs/hvdisp/coadd/results/starlight/z1_s6l_robust_eremf_comb_mix2.out
/home/hs/hvdisp/coadd/results/starlight/z1_s6l_robust_eremf_comb_mix3.out
/home/hs/hvdisp/coadd/results/starlight/z1_s6l_robust_eremf_mius_ku13.out
/home/hs/hvdisp/coadd/results/starlight/z1_s6l_robust_eremf_mius_mix1.out
/home/hs/hvdisp/coadd/results/starlight/z1_s6l_robust_eremf_mius_un08.out
/home/hs/hvdisp/coadd/results/starlight/z1_s6l_robust_eremf_mius_un13.out
/home/hs/hvdisp/coadd/results/starlight/z1_s6l_robust_eremf_mius_un18.out
/home/hs/hvdisp/coadd/results/starlight/z1_s6l_robust_full1_comb_mix1.out
/home/hs/hvdisp/coadd/results/starlight/z1_s6l_robust_full1_comb_mix2.out
/home/hs/hvdisp/coadd/results/starlight/z1_s6l_robust_full1_comb_mix3.out
/home/hs/hvdisp/coadd/results/starlight/z1_s6l_robust_full1_mius_ku13.out
/home/hs/hvdisp/coadd/results/starlight/z1_s6l_robust_full1_mius_mix1.out
/home/hs/hvdisp/coadd/results/starlight/z1_s6l_robust_full1_mius_un08.out
/home/hs/hvdisp/coadd/results/starlight/z1_s6l_robust_full1_mius_un13.out
/home/hs/hvdisp/coadd/results/starlight/z1_s6l_robust_full1_mius_un18.out
/home/hs/hvdisp/coadd/results/starlight/z1_s6l_robust_full2_comb_mix1.out
/home/hs/hvdisp/coadd/results/starlight/z1_s6l_robust_full2_comb_mix2.out
/home/hs/hvdisp/coadd/results/starlight/z1_s6l_robust_full2_comb_mix3.out
/home/hs/hvdisp/coadd/results/starlight/z1_s6l_robust_full2_mius_ku13.out
/home/hs/hvdisp/coadd/results/starlight/z1_s6l_robust_full2_mius_mix1.out
/home/hs/hvdisp/coadd/results/starlight/z1_s6l_robust_full2_mius_un08.out
/home/hs/hvdisp/coadd/results/starlight/z1_s6l_robust_full2_mius_un13.out
/home/hs/hvdisp/coadd/results/starlight/z1_s6l_robust_full2_mius_un18.out
/home/hs/hvdisp/coadd/results/starlight/z1_s7l_robust_erem1_comb_mix1.out
/home/hs/hvdisp/coadd/results/starlight/z1_s7l_robust_erem1_comb_mix2.out
/home/hs/hvdisp/coadd/results/starlight/z1_s7l_robust_erem1_comb_mix3.out
/home/hs/hvdisp/coadd/results/starlight/z1_s7l_robust_erem1_mius_ku13.out
/home/hs/hvdisp/coadd/results/starlight/z1_s7l_robust_erem1_mius_mix1.out
/home/hs/hvdisp/coadd/results/starlight/z1_s7l_robust_erem1_mius_un08.out
/home/hs/hvdisp/coadd/results/starlight/z1_s7l_robust_erem1_mius_un13.out
/home/hs/hvdisp/coadd/results/starlight/z1_s7l_robust_erem1_mius_un18.out
/home/hs/hvdisp/coadd/results/starlight/z1_s7l_robust_erem2_comb_mix1.out
/home/hs/hvdisp/coadd/results/starlight/z1_s7l_robust_erem2_comb_mix2.out
/home/hs/hvdisp/coadd/results/starlight/z1_s7l_robust_erem2_comb_mix3.out
/home/hs/hvdisp/coadd/results/starlight/z1_s7l_robust_erem2_mius_ku13.out
/home/hs/hvdisp/coadd/results/starlight/z1_s7l_robust_erem2_mius_mix1.out
/home/hs/hvdisp/coadd/results/starlight/z1_s7l_robust_erem2_mius_un08.out
/home/hs/hvdisp/coadd/results/starlight/z1_s7l_robust_erem2_mius_un13.out
/home/hs/hvdisp/coadd/results/starlight/z1_s7l_robust_erem2_mius_un18.out
/home/hs/hvdisp/coadd/results/starlight/z1_s7l_robust_eremf_comb_mix1.out
/home/hs/hvdisp/coadd/results/starlight/z1_s7l_robust_eremf_comb_mix2.out
/home/hs/hvdisp/coadd/results/starlight/z1_s7l_robust_eremf_comb_mix3.out
/home/hs/hvdisp/coadd/results/starlight/z1_s7l_robust_eremf_mius_ku13.out
/home/hs/hvdisp/coadd/results/starlight/z1_s7l_robust_eremf_mius_mix1.out
/home/hs/hvdisp/coadd/results/starlight/z1_s7l_robust_eremf_mius_un08.out
/home/hs/hvdisp/coadd/results/starlight/z1_s7l_robust_eremf_mius_un13.out
/home/hs/hvdisp/coadd/results/starlight/z1_s7l_robust_eremf_mius_un18.out
/home/hs/hvdisp/coadd/results/starlight/z1_s7l_robust_full1_comb_mix1.out
/home/hs/hvdisp/coadd/results/starlight/z1_s7l_robust_full1_comb_mix2.out
/home/hs/hvdisp/coadd/results/starlight/z1_s7l_robust_full1_comb_mix3.out
/home/hs/hvdisp/coadd/results/starlight/z1_s7l_robust_full1_mius_ku13.out
/home/hs/hvdisp/coadd/results/starlight/z1_s7l_robust_full1_mius_mix1.out
/home/hs/hvdisp/coadd/results/starlight/z1_s7l_robust_full1_mius_un08.out
/home/hs/hvdisp/coadd/results/starlight/z1_s7l_robust_full1_mius_un13.out
/home/hs/hvdisp/coadd/results/starlight/z1_s7l_robust_full1_mius_un18.out
/home/hs/hvdisp/coadd/results/starlight/z1_s7l_robust_full2_comb_mix1.out
/home/hs/hvdisp/coadd/results/starlight/z1_s7l_robust_full2_comb_mix2.out
/home/hs/hvdisp/coadd/results/starlight/z1_s7l_robust_full2_comb_mix3.out
/home/hs/hvdisp/coadd/results/starlight/z1_s7l_robust_full2_mius_ku13.out
/home/hs/hvdisp/coadd/results/starlight/z1_s7l_robust_full2_mius_mix1.out
/home/hs/hvdisp/coadd/results/starlight/z1_s7l_robust_full2_mius_un08.out
/home/hs/hvdisp/coadd/results/starlight/z1_s7l_robust_full2_mius_un13.out
/home/hs/hvdisp/coadd/results/starlight/z1_s7l_robust_full2_mius_un18.out
/home/hs/hvdisp/coadd/results/starlight/z1_s8l_robust_erem1_comb_mix1.out
/home/hs/hvdisp/coadd/results/starlight/z1_s8l_robust_erem1_comb_mix2.out
/home/hs/hvdisp/coadd/results/starlight/z1_s8l_robust_erem1_comb_mix3.out
/home/hs/hvdisp/coadd/results/starlight/z1_s8l_robust_erem1_mius_ku13.out
/home/hs/hvdisp/coadd/results/starlight/z1_s8l_robust_erem1_mius_mix1.out
/home/hs/hvdisp/coadd/results/starlight/z1_s8l_robust_erem1_mius_un08.out
/home/hs/hvdisp/coadd/results/starlight/z1_s8l_robust_erem1_mius_un13.out
/home/hs/hvdisp/coadd/results/starlight/z1_s8l_robust_erem1_mius_un18.out
/home/hs/hvdisp/coadd/results/starlight/z1_s8l_robust_erem2_comb_mix1.out
/home/hs/hvdisp/coadd/results/starlight/z1_s8l_robust_erem2_comb_mix2.out
/home/hs/hvdisp/coadd/results/starlight/z1_s8l_robust_erem2_comb_mix3.out
/home/hs/hvdisp/coadd/results/starlight/z1_s8l_robust_erem2_mius_ku13.out
/home/hs/hvdisp/coadd/results/starlight/z1_s8l_robust_erem2_mius_mix1.out
/home/hs/hvdisp/coadd/results/starlight/z1_s8l_robust_erem2_mius_un08.out
/home/hs/hvdisp/coadd/results/starlight/z1_s8l_robust_erem2_mius_un13.out
/home/hs/hvdisp/coadd/results/starlight/z1_s8l_robust_erem2_mius_un18.out
/home/hs/hvdisp/coadd/results/starlight/z1_s8l_robust_eremf_comb_mix1.out
/home/hs/hvdisp/coadd/results/starlight/z1_s8l_robust_eremf_comb_mix2.out
/home/hs/hvdisp/coadd/results/starlight/z1_s8l_robust_eremf_comb_mix3.out
/home/hs/hvdisp/coadd/results/starlight/z1_s8l_robust_eremf_mius_ku13.out
/home/hs/hvdisp/coadd/results/starlight/z1_s8l_robust_eremf_mius_mix1.out
/home/hs/hvdisp/coadd/results/starlight/z1_s8l_robust_eremf_mius_un08.out
/home/hs/hvdisp/coadd/results/starlight/z1_s8l_robust_eremf_mius_un13.out
/home/hs/hvdisp/coadd/results/starlight/z1_s8l_robust_eremf_mius_un18.out
/home/hs/hvdisp/coadd/results/starlight/z1_s8l_robust_full1_comb_mix1.out
/home/hs/hvdisp/coadd/results/starlight/z1_s8l_robust_full1_comb_mix2.out
/home/hs/hvdisp/coadd/results/starlight/z1_s8l_robust_full1_comb_mix3.out
/home/hs/hvdisp/coadd/results/starlight/z1_s8l_robust_full1_mius_ku13.out
/home/hs/hvdisp/coadd/results/starlight/z1_s8l_robust_full1_mius_mix1.out
/home/hs/hvdisp/coadd/results/starlight/z1_s8l_robust_full1_mius_un08.out
/home/hs/hvdisp/coadd/results/starlight/z1_s8l_robust_full1_mius_un13.out
/home/hs/hvdisp/coadd/results/starlight/z1_s8l_robust_full1_mius_un18.out
/home/hs/hvdisp/coadd/results/starlight/z1_s8l_robust_full2_comb_mix1.out
/home/hs/hvdisp/coadd/results/starlight/z1_s8l_robust_full2_comb_mix2.out
/home/hs/hvdisp/coadd/results/starlight/z1_s8l_robust_full2_comb_mix3.out
/home/hs/hvdisp/coadd/results/starlight/z1_s8l_robust_full2_mius_ku13.out
/home/hs/hvdisp/coadd/results/starlight/z1_s8l_robust_full2_mius_mix1.out
/home/hs/hvdisp/coadd/results/starlight/z1_s8l_robust_full2_mius_un08.out
/home/hs/hvdisp/coadd/results/starlight/z1_s8l_robust_full2_mius_un13.out
/home/hs/hvdisp/coadd/results/starlight/z1_s8l_robust_full2_mius_un18.out
/home/hs/hvdisp/coadd/results/starlight/z2_s2l_robust_erem1_comb_mix1.out
/home/hs/hvdisp/coadd/results/starlight/z2_s2l_robust_erem1_comb_mix2.out
/home/hs/hvdisp/coadd/results/starlight/z2_s2l_robust_erem1_comb_mix3.out
/home/hs/hvdisp/coadd/results/starlight/z2_s2l_robust_erem1_mius_ku13.out
/home/hs/hvdisp/coadd/results/starlight/z2_s2l_robust_erem1_mius_mix1.out
/home/hs/hvdisp/coadd/results/starlight/z2_s2l_robust_erem1_mius_un08.out
/home/hs/hvdisp/coadd/results/starlight/z2_s2l_robust_erem1_mius_un13.out
/home/hs/hvdisp/coadd/results/starlight/z2_s2l_robust_erem1_mius_un18.out
/home/hs/hvdisp/coadd/results/starlight/z2_s2l_robust_erem2_comb_mix1.out
/home/hs/hvdisp/coadd/results/starlight/z2_s2l_robust_erem2_comb_mix2.out
/home/hs/hvdisp/coadd/results/starlight/z2_s2l_robust_erem2_comb_mix3.out
/home/hs/hvdisp/coadd/results/starlight/z2_s2l_robust_erem2_mius_ku13.out
/home/hs/hvdisp/coadd/results/starlight/z2_s2l_robust_erem2_mius_mix1.out
/home/hs/hvdisp/coadd/results/starlight/z2_s2l_robust_erem2_mius_un08.out
/home/hs/hvdisp/coadd/results/starlight/z2_s2l_robust_erem2_mius_un13.out
/home/hs/hvdisp/coadd/results/starlight/z2_s2l_robust_erem2_mius_un18.out
/home/hs/hvdisp/coadd/results/starlight/z2_s2l_robust_eremf_comb_mix1.out
/home/hs/hvdisp/coadd/results/starlight/z2_s2l_robust_eremf_comb_mix2.out
/home/hs/hvdisp/coadd/results/starlight/z2_s2l_robust_eremf_comb_mix3.out
/home/hs/hvdisp/coadd/results/starlight/z2_s2l_robust_eremf_mius_ku13.out
/home/hs/hvdisp/coadd/results/starlight/z2_s2l_robust_eremf_mius_mix1.out
/home/hs/hvdisp/coadd/results/starlight/z2_s2l_robust_eremf_mius_un08.out
/home/hs/hvdisp/coadd/results/starlight/z2_s2l_robust_eremf_mius_un13.out
/home/hs/hvdisp/coadd/results/starlight/z2_s2l_robust_eremf_mius_un18.out
/home/hs/hvdisp/coadd/results/starlight/z2_s2l_robust_full1_comb_mix1.out
/home/hs/hvdisp/coadd/results/starlight/z2_s2l_robust_full1_comb_mix2.out
/home/hs/hvdisp/coadd/results/starlight/z2_s2l_robust_full1_comb_mix3.out
/home/hs/hvdisp/coadd/results/starlight/z2_s2l_robust_full1_mius_ku13.out
/home/hs/hvdisp/coadd/results/starlight/z2_s2l_robust_full1_mius_mix1.out
/home/hs/hvdisp/coadd/results/starlight/z2_s2l_robust_full1_mius_un08.out
/home/hs/hvdisp/coadd/results/starlight/z2_s2l_robust_full1_mius_un13.out
/home/hs/hvdisp/coadd/results/starlight/z2_s2l_robust_full1_mius_un18.out
/home/hs/hvdisp/coadd/results/starlight/z2_s2l_robust_full2_comb_mix1.out
/home/hs/hvdisp/coadd/results/starlight/z2_s2l_robust_full2_comb_mix2.out
/home/hs/hvdisp/coadd/results/starlight/z2_s2l_robust_full2_comb_mix3.out
/home/hs/hvdisp/coadd/results/starlight/z2_s2l_robust_full2_mius_ku13.out
/home/hs/hvdisp/coadd/results/starlight/z2_s2l_robust_full2_mius_mix1.out
/home/hs/hvdisp/coadd/results/starlight/z2_s2l_robust_full2_mius_un08.out
/home/hs/hvdisp/coadd/results/starlight/z2_s2l_robust_full2_mius_un13.out
/home/hs/hvdisp/coadd/results/starlight/z2_s2l_robust_full2_mius_un18.out
/home/hs/hvdisp/coadd/results/starlight/z2_s3l_robust_erem1_comb_mix1.out
/home/hs/hvdisp/coadd/results/starlight/z2_s3l_robust_erem1_comb_mix2.out
/home/hs/hvdisp/coadd/results/starlight/z2_s3l_robust_erem1_comb_mix3.out
/home/hs/hvdisp/coadd/results/starlight/z2_s3l_robust_erem1_mius_ku13.out
/home/hs/hvdisp/coadd/results/starlight/z2_s3l_robust_erem1_mius_mix1.out
/home/hs/hvdisp/coadd/results/starlight/z2_s3l_robust_erem1_mius_un08.out
/home/hs/hvdisp/coadd/results/starlight/z2_s3l_robust_erem1_mius_un13.out
/home/hs/hvdisp/coadd/results/starlight/z2_s3l_robust_erem1_mius_un18.out
/home/hs/hvdisp/coadd/results/starlight/z2_s3l_robust_erem2_comb_mix1.out
/home/hs/hvdisp/coadd/results/starlight/z2_s3l_robust_erem2_comb_mix2.out
/home/hs/hvdisp/coadd/results/starlight/z2_s3l_robust_erem2_comb_mix3.out
/home/hs/hvdisp/coadd/results/starlight/z2_s3l_robust_erem2_mius_ku13.out
/home/hs/hvdisp/coadd/results/starlight/z2_s3l_robust_erem2_mius_mix1.out
/home/hs/hvdisp/coadd/results/starlight/z2_s3l_robust_erem2_mius_un08.out
/home/hs/hvdisp/coadd/results/starlight/z2_s3l_robust_erem2_mius_un13.out
/home/hs/hvdisp/coadd/results/starlight/z2_s3l_robust_erem2_mius_un18.out
/home/hs/hvdisp/coadd/results/starlight/z2_s3l_robust_eremf_comb_mix1.out
/home/hs/hvdisp/coadd/results/starlight/z2_s3l_robust_eremf_comb_mix2.out
/home/hs/hvdisp/coadd/results/starlight/z2_s3l_robust_eremf_comb_mix3.out
/home/hs/hvdisp/coadd/results/starlight/z2_s3l_robust_eremf_mius_ku13.out
/home/hs/hvdisp/coadd/results/starlight/z2_s3l_robust_eremf_mius_mix1.out
/home/hs/hvdisp/coadd/results/starlight/z2_s3l_robust_eremf_mius_un08.out
/home/hs/hvdisp/coadd/results/starlight/z2_s3l_robust_eremf_mius_un13.out
/home/hs/hvdisp/coadd/results/starlight/z2_s3l_robust_eremf_mius_un18.out
/home/hs/hvdisp/coadd/results/starlight/z2_s3l_robust_full1_comb_mix1.out
/home/hs/hvdisp/coadd/results/starlight/z2_s3l_robust_full1_comb_mix2.out
/home/hs/hvdisp/coadd/results/starlight/z2_s3l_robust_full1_comb_mix3.out
/home/hs/hvdisp/coadd/results/starlight/z2_s3l_robust_full1_mius_ku13.out
/home/hs/hvdisp/coadd/results/starlight/z2_s3l_robust_full1_mius_mix1.out
/home/hs/hvdisp/coadd/results/starlight/z2_s3l_robust_full1_mius_un08.out
/home/hs/hvdisp/coadd/results/starlight/z2_s3l_robust_full1_mius_un13.out
/home/hs/hvdisp/coadd/results/starlight/z2_s3l_robust_full1_mius_un18.out
/home/hs/hvdisp/coadd/results/starlight/z2_s3l_robust_full2_comb_mix1.out
/home/hs/hvdisp/coadd/results/starlight/z2_s3l_robust_full2_comb_mix2.out
/home/hs/hvdisp/coadd/results/starlight/z2_s3l_robust_full2_comb_mix3.out
/home/hs/hvdisp/coadd/results/starlight/z2_s3l_robust_full2_mius_ku13.out
/home/hs/hvdisp/coadd/results/starlight/z2_s3l_robust_full2_mius_mix1.out
/home/hs/hvdisp/coadd/results/starlight/z2_s3l_robust_full2_mius_un08.out
/home/hs/hvdisp/coadd/results/starlight/z2_s3l_robust_full2_mius_un13.out
/home/hs/hvdisp/coadd/results/starlight/z2_s3l_robust_full2_mius_un18.out
/home/hs/hvdisp/coadd/results/starlight/z2_s4l_robust_erem1_comb_mix1.out
/home/hs/hvdisp/coadd/results/starlight/z2_s4l_robust_erem1_comb_mix2.out
/home/hs/hvdisp/coadd/results/starlight/z2_s4l_robust_erem1_comb_mix3.out
/home/hs/hvdisp/coadd/results/starlight/z2_s4l_robust_erem1_mius_ku13.out
/home/hs/hvdisp/coadd/results/starlight/z2_s4l_robust_erem1_mius_mix1.out
/home/hs/hvdisp/coadd/results/starlight/z2_s4l_robust_erem1_mius_un08.out
/home/hs/hvdisp/coadd/results/starlight/z2_s4l_robust_erem1_mius_un13.out
/home/hs/hvdisp/coadd/results/starlight/z2_s4l_robust_erem1_mius_un18.out
/home/hs/hvdisp/coadd/results/starlight/z2_s4l_robust_erem2_comb_mix1.out
/home/hs/hvdisp/coadd/results/starlight/z2_s4l_robust_erem2_comb_mix2.out
/home/hs/hvdisp/coadd/results/starlight/z2_s4l_robust_erem2_comb_mix3.out
/home/hs/hvdisp/coadd/results/starlight/z2_s4l_robust_erem2_mius_ku13.out
/home/hs/hvdisp/coadd/results/starlight/z2_s4l_robust_erem2_mius_mix1.out
/home/hs/hvdisp/coadd/results/starlight/z2_s4l_robust_erem2_mius_un08.out
/home/hs/hvdisp/coadd/results/starlight/z2_s4l_robust_erem2_mius_un13.out
/home/hs/hvdisp/coadd/results/starlight/z2_s4l_robust_erem2_mius_un18.out
/home/hs/hvdisp/coadd/results/starlight/z2_s4l_robust_eremf_comb_mix1.out
/home/hs/hvdisp/coadd/results/starlight/z2_s4l_robust_eremf_comb_mix2.out
/home/hs/hvdisp/coadd/results/starlight/z2_s4l_robust_eremf_comb_mix3.out
/home/hs/hvdisp/coadd/results/starlight/z2_s4l_robust_eremf_mius_ku13.out
/home/hs/hvdisp/coadd/results/starlight/z2_s4l_robust_eremf_mius_mix1.out
/home/hs/hvdisp/coadd/results/starlight/z2_s4l_robust_eremf_mius_un08.out
/home/hs/hvdisp/coadd/results/starlight/z2_s4l_robust_eremf_mius_un13.out
/home/hs/hvdisp/coadd/results/starlight/z2_s4l_robust_eremf_mius_un18.out
/home/hs/hvdisp/coadd/results/starlight/z2_s4l_robust_full1_comb_mix1.out
/home/hs/hvdisp/coadd/results/starlight/z2_s4l_robust_full1_comb_mix2.out
/home/hs/hvdisp/coadd/results/starlight/z2_s4l_robust_full1_comb_mix3.out
/home/hs/hvdisp/coadd/results/starlight/z2_s4l_robust_full1_mius_ku13.out
/home/hs/hvdisp/coadd/results/starlight/z2_s4l_robust_full1_mius_mix1.out
/home/hs/hvdisp/coadd/results/starlight/z2_s4l_robust_full1_mius_un08.out
/home/hs/hvdisp/coadd/results/starlight/z2_s4l_robust_full1_mius_un13.out
/home/hs/hvdisp/coadd/results/starlight/z2_s4l_robust_full1_mius_un18.out
/home/hs/hvdisp/coadd/results/starlight/z2_s4l_robust_full2_comb_mix1.out
/home/hs/hvdisp/coadd/results/starlight/z2_s4l_robust_full2_comb_mix2.out
/home/hs/hvdisp/coadd/results/starlight/z2_s4l_robust_full2_comb_mix3.out
/home/hs/hvdisp/coadd/results/starlight/z2_s4l_robust_full2_mius_ku13.out
/home/hs/hvdisp/coadd/results/starlight/z2_s4l_robust_full2_mius_mix1.out
/home/hs/hvdisp/coadd/results/starlight/z2_s4l_robust_full2_mius_un08.out
/home/hs/hvdisp/coadd/results/starlight/z2_s4l_robust_full2_mius_un13.out
/home/hs/hvdisp/coadd/results/starlight/z2_s4l_robust_full2_mius_un18.out
/home/hs/hvdisp/coadd/results/starlight/z2_s5l_robust_erem1_comb_mix1.out
/home/hs/hvdisp/coadd/results/starlight/z2_s5l_robust_erem1_comb_mix2.out
/home/hs/hvdisp/coadd/results/starlight/z2_s5l_robust_erem1_comb_mix3.out
/home/hs/hvdisp/coadd/results/starlight/z2_s5l_robust_erem1_mius_ku13.out
/home/hs/hvdisp/coadd/results/starlight/z2_s5l_robust_erem1_mius_mix1.out
/home/hs/hvdisp/coadd/results/starlight/z2_s5l_robust_erem1_mius_un08.out
/home/hs/hvdisp/coadd/results/starlight/z2_s5l_robust_erem1_mius_un13.out
/home/hs/hvdisp/coadd/results/starlight/z2_s5l_robust_erem1_mius_un18.out
/home/hs/hvdisp/coadd/results/starlight/z2_s5l_robust_erem2_comb_mix1.out
/home/hs/hvdisp/coadd/results/starlight/z2_s5l_robust_erem2_comb_mix2.out
/home/hs/hvdisp/coadd/results/starlight/z2_s5l_robust_erem2_comb_mix3.out
/home/hs/hvdisp/coadd/results/starlight/z2_s5l_robust_erem2_mius_ku13.out
/home/hs/hvdisp/coadd/results/starlight/z2_s5l_robust_erem2_mius_mix1.out
/home/hs/hvdisp/coadd/results/starlight/z2_s5l_robust_erem2_mius_un08.out
/home/hs/hvdisp/coadd/results/starlight/z2_s5l_robust_erem2_mius_un13.out
/home/hs/hvdisp/coadd/results/starlight/z2_s5l_robust_erem2_mius_un18.out
/home/hs/hvdisp/coadd/results/starlight/z2_s5l_robust_eremf_comb_mix1.out
/home/hs/hvdisp/coadd/results/starlight/z2_s5l_robust_eremf_comb_mix2.out
/home/hs/hvdisp/coadd/results/starlight/z2_s5l_robust_eremf_comb_mix3.out
/home/hs/hvdisp/coadd/results/starlight/z2_s5l_robust_eremf_mius_ku13.out
/home/hs/hvdisp/coadd/results/starlight/z2_s5l_robust_eremf_mius_mix1.out
/home/hs/hvdisp/coadd/results/starlight/z2_s5l_robust_eremf_mius_un08.out
/home/hs/hvdisp/coadd/results/starlight/z2_s5l_robust_eremf_mius_un13.out
/home/hs/hvdisp/coadd/results/starlight/z2_s5l_robust_eremf_mius_un18.out
/home/hs/hvdisp/coadd/results/starlight/z2_s5l_robust_full1_comb_mix1.out
/home/hs/hvdisp/coadd/results/starlight/z2_s5l_robust_full1_comb_mix2.out
/home/hs/hvdisp/coadd/results/starlight/z2_s5l_robust_full1_comb_mix3.out
/home/hs/hvdisp/coadd/results/starlight/z2_s5l_robust_full1_mius_ku13.out
/home/hs/hvdisp/coadd/results/starlight/z2_s5l_robust_full1_mius_mix1.out
/home/hs/hvdisp/coadd/results/starlight/z2_s5l_robust_full1_mius_un08.out
/home/hs/hvdisp/coadd/results/starlight/z2_s5l_robust_full1_mius_un13.out
/home/hs/hvdisp/coadd/results/starlight/z2_s5l_robust_full1_mius_un18.out
/home/hs/hvdisp/coadd/results/starlight/z2_s5l_robust_full2_comb_mix1.out
/home/hs/hvdisp/coadd/results/starlight/z2_s5l_robust_full2_comb_mix2.out
/home/hs/hvdisp/coadd/results/starlight/z2_s5l_robust_full2_comb_mix3.out
/home/hs/hvdisp/coadd/results/starlight/z2_s5l_robust_full2_mius_ku13.out
/home/hs/hvdisp/coadd/results/starlight/z2_s5l_robust_full2_mius_mix1.out
/home/hs/hvdisp/coadd/results/starlight/z2_s5l_robust_full2_mius_un08.out
/home/hs/hvdisp/coadd/results/starlight/z2_s5l_robust_full2_mius_un13.out
/home/hs/hvdisp/coadd/results/starlight/z2_s5l_robust_full2_mius_un18.out
/home/hs/hvdisp/coadd/results/starlight/z2_s6l_robust_erem1_comb_mix1.out
/home/hs/hvdisp/coadd/results/starlight/z2_s6l_robust_erem1_comb_mix2.out
/home/hs/hvdisp/coadd/results/starlight/z2_s6l_robust_erem1_comb_mix3.out
/home/hs/hvdisp/coadd/results/starlight/z2_s6l_robust_erem1_mius_ku13.out
/home/hs/hvdisp/coadd/results/starlight/z2_s6l_robust_erem1_mius_mix1.out
/home/hs/hvdisp/coadd/results/starlight/z2_s6l_robust_erem1_mius_un08.out
/home/hs/hvdisp/coadd/results/starlight/z2_s6l_robust_erem1_mius_un13.out
/home/hs/hvdisp/coadd/results/starlight/z2_s6l_robust_erem1_mius_un18.out
/home/hs/hvdisp/coadd/results/starlight/z2_s6l_robust_erem2_comb_mix1.out
/home/hs/hvdisp/coadd/results/starlight/z2_s6l_robust_erem2_comb_mix2.out
/home/hs/hvdisp/coadd/results/starlight/z2_s6l_robust_erem2_comb_mix3.out
/home/hs/hvdisp/coadd/results/starlight/z2_s6l_robust_erem2_mius_ku13.out
/home/hs/hvdisp/coadd/results/starlight/z2_s6l_robust_erem2_mius_mix1.out
/home/hs/hvdisp/coadd/results/starlight/z2_s6l_robust_erem2_mius_un08.out
/home/hs/hvdisp/coadd/results/starlight/z2_s6l_robust_erem2_mius_un13.out
/home/hs/hvdisp/coadd/results/starlight/z2_s6l_robust_erem2_mius_un18.out
/home/hs/hvdisp/coadd/results/starlight/z2_s6l_robust_eremf_comb_mix1.out
/home/hs/hvdisp/coadd/results/starlight/z2_s6l_robust_eremf_comb_mix2.out
/home/hs/hvdisp/coadd/results/starlight/z2_s6l_robust_eremf_comb_mix3.out
/home/hs/hvdisp/coadd/results/starlight/z2_s6l_robust_eremf_mius_ku13.out
/home/hs/hvdisp/coadd/results/starlight/z2_s6l_robust_eremf_mius_mix1.out
/home/hs/hvdisp/coadd/results/starlight/z2_s6l_robust_eremf_mius_un08.out
/home/hs/hvdisp/coadd/results/starlight/z2_s6l_robust_eremf_mius_un13.out
/home/hs/hvdisp/coadd/results/starlight/z2_s6l_robust_eremf_mius_un18.out
/home/hs/hvdisp/coadd/results/starlight/z2_s6l_robust_full1_comb_mix1.out
/home/hs/hvdisp/coadd/results/starlight/z2_s6l_robust_full1_comb_mix2.out
/home/hs/hvdisp/coadd/results/starlight/z2_s6l_robust_full1_comb_mix3.out
/home/hs/hvdisp/coadd/results/starlight/z2_s6l_robust_full1_mius_ku13.out
/home/hs/hvdisp/coadd/results/starlight/z2_s6l_robust_full1_mius_mix1.out
/home/hs/hvdisp/coadd/results/starlight/z2_s6l_robust_full1_mius_un08.out
/home/hs/hvdisp/coadd/results/starlight/z2_s6l_robust_full1_mius_un13.out
/home/hs/hvdisp/coadd/results/starlight/z2_s6l_robust_full1_mius_un18.out
/home/hs/hvdisp/coadd/results/starlight/z2_s6l_robust_full2_comb_mix1.out
/home/hs/hvdisp/coadd/results/starlight/z2_s6l_robust_full2_comb_mix2.out
/home/hs/hvdisp/coadd/results/starlight/z2_s6l_robust_full2_comb_mix3.out
/home/hs/hvdisp/coadd/results/starlight/z2_s6l_robust_full2_mius_ku13.out
/home/hs/hvdisp/coadd/results/starlight/z2_s6l_robust_full2_mius_mix1.out
/home/hs/hvdisp/coadd/results/starlight/z2_s6l_robust_full2_mius_un08.out
/home/hs/hvdisp/coadd/results/starlight/z2_s6l_robust_full2_mius_un13.out
/home/hs/hvdisp/coadd/results/starlight/z2_s6l_robust_full2_mius_un18.out
/home/hs/hvdisp/coadd/results/starlight/z2_s7l_robust_erem1_comb_mix1.out
/home/hs/hvdisp/coadd/results/starlight/z2_s7l_robust_erem1_comb_mix2.out
/home/hs/hvdisp/coadd/results/starlight/z2_s7l_robust_erem1_comb_mix3.out
/home/hs/hvdisp/coadd/results/starlight/z2_s7l_robust_erem1_mius_ku13.out
/home/hs/hvdisp/coadd/results/starlight/z2_s7l_robust_erem1_mius_mix1.out
/home/hs/hvdisp/coadd/results/starlight/z2_s7l_robust_erem1_mius_un08.out
/home/hs/hvdisp/coadd/results/starlight/z2_s7l_robust_erem1_mius_un13.out
/home/hs/hvdisp/coadd/results/starlight/z2_s7l_robust_erem1_mius_un18.out
/home/hs/hvdisp/coadd/results/starlight/z2_s7l_robust_erem2_comb_mix1.out
/home/hs/hvdisp/coadd/results/starlight/z2_s7l_robust_erem2_comb_mix2.out
/home/hs/hvdisp/coadd/results/starlight/z2_s7l_robust_erem2_comb_mix3.out
/home/hs/hvdisp/coadd/results/starlight/z2_s7l_robust_erem2_mius_ku13.out
/home/hs/hvdisp/coadd/results/starlight/z2_s7l_robust_erem2_mius_mix1.out
/home/hs/hvdisp/coadd/results/starlight/z2_s7l_robust_erem2_mius_un08.out
/home/hs/hvdisp/coadd/results/starlight/z2_s7l_robust_erem2_mius_un13.out
/home/hs/hvdisp/coadd/results/starlight/z2_s7l_robust_erem2_mius_un18.out
/home/hs/hvdisp/coadd/results/starlight/z2_s7l_robust_eremf_comb_mix1.out
/home/hs/hvdisp/coadd/results/starlight/z2_s7l_robust_eremf_comb_mix2.out
/home/hs/hvdisp/coadd/results/starlight/z2_s7l_robust_eremf_comb_mix3.out
/home/hs/hvdisp/coadd/results/starlight/z2_s7l_robust_eremf_mius_ku13.out
/home/hs/hvdisp/coadd/results/starlight/z2_s7l_robust_eremf_mius_mix1.out
/home/hs/hvdisp/coadd/results/starlight/z2_s7l_robust_eremf_mius_un08.out
/home/hs/hvdisp/coadd/results/starlight/z2_s7l_robust_eremf_mius_un13.out
/home/hs/hvdisp/coadd/results/starlight/z2_s7l_robust_eremf_mius_un18.out
/home/hs/hvdisp/coadd/results/starlight/z2_s7l_robust_full1_comb_mix1.out
/home/hs/hvdisp/coadd/results/starlight/z2_s7l_robust_full1_comb_mix2.out
/home/hs/hvdisp/coadd/results/starlight/z2_s7l_robust_full1_comb_mix3.out
/home/hs/hvdisp/coadd/results/starlight/z2_s7l_robust_full1_mius_ku13.out
/home/hs/hvdisp/coadd/results/starlight/z2_s7l_robust_full1_mius_mix1.out
/home/hs/hvdisp/coadd/results/starlight/z2_s7l_robust_full1_mius_un08.out
/home/hs/hvdisp/coadd/results/starlight/z2_s7l_robust_full1_mius_un13.out
/home/hs/hvdisp/coadd/results/starlight/z2_s7l_robust_full1_mius_un18.out
/home/hs/hvdisp/coadd/results/starlight/z2_s7l_robust_full2_comb_mix1.out
/home/hs/hvdisp/coadd/results/starlight/z2_s7l_robust_full2_comb_mix2.out
/home/hs/hvdisp/coadd/results/starlight/z2_s7l_robust_full2_comb_mix3.out
/home/hs/hvdisp/coadd/results/starlight/z2_s7l_robust_full2_mius_ku13.out
/home/hs/hvdisp/coadd/results/starlight/z2_s7l_robust_full2_mius_mix1.out
/home/hs/hvdisp/coadd/results/starlight/z2_s7l_robust_full2_mius_un08.out
/home/hs/hvdisp/coadd/results/starlight/z2_s7l_robust_full2_mius_un13.out
/home/hs/hvdisp/coadd/results/starlight/z2_s7l_robust_full2_mius_un18.out
/home/hs/hvdisp/coadd/results/starlight/z2_s8l_robust_erem1_comb_mix1.out
/home/hs/hvdisp/coadd/results/starlight/z2_s8l_robust_erem1_comb_mix2.out
/home/hs/hvdisp/coadd/results/starlight/z2_s8l_robust_erem1_comb_mix3.out
/home/hs/hvdisp/coadd/results/starlight/z2_s8l_robust_erem1_mius_ku13.out
/home/hs/hvdisp/coadd/results/starlight/z2_s8l_robust_erem1_mius_mix1.out
/home/hs/hvdisp/coadd/results/starlight/z2_s8l_robust_erem1_mius_un08.out
/home/hs/hvdisp/coadd/results/starlight/z2_s8l_robust_erem1_mius_un13.out
/home/hs/hvdisp/coadd/results/starlight/z2_s8l_robust_erem1_mius_un18.out
/home/hs/hvdisp/coadd/results/starlight/z2_s8l_robust_erem2_comb_mix1.out
/home/hs/hvdisp/coadd/results/starlight/z2_s8l_robust_erem2_comb_mix2.out
/home/hs/hvdisp/coadd/results/starlight/z2_s8l_robust_erem2_comb_mix3.out
/home/hs/hvdisp/coadd/results/starlight/z2_s8l_robust_erem2_mius_ku13.out
/home/hs/hvdisp/coadd/results/starlight/z2_s8l_robust_erem2_mius_mix1.out
/home/hs/hvdisp/coadd/results/starlight/z2_s8l_robust_erem2_mius_un08.out
/home/hs/hvdisp/coadd/results/starlight/z2_s8l_robust_erem2_mius_un13.out
/home/hs/hvdisp/coadd/results/starlight/z2_s8l_robust_erem2_mius_un18.out
/home/hs/hvdisp/coadd/results/starlight/z2_s8l_robust_eremf_comb_mix1.out
/home/hs/hvdisp/coadd/results/starlight/z2_s8l_robust_eremf_comb_mix2.out
/home/hs/hvdisp/coadd/results/starlight/z2_s8l_robust_eremf_comb_mix3.out
/home/hs/hvdisp/coadd/results/starlight/z2_s8l_robust_eremf_mius_ku13.out
/home/hs/hvdisp/coadd/results/starlight/z2_s8l_robust_eremf_mius_mix1.out
/home/hs/hvdisp/coadd/results/starlight/z2_s8l_robust_eremf_mius_un08.out
/home/hs/hvdisp/coadd/results/starlight/z2_s8l_robust_eremf_mius_un13.out
/home/hs/hvdisp/coadd/results/starlight/z2_s8l_robust_eremf_mius_un18.out
/home/hs/hvdisp/coadd/results/starlight/z2_s8l_robust_full1_comb_mix1.out
/home/hs/hvdisp/coadd/results/starlight/z2_s8l_robust_full1_comb_mix2.out
/home/hs/hvdisp/coadd/results/starlight/z2_s8l_robust_full1_comb_mix3.out
/home/hs/hvdisp/coadd/results/starlight/z2_s8l_robust_full1_mius_ku13.out
/home/hs/hvdisp/coadd/results/starlight/z2_s8l_robust_full1_mius_mix1.out
/home/hs/hvdisp/coadd/results/starlight/z2_s8l_robust_full1_mius_un08.out
/home/hs/hvdisp/coadd/results/starlight/z2_s8l_robust_full1_mius_un13.out
/home/hs/hvdisp/coadd/results/starlight/z2_s8l_robust_full1_mius_un18.out
/home/hs/hvdisp/coadd/results/starlight/z2_s8l_robust_full2_comb_mix1.out
/home/hs/hvdisp/coadd/results/starlight/z2_s8l_robust_full2_comb_mix2.out
/home/hs/hvdisp/coadd/results/starlight/z2_s8l_robust_full2_comb_mix3.out
/home/hs/hvdisp/coadd/results/starlight/z2_s8l_robust_full2_mius_ku13.out
/home/hs/hvdisp/coadd/results/starlight/z2_s8l_robust_full2_mius_mix1.out
/home/hs/hvdisp/coadd/results/starlight/z2_s8l_robust_full2_mius_un08.out
/home/hs/hvdisp/coadd/results/starlight/z2_s8l_robust_full2_mius_un13.out
/home/hs/hvdisp/coadd/results/starlight/z2_s8l_robust_full2_mius_un18.out
/home/hs/hvdisp/coadd/results/starlight/z3_s3l_robust_erem1_comb_mix1.out
/home/hs/hvdisp/coadd/results/starlight/z3_s3l_robust_erem1_comb_mix2.out
/home/hs/hvdisp/coadd/results/starlight/z3_s3l_robust_erem1_comb_mix3.out
/home/hs/hvdisp/coadd/results/starlight/z3_s3l_robust_erem1_mius_ku13.out
/home/hs/hvdisp/coadd/results/starlight/z3_s3l_robust_erem1_mius_mix1.out
/home/hs/hvdisp/coadd/results/starlight/z3_s3l_robust_erem1_mius_un08.out
/home/hs/hvdisp/coadd/results/starlight/z3_s3l_robust_erem1_mius_un13.out
/home/hs/hvdisp/coadd/results/starlight/z3_s3l_robust_erem1_mius_un18.out
/home/hs/hvdisp/coadd/results/starlight/z3_s3l_robust_erem2_comb_mix1.out
/home/hs/hvdisp/coadd/results/starlight/z3_s3l_robust_erem2_comb_mix2.out
/home/hs/hvdisp/coadd/results/starlight/z3_s3l_robust_erem2_comb_mix3.out
/home/hs/hvdisp/coadd/results/starlight/z3_s3l_robust_erem2_mius_ku13.out
/home/hs/hvdisp/coadd/results/starlight/z3_s3l_robust_erem2_mius_mix1.out
/home/hs/hvdisp/coadd/results/starlight/z3_s3l_robust_erem2_mius_un08.out
/home/hs/hvdisp/coadd/results/starlight/z3_s3l_robust_erem2_mius_un13.out
/home/hs/hvdisp/coadd/results/starlight/z3_s3l_robust_erem2_mius_un18.out
/home/hs/hvdisp/coadd/results/starlight/z3_s3l_robust_eremf_comb_mix1.out
/home/hs/hvdisp/coadd/results/starlight/z3_s3l_robust_eremf_comb_mix2.out
/home/hs/hvdisp/coadd/results/starlight/z3_s3l_robust_eremf_comb_mix3.out
/home/hs/hvdisp/coadd/results/starlight/z3_s3l_robust_eremf_mius_ku13.out
/home/hs/hvdisp/coadd/results/starlight/z3_s3l_robust_eremf_mius_mix1.out
/home/hs/hvdisp/coadd/results/starlight/z3_s3l_robust_eremf_mius_un08.out
/home/hs/hvdisp/coadd/results/starlight/z3_s3l_robust_eremf_mius_un13.out
/home/hs/hvdisp/coadd/results/starlight/z3_s3l_robust_eremf_mius_un18.out
/home/hs/hvdisp/coadd/results/starlight/z3_s3l_robust_full1_comb_mix1.out
/home/hs/hvdisp/coadd/results/starlight/z3_s3l_robust_full1_comb_mix2.out
/home/hs/hvdisp/coadd/results/starlight/z3_s3l_robust_full1_comb_mix3.out
/home/hs/hvdisp/coadd/results/starlight/z3_s3l_robust_full1_mius_ku13.out
/home/hs/hvdisp/coadd/results/starlight/z3_s3l_robust_full1_mius_mix1.out
/home/hs/hvdisp/coadd/results/starlight/z3_s3l_robust_full1_mius_un08.out
/home/hs/hvdisp/coadd/results/starlight/z3_s3l_robust_full1_mius_un13.out
/home/hs/hvdisp/coadd/results/starlight/z3_s3l_robust_full1_mius_un18.out
/home/hs/hvdisp/coadd/results/starlight/z3_s3l_robust_full2_comb_mix1.out
/home/hs/hvdisp/coadd/results/starlight/z3_s3l_robust_full2_comb_mix2.out
/home/hs/hvdisp/coadd/results/starlight/z3_s3l_robust_full2_comb_mix3.out
/home/hs/hvdisp/coadd/results/starlight/z3_s3l_robust_full2_mius_ku13.out
/home/hs/hvdisp/coadd/results/starlight/z3_s3l_robust_full2_mius_mix1.out
/home/hs/hvdisp/coadd/results/starlight/z3_s3l_robust_full2_mius_un08.out
/home/hs/hvdisp/coadd/results/starlight/z3_s3l_robust_full2_mius_un13.out
/home/hs/hvdisp/coadd/results/starlight/z3_s3l_robust_full2_mius_un18.out
/home/hs/hvdisp/coadd/results/starlight/z3_s4l_robust_erem1_comb_mix1.out
/home/hs/hvdisp/coadd/results/starlight/z3_s4l_robust_erem1_comb_mix2.out
/home/hs/hvdisp/coadd/results/starlight/z3_s4l_robust_erem1_comb_mix3.out
/home/hs/hvdisp/coadd/results/starlight/z3_s4l_robust_erem1_mius_ku13.out
/home/hs/hvdisp/coadd/results/starlight/z3_s4l_robust_erem1_mius_mix1.out
/home/hs/hvdisp/coadd/results/starlight/z3_s4l_robust_erem1_mius_un08.out
/home/hs/hvdisp/coadd/results/starlight/z3_s4l_robust_erem1_mius_un13.out
/home/hs/hvdisp/coadd/results/starlight/z3_s4l_robust_erem1_mius_un18.out
/home/hs/hvdisp/coadd/results/starlight/z3_s4l_robust_erem2_comb_mix1.out
/home/hs/hvdisp/coadd/results/starlight/z3_s4l_robust_erem2_comb_mix2.out
/home/hs/hvdisp/coadd/results/starlight/z3_s4l_robust_erem2_comb_mix3.out
/home/hs/hvdisp/coadd/results/starlight/z3_s4l_robust_erem2_mius_ku13.out
/home/hs/hvdisp/coadd/results/starlight/z3_s4l_robust_erem2_mius_mix1.out
/home/hs/hvdisp/coadd/results/starlight/z3_s4l_robust_erem2_mius_un08.out
/home/hs/hvdisp/coadd/results/starlight/z3_s4l_robust_erem2_mius_un13.out
/home/hs/hvdisp/coadd/results/starlight/z3_s4l_robust_erem2_mius_un18.out
/home/hs/hvdisp/coadd/results/starlight/z3_s4l_robust_eremf_comb_mix1.out
/home/hs/hvdisp/coadd/results/starlight/z3_s4l_robust_eremf_comb_mix2.out
/home/hs/hvdisp/coadd/results/starlight/z3_s4l_robust_eremf_comb_mix3.out
/home/hs/hvdisp/coadd/results/starlight/z3_s4l_robust_eremf_mius_ku13.out
/home/hs/hvdisp/coadd/results/starlight/z3_s4l_robust_eremf_mius_mix1.out
/home/hs/hvdisp/coadd/results/starlight/z3_s4l_robust_eremf_mius_un08.out
/home/hs/hvdisp/coadd/results/starlight/z3_s4l_robust_eremf_mius_un13.out
/home/hs/hvdisp/coadd/results/starlight/z3_s4l_robust_eremf_mius_un18.out
/home/hs/hvdisp/coadd/results/starlight/z3_s4l_robust_full1_comb_mix1.out
/home/hs/hvdisp/coadd/results/starlight/z3_s4l_robust_full1_comb_mix2.out
/home/hs/hvdisp/coadd/results/starlight/z3_s4l_robust_full1_comb_mix3.out
/home/hs/hvdisp/coadd/results/starlight/z3_s4l_robust_full1_mius_ku13.out
/home/hs/hvdisp/coadd/results/starlight/z3_s4l_robust_full1_mius_mix1.out
/home/hs/hvdisp/coadd/results/starlight/z3_s4l_robust_full1_mius_un08.out
/home/hs/hvdisp/coadd/results/starlight/z3_s4l_robust_full1_mius_un13.out
/home/hs/hvdisp/coadd/results/starlight/z3_s4l_robust_full1_mius_un18.out
/home/hs/hvdisp/coadd/results/starlight/z3_s4l_robust_full2_comb_mix1.out
/home/hs/hvdisp/coadd/results/starlight/z3_s4l_robust_full2_comb_mix2.out
/home/hs/hvdisp/coadd/results/starlight/z3_s4l_robust_full2_comb_mix3.out
/home/hs/hvdisp/coadd/results/starlight/z3_s4l_robust_full2_mius_ku13.out
/home/hs/hvdisp/coadd/results/starlight/z3_s4l_robust_full2_mius_mix1.out
/home/hs/hvdisp/coadd/results/starlight/z3_s4l_robust_full2_mius_un08.out
/home/hs/hvdisp/coadd/results/starlight/z3_s4l_robust_full2_mius_un13.out
/home/hs/hvdisp/coadd/results/starlight/z3_s4l_robust_full2_mius_un18.out
/home/hs/hvdisp/coadd/results/starlight/z3_s5l_robust_erem1_comb_mix1.out
/home/hs/hvdisp/coadd/results/starlight/z3_s5l_robust_erem1_comb_mix2.out
/home/hs/hvdisp/coadd/results/starlight/z3_s5l_robust_erem1_comb_mix3.out
/home/hs/hvdisp/coadd/results/starlight/z3_s5l_robust_erem1_mius_ku13.out
/home/hs/hvdisp/coadd/results/starlight/z3_s5l_robust_erem1_mius_mix1.out
/home/hs/hvdisp/coadd/results/starlight/z3_s5l_robust_erem1_mius_un08.out
/home/hs/hvdisp/coadd/results/starlight/z3_s5l_robust_erem1_mius_un13.out
/home/hs/hvdisp/coadd/results/starlight/z3_s5l_robust_erem1_mius_un18.out
/home/hs/hvdisp/coadd/results/starlight/z3_s5l_robust_erem2_comb_mix1.out
/home/hs/hvdisp/coadd/results/starlight/z3_s5l_robust_erem2_comb_mix2.out
/home/hs/hvdisp/coadd/results/starlight/z3_s5l_robust_erem2_comb_mix3.out
/home/hs/hvdisp/coadd/results/starlight/z3_s5l_robust_erem2_mius_ku13.out
/home/hs/hvdisp/coadd/results/starlight/z3_s5l_robust_erem2_mius_mix1.out
/home/hs/hvdisp/coadd/results/starlight/z3_s5l_robust_erem2_mius_un08.out
/home/hs/hvdisp/coadd/results/starlight/z3_s5l_robust_erem2_mius_un13.out
/home/hs/hvdisp/coadd/results/starlight/z3_s5l_robust_erem2_mius_un18.out
/home/hs/hvdisp/coadd/results/starlight/z3_s5l_robust_eremf_comb_mix1.out
/home/hs/hvdisp/coadd/results/starlight/z3_s5l_robust_eremf_comb_mix2.out
/home/hs/hvdisp/coadd/results/starlight/z3_s5l_robust_eremf_comb_mix3.out
/home/hs/hvdisp/coadd/results/starlight/z3_s5l_robust_eremf_mius_ku13.out
/home/hs/hvdisp/coadd/results/starlight/z3_s5l_robust_eremf_mius_mix1.out
/home/hs/hvdisp/coadd/results/starlight/z3_s5l_robust_eremf_mius_un08.out
/home/hs/hvdisp/coadd/results/starlight/z3_s5l_robust_eremf_mius_un13.out
/home/hs/hvdisp/coadd/results/starlight/z3_s5l_robust_eremf_mius_un18.out
/home/hs/hvdisp/coadd/results/starlight/z3_s5l_robust_full1_comb_mix1.out
/home/hs/hvdisp/coadd/results/starlight/z3_s5l_robust_full1_comb_mix2.out
/home/hs/hvdisp/coadd/results/starlight/z3_s5l_robust_full1_comb_mix3.out
/home/hs/hvdisp/coadd/results/starlight/z3_s5l_robust_full1_mius_ku13.out
/home/hs/hvdisp/coadd/results/starlight/z3_s5l_robust_full1_mius_mix1.out
/home/hs/hvdisp/coadd/results/starlight/z3_s5l_robust_full1_mius_un08.out
/home/hs/hvdisp/coadd/results/starlight/z3_s5l_robust_full1_mius_un13.out
/home/hs/hvdisp/coadd/results/starlight/z3_s5l_robust_full1_mius_un18.out
/home/hs/hvdisp/coadd/results/starlight/z3_s5l_robust_full2_comb_mix1.out
/home/hs/hvdisp/coadd/results/starlight/z3_s5l_robust_full2_comb_mix2.out
/home/hs/hvdisp/coadd/results/starlight/z3_s5l_robust_full2_comb_mix3.out
/home/hs/hvdisp/coadd/results/starlight/z3_s5l_robust_full2_mius_ku13.out
/home/hs/hvdisp/coadd/results/starlight/z3_s5l_robust_full2_mius_mix1.out
/home/hs/hvdisp/coadd/results/starlight/z3_s5l_robust_full2_mius_un08.out
/home/hs/hvdisp/coadd/results/starlight/z3_s5l_robust_full2_mius_un13.out
/home/hs/hvdisp/coadd/results/starlight/z3_s5l_robust_full2_mius_un18.out
/home/hs/hvdisp/coadd/results/starlight/z3_s6l_robust_erem1_comb_mix1.out
/home/hs/hvdisp/coadd/results/starlight/z3_s6l_robust_erem1_comb_mix2.out
/home/hs/hvdisp/coadd/results/starlight/z3_s6l_robust_erem1_comb_mix3.out
/home/hs/hvdisp/coadd/results/starlight/z3_s6l_robust_erem1_mius_ku13.out
/home/hs/hvdisp/coadd/results/starlight/z3_s6l_robust_erem1_mius_mix1.out
/home/hs/hvdisp/coadd/results/starlight/z3_s6l_robust_erem1_mius_un08.out
/home/hs/hvdisp/coadd/results/starlight/z3_s6l_robust_erem1_mius_un13.out
/home/hs/hvdisp/coadd/results/starlight/z3_s6l_robust_erem1_mius_un18.out
/home/hs/hvdisp/coadd/results/starlight/z3_s6l_robust_erem2_comb_mix1.out
/home/hs/hvdisp/coadd/results/starlight/z3_s6l_robust_erem2_comb_mix2.out
/home/hs/hvdisp/coadd/results/starlight/z3_s6l_robust_erem2_comb_mix3.out
/home/hs/hvdisp/coadd/results/starlight/z3_s6l_robust_erem2_mius_ku13.out
/home/hs/hvdisp/coadd/results/starlight/z3_s6l_robust_erem2_mius_mix1.out
/home/hs/hvdisp/coadd/results/starlight/z3_s6l_robust_erem2_mius_un08.out
/home/hs/hvdisp/coadd/results/starlight/z3_s6l_robust_erem2_mius_un13.out
/home/hs/hvdisp/coadd/results/starlight/z3_s6l_robust_erem2_mius_un18.out
/home/hs/hvdisp/coadd/results/starlight/z3_s6l_robust_eremf_comb_mix1.out
/home/hs/hvdisp/coadd/results/starlight/z3_s6l_robust_eremf_comb_mix2.out
/home/hs/hvdisp/coadd/results/starlight/z3_s6l_robust_eremf_comb_mix3.out
/home/hs/hvdisp/coadd/results/starlight/z3_s6l_robust_eremf_mius_ku13.out
/home/hs/hvdisp/coadd/results/starlight/z3_s6l_robust_eremf_mius_mix1.out
/home/hs/hvdisp/coadd/results/starlight/z3_s6l_robust_eremf_mius_un08.out
/home/hs/hvdisp/coadd/results/starlight/z3_s6l_robust_eremf_mius_un13.out
/home/hs/hvdisp/coadd/results/starlight/z3_s6l_robust_eremf_mius_un18.out
/home/hs/hvdisp/coadd/results/starlight/z3_s6l_robust_full1_comb_mix1.out
/home/hs/hvdisp/coadd/results/starlight/z3_s6l_robust_full1_comb_mix2.out
/home/hs/hvdisp/coadd/results/starlight/z3_s6l_robust_full1_comb_mix3.out
/home/hs/hvdisp/coadd/results/starlight/z3_s6l_robust_full1_mius_ku13.out
/home/hs/hvdisp/coadd/results/starlight/z3_s6l_robust_full1_mius_mix1.out
/home/hs/hvdisp/coadd/results/starlight/z3_s6l_robust_full1_mius_un08.out
/home/hs/hvdisp/coadd/results/starlight/z3_s6l_robust_full1_mius_un13.out
/home/hs/hvdisp/coadd/results/starlight/z3_s6l_robust_full1_mius_un18.out
/home/hs/hvdisp/coadd/results/starlight/z3_s6l_robust_full2_comb_mix1.out
/home/hs/hvdisp/coadd/results/starlight/z3_s6l_robust_full2_comb_mix2.out
/home/hs/hvdisp/coadd/results/starlight/z3_s6l_robust_full2_comb_mix3.out
/home/hs/hvdisp/coadd/results/starlight/z3_s6l_robust_full2_mius_ku13.out
/home/hs/hvdisp/coadd/results/starlight/z3_s6l_robust_full2_mius_mix1.out
/home/hs/hvdisp/coadd/results/starlight/z3_s6l_robust_full2_mius_un08.out
/home/hs/hvdisp/coadd/results/starlight/z3_s6l_robust_full2_mius_un13.out
/home/hs/hvdisp/coadd/results/starlight/z3_s6l_robust_full2_mius_un18.out
/home/hs/hvdisp/coadd/results/starlight/z3_s7l_robust_erem1_comb_mix1.out
/home/hs/hvdisp/coadd/results/starlight/z3_s7l_robust_erem1_comb_mix2.out
/home/hs/hvdisp/coadd/results/starlight/z3_s7l_robust_erem1_comb_mix3.out
/home/hs/hvdisp/coadd/results/starlight/z3_s7l_robust_erem1_mius_ku13.out
/home/hs/hvdisp/coadd/results/starlight/z3_s7l_robust_erem1_mius_mix1.out
/home/hs/hvdisp/coadd/results/starlight/z3_s7l_robust_erem1_mius_un08.out
/home/hs/hvdisp/coadd/results/starlight/z3_s7l_robust_erem1_mius_un13.out
/home/hs/hvdisp/coadd/results/starlight/z3_s7l_robust_erem1_mius_un18.out
/home/hs/hvdisp/coadd/results/starlight/z3_s7l_robust_erem2_comb_mix1.out
/home/hs/hvdisp/coadd/results/starlight/z3_s7l_robust_erem2_comb_mix2.out
/home/hs/hvdisp/coadd/results/starlight/z3_s7l_robust_erem2_comb_mix3.out
/home/hs/hvdisp/coadd/results/starlight/z3_s7l_robust_erem2_mius_ku13.out
/home/hs/hvdisp/coadd/results/starlight/z3_s7l_robust_erem2_mius_mix1.out
/home/hs/hvdisp/coadd/results/starlight/z3_s7l_robust_erem2_mius_un08.out
/home/hs/hvdisp/coadd/results/starlight/z3_s7l_robust_erem2_mius_un13.out
/home/hs/hvdisp/coadd/results/starlight/z3_s7l_robust_erem2_mius_un18.out
/home/hs/hvdisp/coadd/results/starlight/z3_s7l_robust_eremf_comb_mix1.out
/home/hs/hvdisp/coadd/results/starlight/z3_s7l_robust_eremf_comb_mix2.out
/home/hs/hvdisp/coadd/results/starlight/z3_s7l_robust_eremf_comb_mix3.out
/home/hs/hvdisp/coadd/results/starlight/z3_s7l_robust_eremf_mius_ku13.out
/home/hs/hvdisp/coadd/results/starlight/z3_s7l_robust_eremf_mius_mix1.out
/home/hs/hvdisp/coadd/results/starlight/z3_s7l_robust_eremf_mius_un08.out
/home/hs/hvdisp/coadd/results/starlight/z3_s7l_robust_eremf_mius_un13.out
/home/hs/hvdisp/coadd/results/starlight/z3_s7l_robust_eremf_mius_un18.out
/home/hs/hvdisp/coadd/results/starlight/z3_s7l_robust_full1_comb_mix1.out
/home/hs/hvdisp/coadd/results/starlight/z3_s7l_robust_full1_comb_mix2.out
/home/hs/hvdisp/coadd/results/starlight/z3_s7l_robust_full1_comb_mix3.out
/home/hs/hvdisp/coadd/results/starlight/z3_s7l_robust_full1_mius_ku13.out
/home/hs/hvdisp/coadd/results/starlight/z3_s7l_robust_full1_mius_mix1.out
/home/hs/hvdisp/coadd/results/starlight/z3_s7l_robust_full1_mius_un08.out
/home/hs/hvdisp/coadd/results/starlight/z3_s7l_robust_full1_mius_un13.out
/home/hs/hvdisp/coadd/results/starlight/z3_s7l_robust_full1_mius_un18.out
/home/hs/hvdisp/coadd/results/starlight/z3_s7l_robust_full2_comb_mix1.out
/home/hs/hvdisp/coadd/results/starlight/z3_s7l_robust_full2_comb_mix2.out
/home/hs/hvdisp/coadd/results/starlight/z3_s7l_robust_full2_comb_mix3.out
/home/hs/hvdisp/coadd/results/starlight/z3_s7l_robust_full2_mius_ku13.out
/home/hs/hvdisp/coadd/results/starlight/z3_s7l_robust_full2_mius_mix1.out
/home/hs/hvdisp/coadd/results/starlight/z3_s7l_robust_full2_mius_un08.out
/home/hs/hvdisp/coadd/results/starlight/z3_s7l_robust_full2_mius_un13.out
/home/hs/hvdisp/coadd/results/starlight/z3_s7l_robust_full2_mius_un18.out
/home/hs/hvdisp/coadd/results/starlight/z3_s8l_robust_erem1_comb_mix1.out
/home/hs/hvdisp/coadd/results/starlight/z3_s8l_robust_erem1_comb_mix2.out
/home/hs/hvdisp/coadd/results/starlight/z3_s8l_robust_erem1_comb_mix3.out
/home/hs/hvdisp/coadd/results/starlight/z3_s8l_robust_erem1_mius_ku13.out
/home/hs/hvdisp/coadd/results/starlight/z3_s8l_robust_erem1_mius_mix1.out
/home/hs/hvdisp/coadd/results/starlight/z3_s8l_robust_erem1_mius_un08.out
/home/hs/hvdisp/coadd/results/starlight/z3_s8l_robust_erem1_mius_un13.out
/home/hs/hvdisp/coadd/results/starlight/z3_s8l_robust_erem1_mius_un18.out
/home/hs/hvdisp/coadd/results/starlight/z3_s8l_robust_erem2_comb_mix1.out
/home/hs/hvdisp/coadd/results/starlight/z3_s8l_robust_erem2_comb_mix2.out
/home/hs/hvdisp/coadd/results/starlight/z3_s8l_robust_erem2_comb_mix3.out
/home/hs/hvdisp/coadd/results/starlight/z3_s8l_robust_erem2_mius_ku13.out
/home/hs/hvdisp/coadd/results/starlight/z3_s8l_robust_erem2_mius_mix1.out
/home/hs/hvdisp/coadd/results/starlight/z3_s8l_robust_erem2_mius_un08.out
/home/hs/hvdisp/coadd/results/starlight/z3_s8l_robust_erem2_mius_un13.out
/home/hs/hvdisp/coadd/results/starlight/z3_s8l_robust_erem2_mius_un18.out
/home/hs/hvdisp/coadd/results/starlight/z3_s8l_robust_eremf_comb_mix1.out
/home/hs/hvdisp/coadd/results/starlight/z3_s8l_robust_eremf_comb_mix2.out
/home/hs/hvdisp/coadd/results/starlight/z3_s8l_robust_eremf_comb_mix3.out
/home/hs/hvdisp/coadd/results/starlight/z3_s8l_robust_eremf_mius_ku13.out
/home/hs/hvdisp/coadd/results/starlight/z3_s8l_robust_eremf_mius_mix1.out
/home/hs/hvdisp/coadd/results/starlight/z3_s8l_robust_eremf_mius_un08.out
/home/hs/hvdisp/coadd/results/starlight/z3_s8l_robust_eremf_mius_un13.out
/home/hs/hvdisp/coadd/results/starlight/z3_s8l_robust_eremf_mius_un18.out
/home/hs/hvdisp/coadd/results/starlight/z3_s8l_robust_full1_comb_mix1.out
/home/hs/hvdisp/coadd/results/starlight/z3_s8l_robust_full1_comb_mix2.out
/home/hs/hvdisp/coadd/results/starlight/z3_s8l_robust_full1_comb_mix3.out
/home/hs/hvdisp/coadd/results/starlight/z3_s8l_robust_full1_mius_ku13.out
/home/hs/hvdisp/coadd/results/starlight/z3_s8l_robust_full1_mius_mix1.out
/home/hs/hvdisp/coadd/results/starlight/z3_s8l_robust_full1_mius_un08.out
/home/hs/hvdisp/coadd/results/starlight/z3_s8l_robust_full1_mius_un13.out
/home/hs/hvdisp/coadd/results/starlight/z3_s8l_robust_full1_mius_un18.out
/home/hs/hvdisp/coadd/results/starlight/z3_s8l_robust_full2_comb_mix1.out
/home/hs/hvdisp/coadd/results/starlight/z3_s8l_robust_full2_comb_mix2.out
/home/hs/hvdisp/coadd/results/starlight/z3_s8l_robust_full2_comb_mix3.out
/home/hs/hvdisp/coadd/results/starlight/z3_s8l_robust_full2_mius_ku13.out
/home/hs/hvdisp/coadd/results/starlight/z3_s8l_robust_full2_mius_mix1.out
/home/hs/hvdisp/coadd/results/starlight/z3_s8l_robust_full2_mius_un08.out
/home/hs/hvdisp/coadd/results/starlight/z3_s8l_robust_full2_mius_un13.out
/home/hs/hvdisp/coadd/results/starlight/z3_s8l_robust_full2_mius_un18.out
