Lick_CN1      4142.125  4177.125  4080.125  4117.625  4244.125  4284.125   1
Lick_CN2      4142.125  4177.125  4083.875  4096.375  4244.125  4284.125   1
Lick_Ca4227   4222.250  4234.750  4211.000  4219.750  4241.000  4251.000   0
Lick_G4300    4281.375  4316.375  4266.375  4282.625  4318.875  4335.125   0
Lick_Fe4383   4369.125  4420.375  4359.125  4370.375  4442.875  4455.375   0
Lick_Ca4455   4452.125  4474.625  4445.875  4454.625  4477.125  4492.125   0
Lick_Fe4531   4514.250  4559.250  4504.250  4514.250  4560.500  4579.250   0
Lick_C4668    4634.000  4720.250  4611.500  4630.250  4742.750  4756.500   0
Lick_Hb       4847.875  4876.625  4827.875  4847.875  4876.625  4891.625   0
Lick_Fe5015   4977.750  5054.000  4946.500  4977.750  5054.000  5065.250   0
Lick_Mg1      5069.125  5134.125  4895.125  4957.625  5301.125  5366.125   1
Lick_Mg2      5154.125  5196.625  4895.125  4957.625  5301.125  5366.125   1
Lick_Mgb      5160.125  5192.625  5142.625  5161.375  5191.375  5206.375   0
Lick_Fe5270   5245.650  5285.650  5233.150  5248.150  5285.650  5318.150   0
Lick_Fe5335   5312.125  5352.125  5304.625  5315.875  5353.375  5363.375   0
Lick_Fe5406   5387.500  5415.000  5376.250  5387.500  5415.000  5425.000   0
Lick_Fe5709   5696.625  5720.375  5672.857  5696.625  5722.875  5736.625   0
Lick_Fe5782   5776.625  5796.625  5765.375  5775.375  5797.875  5811.625   0
Lick_NaD      5876.875  5909.375  5860.625  5875.625  5922.125  5948.125   0
Lick_TiO1     5936.625  5994.125  5816.625  5849.125  6038.625  6103.625   1
Lick_TiO2     6189.625  6272.125  6066.625  6141.625  6372.625  6415.125   1
Lick_Hd_A     4083.500  4122.250  4041.600  4079.750  4128.500  4161.000   0 
Lick_Hd_F     4091.000  4112.250  4057.250  4088.500  4114.750  4137.250   0
Lick_Hg_A     4319.750  4363.500  4283.500  4319.750  4367.250  4419.750   0 
Lick_Hg_F     4331.250  4352.250  4283.500  4319.750  4354.750  4384.750   0
BH_CNB        3810.0    3910.0    3785.0    3810.0    3910.0    3925.0     1
BH_HK         3925.0    3995.0    3910.0    3925.0    3995.0    4010.0     1
BH_CaI        4215.0    4245.0    4200.0    4215.0    4245.0    4260.0     1
BH_G          4285.0    4315.0    4275.0    4285.0    4315.0    4325.0     1
BH_Hb         4830.0    4890.0    4800.0    4830.0    4890.0    4920.0     1
BH_MgG        5150.0    5195.0    5125.0    5150.0    5195.0    5220.0     1
BH_MH         4940.0    5350.0    4740.0    4940.0    5350.0    5550.0     1
BH_FC         5250.0    5280.0    5225.0    5250.0    5280.0    5305.0     1
BH_NaD        5865.0    5920.0    5835.0    5865.0    5920.0    5950.0     1
D4000         0.000     0.000     3750.000  3950.000  4050.000  4250.000   2 
Dn4000        0.000     0.000     3850.000  3950.000  4000.000  4100.000   2
S05_CO4685	  4626.4    4743.3	  4557.3    4589.5	  4805.1    4835.3     0 
S05_CO5161	  5154.3    5167.3	  5108.4    5138.8	  5188.4    5202.0     0 
S05_CNO3862	  3840.3    3883.4	  3768.1    3812.3	  3896.4    3916.2     0 
S05_CNO4175	  4129.4    4219.8	  4082.5    4123.3	  4243.3    4284.2     0 
S05_Mg3835	  3823.4    3847.6	  3754.7    3782.0	  3850.0    3865.0     0 
S05_Mg4780	  4760.8    4798.8	  4738.9    4757.3	  4819.8    4835.5     0 
S05_Al3953	  3937.6    3967.4	  3921.3    3935.5	  3969.5    3987.0     0 
S05_Si4101	  4093.3    4107.8	  4057.9    4075.3	  4111.5    4131.0     0 
S05_Si4513	  4490.8    4534.6	  4448.7    4487.6	  4541.1    4572.7     0 
S05_K4042	  4035.9    4047.5	  4014.9    4029.0	  4054.7    4070.4     0 
S05_CaHK	  3899.5    4003.5	  3806.5    3833.8	  4020.7    4052.4     0 
S05_S4693	  4680.6    4704.4	  4652.2    4677.3	  4717.6    4737.7     0 
S05_Sc4312	  4303.0    4320.7	  4286.1    4300.6	  4335.8    4354.4     0 
S05_Sc6292	  6265.1    6318.8	  6199.2    6231.1	  6320.9    6366.5     0 
S05_Ti4296	  4283.6    4308.2	  4253.8    4274.4	  4324.5    4343.0     0 
S05_Ti4533	  4525.3    4541.1	  4486.3    4506.2	  4548.7    4561.3     0 
S05_Ti5000	  4973.1    5026.1	  4930.6    4959.4	  5035.4    5052.5     0 
S05_V4112	  4086.4    4138.5	  4057.1    4074.3	  4145.0    4160.5     0 
S05_V4928	  4919.6    4937.4	  4899.8    4914.8	  4951.8    4965.2     0 
S05_V6604	  6592.2    6615.4	  6516.5    6549.7	  6655.8    6693.8     0 
S05_Cr4264	  4246.8    4281.3	  4179.3    4195.6	  4310.7    4334.7     0 
S05_Cr5206	  5198.9    5213.6	  5130.0    5149.2	  5240.3    5257.0     0 
S05_Mn3794	  3780.9    3806.1	  3744.9    3769.6	  3847.9    3865.3     0 
S05_Mn4018	  3992.6    4044.4	  3940.9    3962.3	  4096.3    4121.5     0 
S05_Mn4061	  4443.3    4477.7	  4386.8    4406.9	  4506.1    4530.3     0 
S05_Mn4757	  4741.5    4773.4	  4715.6    4737.8	  4792.4    4812.1     0 
S05_Fe4058	  4037.9    4078.4	  4009.0    4031.1	  4107.6    4125.7     0 
S05_Fe4930	  4907.0    4943.8	  4894.5    4907.0	  4943.8    4954.5     0 
S05_Co3840	  3831.4    3849.3	  3772.7    3810.2	  3850.4    3863.4     0 
S05_Co3876	  3864.5    3887.0	  3850.4    3863.4	  3909.3    3934.4     0 
S05_Co7815	  7781.9    7845.5	  7723.0    7777.2	  7847.6    7870.2     0 
S05_Co8185	  8162.8    8207.5	  8102.0    8142.9	  8214.1    8255.0     0 
S05_Ni3667	  3655.1    3679.4	  3630.4    3646.6	  3685.4    3705.3     0 
S05_Ni3780	  3766.1    3794.7	  3749.4    3764.4	  3800.1    3815.6     0 
S05_Ni4292	  4279.6    4305.4	  4260.9    4275.3	  4307.4    4323.6     0 
S05_Ni4910	  4897.4    4922.1	  4879.3    4895.8	  4953.2    4969.4     0 
S05_Ni4976	  4966.0    4986.3	  4951.5    4964.4	  5016.8    5028.9     0 
S05_Ni5592	  5578.3    5605.4	  5521.1    5542.7	  5612.6    5632.6     0 
S05_Cu5217	  5209.1    5225.3	  5160.9    5186.9	  5247.5    5275.8     0 
S05_Cu5780	  5772.3    5787.3	  5720.1    5753.2	  5808.0    5830.8     0 
S05_Zn4720	  4708.7    4731.5	  4652.7    4670.0	  4755.4    4775.5     0 
S05_Ba4552	  4545.4    4558.5	  4522.2    4535.0	  4559.5    4578.8     0 
S05_Ba4933	  4922.8    4943.3	  4902.7    4916.1	  4967.2    4992.7     0 
S05_Ba6142	  6130.7    6152.6	  6105.8    6128.2	  6176.3    6209.6     0 
S05_Sr4076	  4069.0    4082.2	  4038.4    4055.6	  4105.3    4126.8     0 
S05_Eu3970	  3962.8    3976.7	  3929.0    3945.8	  3980.7    3993.9     0 
S05_Eu4592	  4584.8    4598.8	  4533.5    4550.8	  4626.3    4645.7     0 
Lick_CN1_EW   4142.125  4177.125  4080.125  4117.625  4244.125  4284.125   0
Lick_CN2_EW   4142.125  4177.125  4083.875  4096.375  4244.125  4284.125   0
Lick_Mg1_EW   5069.125  5134.125  4895.125  4957.625  5301.125  5366.125   0
Lick_Mg2_EW   5154.125  5196.625  4895.125  4957.625  5301.125  5366.125   0
BH_CNB_EW     3810.0    3910.0    3785.0    3810.0    3910.0    3925.0     0 
BH_HK_EW      3925.0    3995.0    3910.0    3925.0    3995.0    4010.0     0 
BH_CaI_EW     4215.0    4245.0    4200.0    4215.0    4245.0    4260.0     0 
BH_G_EW       4285.0    4315.0    4275.0    4285.0    4315.0    4325.0     0 
BH_Hb_EW      4830.0    4890.0    4800.0    4830.0    4890.0    4920.0     0 
BH_MgG_EW     5150.0    5195.0    5125.0    5150.0    5195.0    5220.0     0 
BH_MH_EW      4940.0    5350.0    4740.0    4940.0    5350.0    5550.0     0 
BH_FC_EW      5250.0    5280.0    5225.0    5250.0    5280.0    5305.0     0 
BH_NaD_EW     5865.0    5920.0    5835.0    5865.0    5920.0    5950.0     0 
SP_bTiO       4757.1696 4798.6586 4741.4238 4755.1701 4826.5262 4846.5209  1
SP_bTiO_EW    4757.1696 4798.6586 4741.4238 4755.1701 4826.5262 4846.5209  0
SP_aTiO       5443.4870 5598.4456 5418.4937 5440.4878 5628.4376 5653.4309  1
SP_aTiO_EW    5443.4870 5598.4456 5418.4937 5440.4878 5628.4376 5653.4309  0
SP_CaH1       6355.7427 6399.9808 6340.3718 6354.7429 6406.7290 6427.9733  1
SP_CaH1_EW    6355.7427 6399.9808 6340.3718 6354.7429 6406.7290 6427.9733  0
SP_CaH2       6773.1305 6898.0968 6508.2017 6537.4438 7015.0653 7062.0527  1 
SP_CaH2_EW    6773.1305 6898.0968 6508.2017 6537.4438 7015.0653 7062.0527  0 
LB_TiO2       6189.625  6272.125  6066.625  6141.625  6422.000  6455.000   1
LB_TiO2_EW    6189.625  6272.125  6066.625  6141.625  6422.000  6455.000   0
LB_NaI8190    8180.000  8200.000  8143.000  8153.000  8233.000  8244.000   0
TiO_CaH       6600.000  6817.000  6520.000  6545.000  7035.000  7050.000   0 
TiO3_Chen     6600.000  6723.000  6520.000  6545.000  7035.000  7050.000   0 
CaH_Chen      6775.000  6817.000  6520.000  6545.000  7035.000  7050.000   0 
