/home/hs/hvdisp/coadd/results/starlight/z0_s1k_median_erem1_comb_mix1.out
/home/hs/hvdisp/coadd/results/starlight/z0_s1k_median_erem1_comb_mix2.out
/home/hs/hvdisp/coadd/results/starlight/z0_s1k_median_erem1_comb_mix3.out
/home/hs/hvdisp/coadd/results/starlight/z0_s1k_median_erem1_mius_ku13.out
/home/hs/hvdisp/coadd/results/starlight/z0_s1k_median_erem1_mius_mix1.out
/home/hs/hvdisp/coadd/results/starlight/z0_s1k_median_erem1_mius_un08.out
/home/hs/hvdisp/coadd/results/starlight/z0_s1k_median_erem1_mius_un13.out
/home/hs/hvdisp/coadd/results/starlight/z0_s1k_median_erem1_mius_un18.out
/home/hs/hvdisp/coadd/results/starlight/z0_s1k_median_erem2_comb_mix1.out
/home/hs/hvdisp/coadd/results/starlight/z0_s1k_median_erem2_comb_mix2.out
/home/hs/hvdisp/coadd/results/starlight/z0_s1k_median_erem2_comb_mix3.out
/home/hs/hvdisp/coadd/results/starlight/z0_s1k_median_erem2_mius_ku13.out
/home/hs/hvdisp/coadd/results/starlight/z0_s1k_median_erem2_mius_mix1.out
/home/hs/hvdisp/coadd/results/starlight/z0_s1k_median_erem2_mius_un08.out
/home/hs/hvdisp/coadd/results/starlight/z0_s1k_median_erem2_mius_un13.out
/home/hs/hvdisp/coadd/results/starlight/z0_s1k_median_erem2_mius_un18.out
/home/hs/hvdisp/coadd/results/starlight/z0_s1k_median_eremf_comb_mix1.out
/home/hs/hvdisp/coadd/results/starlight/z0_s1k_median_eremf_comb_mix2.out
/home/hs/hvdisp/coadd/results/starlight/z0_s1k_median_eremf_comb_mix3.out
/home/hs/hvdisp/coadd/results/starlight/z0_s1k_median_eremf_mius_ku13.out
/home/hs/hvdisp/coadd/results/starlight/z0_s1k_median_eremf_mius_mix1.out
/home/hs/hvdisp/coadd/results/starlight/z0_s1k_median_eremf_mius_un08.out
/home/hs/hvdisp/coadd/results/starlight/z0_s1k_median_eremf_mius_un13.out
/home/hs/hvdisp/coadd/results/starlight/z0_s1k_median_eremf_mius_un18.out
/home/hs/hvdisp/coadd/results/starlight/z0_s1k_median_full1_comb_mix1.out
/home/hs/hvdisp/coadd/results/starlight/z0_s1k_median_full1_comb_mix2.out
/home/hs/hvdisp/coadd/results/starlight/z0_s1k_median_full1_comb_mix3.out
/home/hs/hvdisp/coadd/results/starlight/z0_s1k_median_full1_mius_ku13.out
/home/hs/hvdisp/coadd/results/starlight/z0_s1k_median_full1_mius_mix1.out
/home/hs/hvdisp/coadd/results/starlight/z0_s1k_median_full1_mius_un08.out
/home/hs/hvdisp/coadd/results/starlight/z0_s1k_median_full1_mius_un13.out
/home/hs/hvdisp/coadd/results/starlight/z0_s1k_median_full1_mius_un18.out
/home/hs/hvdisp/coadd/results/starlight/z0_s1k_median_full2_comb_mix1.out
/home/hs/hvdisp/coadd/results/starlight/z0_s1k_median_full2_comb_mix2.out
/home/hs/hvdisp/coadd/results/starlight/z0_s1k_median_full2_comb_mix3.out
/home/hs/hvdisp/coadd/results/starlight/z0_s1k_median_full2_mius_ku13.out
/home/hs/hvdisp/coadd/results/starlight/z0_s1k_median_full2_mius_mix1.out
/home/hs/hvdisp/coadd/results/starlight/z0_s1k_median_full2_mius_un08.out
/home/hs/hvdisp/coadd/results/starlight/z0_s1k_median_full2_mius_un13.out
/home/hs/hvdisp/coadd/results/starlight/z0_s1k_median_full2_mius_un18.out
/home/hs/hvdisp/coadd/results/starlight/z0_s2k_median_erem1_comb_mix1.out
/home/hs/hvdisp/coadd/results/starlight/z0_s2k_median_erem1_comb_mix2.out
/home/hs/hvdisp/coadd/results/starlight/z0_s2k_median_erem1_comb_mix3.out
/home/hs/hvdisp/coadd/results/starlight/z0_s2k_median_erem1_mius_ku13.out
/home/hs/hvdisp/coadd/results/starlight/z0_s2k_median_erem1_mius_mix1.out
/home/hs/hvdisp/coadd/results/starlight/z0_s2k_median_erem1_mius_un08.out
/home/hs/hvdisp/coadd/results/starlight/z0_s2k_median_erem1_mius_un13.out
/home/hs/hvdisp/coadd/results/starlight/z0_s2k_median_erem1_mius_un18.out
/home/hs/hvdisp/coadd/results/starlight/z0_s2k_median_erem2_comb_mix1.out
/home/hs/hvdisp/coadd/results/starlight/z0_s2k_median_erem2_comb_mix2.out
/home/hs/hvdisp/coadd/results/starlight/z0_s2k_median_erem2_comb_mix3.out
/home/hs/hvdisp/coadd/results/starlight/z0_s2k_median_erem2_mius_ku13.out
/home/hs/hvdisp/coadd/results/starlight/z0_s2k_median_erem2_mius_mix1.out
/home/hs/hvdisp/coadd/results/starlight/z0_s2k_median_erem2_mius_un08.out
/home/hs/hvdisp/coadd/results/starlight/z0_s2k_median_erem2_mius_un13.out
/home/hs/hvdisp/coadd/results/starlight/z0_s2k_median_erem2_mius_un18.out
/home/hs/hvdisp/coadd/results/starlight/z0_s2k_median_eremf_comb_mix1.out
/home/hs/hvdisp/coadd/results/starlight/z0_s2k_median_eremf_comb_mix2.out
/home/hs/hvdisp/coadd/results/starlight/z0_s2k_median_eremf_comb_mix3.out
/home/hs/hvdisp/coadd/results/starlight/z0_s2k_median_eremf_mius_ku13.out
/home/hs/hvdisp/coadd/results/starlight/z0_s2k_median_eremf_mius_mix1.out
/home/hs/hvdisp/coadd/results/starlight/z0_s2k_median_eremf_mius_un08.out
/home/hs/hvdisp/coadd/results/starlight/z0_s2k_median_eremf_mius_un13.out
/home/hs/hvdisp/coadd/results/starlight/z0_s2k_median_eremf_mius_un18.out
/home/hs/hvdisp/coadd/results/starlight/z0_s2k_median_full1_comb_mix1.out
/home/hs/hvdisp/coadd/results/starlight/z0_s2k_median_full1_comb_mix2.out
/home/hs/hvdisp/coadd/results/starlight/z0_s2k_median_full1_comb_mix3.out
/home/hs/hvdisp/coadd/results/starlight/z0_s2k_median_full1_mius_ku13.out
/home/hs/hvdisp/coadd/results/starlight/z0_s2k_median_full1_mius_mix1.out
/home/hs/hvdisp/coadd/results/starlight/z0_s2k_median_full1_mius_un08.out
/home/hs/hvdisp/coadd/results/starlight/z0_s2k_median_full1_mius_un13.out
/home/hs/hvdisp/coadd/results/starlight/z0_s2k_median_full1_mius_un18.out
/home/hs/hvdisp/coadd/results/starlight/z0_s2k_median_full2_comb_mix1.out
/home/hs/hvdisp/coadd/results/starlight/z0_s2k_median_full2_comb_mix2.out
/home/hs/hvdisp/coadd/results/starlight/z0_s2k_median_full2_comb_mix3.out
/home/hs/hvdisp/coadd/results/starlight/z0_s2k_median_full2_mius_ku13.out
/home/hs/hvdisp/coadd/results/starlight/z0_s2k_median_full2_mius_mix1.out
/home/hs/hvdisp/coadd/results/starlight/z0_s2k_median_full2_mius_un08.out
/home/hs/hvdisp/coadd/results/starlight/z0_s2k_median_full2_mius_un13.out
/home/hs/hvdisp/coadd/results/starlight/z0_s2k_median_full2_mius_un18.out
/home/hs/hvdisp/coadd/results/starlight/z0_s3k_median_erem1_comb_mix1.out
/home/hs/hvdisp/coadd/results/starlight/z0_s3k_median_erem1_comb_mix2.out
/home/hs/hvdisp/coadd/results/starlight/z0_s3k_median_erem1_comb_mix3.out
/home/hs/hvdisp/coadd/results/starlight/z0_s3k_median_erem1_mius_ku13.out
/home/hs/hvdisp/coadd/results/starlight/z0_s3k_median_erem1_mius_mix1.out
/home/hs/hvdisp/coadd/results/starlight/z0_s3k_median_erem1_mius_un08.out
/home/hs/hvdisp/coadd/results/starlight/z0_s3k_median_erem1_mius_un13.out
/home/hs/hvdisp/coadd/results/starlight/z0_s3k_median_erem1_mius_un18.out
/home/hs/hvdisp/coadd/results/starlight/z0_s3k_median_erem2_comb_mix1.out
/home/hs/hvdisp/coadd/results/starlight/z0_s3k_median_erem2_comb_mix2.out
/home/hs/hvdisp/coadd/results/starlight/z0_s3k_median_erem2_comb_mix3.out
/home/hs/hvdisp/coadd/results/starlight/z0_s3k_median_erem2_mius_ku13.out
/home/hs/hvdisp/coadd/results/starlight/z0_s3k_median_erem2_mius_mix1.out
/home/hs/hvdisp/coadd/results/starlight/z0_s3k_median_erem2_mius_un08.out
/home/hs/hvdisp/coadd/results/starlight/z0_s3k_median_erem2_mius_un13.out
/home/hs/hvdisp/coadd/results/starlight/z0_s3k_median_erem2_mius_un18.out
/home/hs/hvdisp/coadd/results/starlight/z0_s3k_median_eremf_comb_mix1.out
/home/hs/hvdisp/coadd/results/starlight/z0_s3k_median_eremf_comb_mix2.out
/home/hs/hvdisp/coadd/results/starlight/z0_s3k_median_eremf_comb_mix3.out
/home/hs/hvdisp/coadd/results/starlight/z0_s3k_median_eremf_mius_ku13.out
/home/hs/hvdisp/coadd/results/starlight/z0_s3k_median_eremf_mius_mix1.out
/home/hs/hvdisp/coadd/results/starlight/z0_s3k_median_eremf_mius_un08.out
/home/hs/hvdisp/coadd/results/starlight/z0_s3k_median_eremf_mius_un13.out
/home/hs/hvdisp/coadd/results/starlight/z0_s3k_median_eremf_mius_un18.out
/home/hs/hvdisp/coadd/results/starlight/z0_s3k_median_full1_comb_mix1.out
/home/hs/hvdisp/coadd/results/starlight/z0_s3k_median_full1_comb_mix2.out
/home/hs/hvdisp/coadd/results/starlight/z0_s3k_median_full1_comb_mix3.out
/home/hs/hvdisp/coadd/results/starlight/z0_s3k_median_full1_mius_ku13.out
/home/hs/hvdisp/coadd/results/starlight/z0_s3k_median_full1_mius_mix1.out
/home/hs/hvdisp/coadd/results/starlight/z0_s3k_median_full1_mius_un08.out
/home/hs/hvdisp/coadd/results/starlight/z0_s3k_median_full1_mius_un13.out
/home/hs/hvdisp/coadd/results/starlight/z0_s3k_median_full1_mius_un18.out
/home/hs/hvdisp/coadd/results/starlight/z0_s3k_median_full2_comb_mix1.out
/home/hs/hvdisp/coadd/results/starlight/z0_s3k_median_full2_comb_mix2.out
/home/hs/hvdisp/coadd/results/starlight/z0_s3k_median_full2_comb_mix3.out
/home/hs/hvdisp/coadd/results/starlight/z0_s3k_median_full2_mius_ku13.out
/home/hs/hvdisp/coadd/results/starlight/z0_s3k_median_full2_mius_mix1.out
/home/hs/hvdisp/coadd/results/starlight/z0_s3k_median_full2_mius_un08.out
/home/hs/hvdisp/coadd/results/starlight/z0_s3k_median_full2_mius_un13.out
/home/hs/hvdisp/coadd/results/starlight/z0_s3k_median_full2_mius_un18.out
/home/hs/hvdisp/coadd/results/starlight/z0_s4k_median_erem1_comb_mix1.out
/home/hs/hvdisp/coadd/results/starlight/z0_s4k_median_erem1_comb_mix2.out
/home/hs/hvdisp/coadd/results/starlight/z0_s4k_median_erem1_comb_mix3.out
/home/hs/hvdisp/coadd/results/starlight/z0_s4k_median_erem1_mius_ku13.out
/home/hs/hvdisp/coadd/results/starlight/z0_s4k_median_erem1_mius_mix1.out
/home/hs/hvdisp/coadd/results/starlight/z0_s4k_median_erem1_mius_un08.out
/home/hs/hvdisp/coadd/results/starlight/z0_s4k_median_erem1_mius_un13.out
/home/hs/hvdisp/coadd/results/starlight/z0_s4k_median_erem1_mius_un18.out
/home/hs/hvdisp/coadd/results/starlight/z0_s4k_median_erem2_comb_mix1.out
/home/hs/hvdisp/coadd/results/starlight/z0_s4k_median_erem2_comb_mix2.out
/home/hs/hvdisp/coadd/results/starlight/z0_s4k_median_erem2_comb_mix3.out
/home/hs/hvdisp/coadd/results/starlight/z0_s4k_median_erem2_mius_ku13.out
/home/hs/hvdisp/coadd/results/starlight/z0_s4k_median_erem2_mius_mix1.out
/home/hs/hvdisp/coadd/results/starlight/z0_s4k_median_erem2_mius_un08.out
/home/hs/hvdisp/coadd/results/starlight/z0_s4k_median_erem2_mius_un13.out
/home/hs/hvdisp/coadd/results/starlight/z0_s4k_median_erem2_mius_un18.out
/home/hs/hvdisp/coadd/results/starlight/z0_s4k_median_eremf_comb_mix1.out
/home/hs/hvdisp/coadd/results/starlight/z0_s4k_median_eremf_comb_mix2.out
/home/hs/hvdisp/coadd/results/starlight/z0_s4k_median_eremf_comb_mix3.out
/home/hs/hvdisp/coadd/results/starlight/z0_s4k_median_eremf_mius_ku13.out
/home/hs/hvdisp/coadd/results/starlight/z0_s4k_median_eremf_mius_mix1.out
/home/hs/hvdisp/coadd/results/starlight/z0_s4k_median_eremf_mius_un08.out
/home/hs/hvdisp/coadd/results/starlight/z0_s4k_median_eremf_mius_un13.out
/home/hs/hvdisp/coadd/results/starlight/z0_s4k_median_eremf_mius_un18.out
/home/hs/hvdisp/coadd/results/starlight/z0_s4k_median_full1_comb_mix1.out
/home/hs/hvdisp/coadd/results/starlight/z0_s4k_median_full1_comb_mix2.out
/home/hs/hvdisp/coadd/results/starlight/z0_s4k_median_full1_comb_mix3.out
/home/hs/hvdisp/coadd/results/starlight/z0_s4k_median_full1_mius_ku13.out
/home/hs/hvdisp/coadd/results/starlight/z0_s4k_median_full1_mius_mix1.out
/home/hs/hvdisp/coadd/results/starlight/z0_s4k_median_full1_mius_un08.out
/home/hs/hvdisp/coadd/results/starlight/z0_s4k_median_full1_mius_un13.out
/home/hs/hvdisp/coadd/results/starlight/z0_s4k_median_full1_mius_un18.out
/home/hs/hvdisp/coadd/results/starlight/z0_s4k_median_full2_comb_mix1.out
/home/hs/hvdisp/coadd/results/starlight/z0_s4k_median_full2_comb_mix2.out
/home/hs/hvdisp/coadd/results/starlight/z0_s4k_median_full2_comb_mix3.out
/home/hs/hvdisp/coadd/results/starlight/z0_s4k_median_full2_mius_ku13.out
/home/hs/hvdisp/coadd/results/starlight/z0_s4k_median_full2_mius_mix1.out
/home/hs/hvdisp/coadd/results/starlight/z0_s4k_median_full2_mius_un08.out
/home/hs/hvdisp/coadd/results/starlight/z0_s4k_median_full2_mius_un13.out
/home/hs/hvdisp/coadd/results/starlight/z0_s4k_median_full2_mius_un18.out
/home/hs/hvdisp/coadd/results/starlight/z0_s5k_median_erem1_comb_mix1.out
/home/hs/hvdisp/coadd/results/starlight/z0_s5k_median_erem1_comb_mix2.out
/home/hs/hvdisp/coadd/results/starlight/z0_s5k_median_erem1_comb_mix3.out
/home/hs/hvdisp/coadd/results/starlight/z0_s5k_median_erem1_mius_ku13.out
/home/hs/hvdisp/coadd/results/starlight/z0_s5k_median_erem1_mius_mix1.out
/home/hs/hvdisp/coadd/results/starlight/z0_s5k_median_erem1_mius_un08.out
/home/hs/hvdisp/coadd/results/starlight/z0_s5k_median_erem1_mius_un13.out
/home/hs/hvdisp/coadd/results/starlight/z0_s5k_median_erem1_mius_un18.out
/home/hs/hvdisp/coadd/results/starlight/z0_s5k_median_erem2_comb_mix1.out
/home/hs/hvdisp/coadd/results/starlight/z0_s5k_median_erem2_comb_mix2.out
/home/hs/hvdisp/coadd/results/starlight/z0_s5k_median_erem2_comb_mix3.out
/home/hs/hvdisp/coadd/results/starlight/z0_s5k_median_erem2_mius_ku13.out
/home/hs/hvdisp/coadd/results/starlight/z0_s5k_median_erem2_mius_mix1.out
/home/hs/hvdisp/coadd/results/starlight/z0_s5k_median_erem2_mius_un08.out
/home/hs/hvdisp/coadd/results/starlight/z0_s5k_median_erem2_mius_un13.out
/home/hs/hvdisp/coadd/results/starlight/z0_s5k_median_erem2_mius_un18.out
/home/hs/hvdisp/coadd/results/starlight/z0_s5k_median_eremf_comb_mix1.out
/home/hs/hvdisp/coadd/results/starlight/z0_s5k_median_eremf_comb_mix2.out
/home/hs/hvdisp/coadd/results/starlight/z0_s5k_median_eremf_comb_mix3.out
/home/hs/hvdisp/coadd/results/starlight/z0_s5k_median_eremf_mius_ku13.out
/home/hs/hvdisp/coadd/results/starlight/z0_s5k_median_eremf_mius_mix1.out
/home/hs/hvdisp/coadd/results/starlight/z0_s5k_median_eremf_mius_un08.out
/home/hs/hvdisp/coadd/results/starlight/z0_s5k_median_eremf_mius_un13.out
/home/hs/hvdisp/coadd/results/starlight/z0_s5k_median_eremf_mius_un18.out
/home/hs/hvdisp/coadd/results/starlight/z0_s5k_median_full1_comb_mix1.out
/home/hs/hvdisp/coadd/results/starlight/z0_s5k_median_full1_comb_mix2.out
/home/hs/hvdisp/coadd/results/starlight/z0_s5k_median_full1_comb_mix3.out
/home/hs/hvdisp/coadd/results/starlight/z0_s5k_median_full1_mius_ku13.out
/home/hs/hvdisp/coadd/results/starlight/z0_s5k_median_full1_mius_mix1.out
/home/hs/hvdisp/coadd/results/starlight/z0_s5k_median_full1_mius_un08.out
/home/hs/hvdisp/coadd/results/starlight/z0_s5k_median_full1_mius_un13.out
/home/hs/hvdisp/coadd/results/starlight/z0_s5k_median_full1_mius_un18.out
/home/hs/hvdisp/coadd/results/starlight/z0_s5k_median_full2_comb_mix1.out
/home/hs/hvdisp/coadd/results/starlight/z0_s5k_median_full2_comb_mix2.out
/home/hs/hvdisp/coadd/results/starlight/z0_s5k_median_full2_comb_mix3.out
/home/hs/hvdisp/coadd/results/starlight/z0_s5k_median_full2_mius_ku13.out
/home/hs/hvdisp/coadd/results/starlight/z0_s5k_median_full2_mius_mix1.out
/home/hs/hvdisp/coadd/results/starlight/z0_s5k_median_full2_mius_un08.out
/home/hs/hvdisp/coadd/results/starlight/z0_s5k_median_full2_mius_un13.out
/home/hs/hvdisp/coadd/results/starlight/z0_s5k_median_full2_mius_un18.out
/home/hs/hvdisp/coadd/results/starlight/z0_s6k_median_erem1_comb_mix1.out
/home/hs/hvdisp/coadd/results/starlight/z0_s6k_median_erem1_comb_mix2.out
/home/hs/hvdisp/coadd/results/starlight/z0_s6k_median_erem1_comb_mix3.out
/home/hs/hvdisp/coadd/results/starlight/z0_s6k_median_erem1_mius_ku13.out
/home/hs/hvdisp/coadd/results/starlight/z0_s6k_median_erem1_mius_mix1.out
/home/hs/hvdisp/coadd/results/starlight/z0_s6k_median_erem1_mius_un08.out
/home/hs/hvdisp/coadd/results/starlight/z0_s6k_median_erem1_mius_un13.out
/home/hs/hvdisp/coadd/results/starlight/z0_s6k_median_erem1_mius_un18.out
/home/hs/hvdisp/coadd/results/starlight/z0_s6k_median_erem2_comb_mix1.out
/home/hs/hvdisp/coadd/results/starlight/z0_s6k_median_erem2_comb_mix2.out
/home/hs/hvdisp/coadd/results/starlight/z0_s6k_median_erem2_comb_mix3.out
/home/hs/hvdisp/coadd/results/starlight/z0_s6k_median_erem2_mius_ku13.out
/home/hs/hvdisp/coadd/results/starlight/z0_s6k_median_erem2_mius_mix1.out
/home/hs/hvdisp/coadd/results/starlight/z0_s6k_median_erem2_mius_un08.out
/home/hs/hvdisp/coadd/results/starlight/z0_s6k_median_erem2_mius_un13.out
/home/hs/hvdisp/coadd/results/starlight/z0_s6k_median_erem2_mius_un18.out
/home/hs/hvdisp/coadd/results/starlight/z0_s6k_median_eremf_comb_mix1.out
/home/hs/hvdisp/coadd/results/starlight/z0_s6k_median_eremf_comb_mix2.out
/home/hs/hvdisp/coadd/results/starlight/z0_s6k_median_eremf_comb_mix3.out
/home/hs/hvdisp/coadd/results/starlight/z0_s6k_median_eremf_mius_ku13.out
/home/hs/hvdisp/coadd/results/starlight/z0_s6k_median_eremf_mius_mix1.out
/home/hs/hvdisp/coadd/results/starlight/z0_s6k_median_eremf_mius_un08.out
/home/hs/hvdisp/coadd/results/starlight/z0_s6k_median_eremf_mius_un13.out
/home/hs/hvdisp/coadd/results/starlight/z0_s6k_median_eremf_mius_un18.out
/home/hs/hvdisp/coadd/results/starlight/z0_s6k_median_full1_comb_mix1.out
/home/hs/hvdisp/coadd/results/starlight/z0_s6k_median_full1_comb_mix2.out
/home/hs/hvdisp/coadd/results/starlight/z0_s6k_median_full1_comb_mix3.out
/home/hs/hvdisp/coadd/results/starlight/z0_s6k_median_full1_mius_ku13.out
/home/hs/hvdisp/coadd/results/starlight/z0_s6k_median_full1_mius_mix1.out
/home/hs/hvdisp/coadd/results/starlight/z0_s6k_median_full1_mius_un08.out
/home/hs/hvdisp/coadd/results/starlight/z0_s6k_median_full1_mius_un13.out
/home/hs/hvdisp/coadd/results/starlight/z0_s6k_median_full1_mius_un18.out
/home/hs/hvdisp/coadd/results/starlight/z0_s6k_median_full2_comb_mix1.out
/home/hs/hvdisp/coadd/results/starlight/z0_s6k_median_full2_comb_mix2.out
/home/hs/hvdisp/coadd/results/starlight/z0_s6k_median_full2_comb_mix3.out
/home/hs/hvdisp/coadd/results/starlight/z0_s6k_median_full2_mius_ku13.out
/home/hs/hvdisp/coadd/results/starlight/z0_s6k_median_full2_mius_mix1.out
/home/hs/hvdisp/coadd/results/starlight/z0_s6k_median_full2_mius_un08.out
/home/hs/hvdisp/coadd/results/starlight/z0_s6k_median_full2_mius_un13.out
/home/hs/hvdisp/coadd/results/starlight/z0_s6k_median_full2_mius_un18.out
/home/hs/hvdisp/coadd/results/starlight/z0_s7k_median_erem1_comb_mix1.out
/home/hs/hvdisp/coadd/results/starlight/z0_s7k_median_erem1_comb_mix2.out
/home/hs/hvdisp/coadd/results/starlight/z0_s7k_median_erem1_comb_mix3.out
/home/hs/hvdisp/coadd/results/starlight/z0_s7k_median_erem1_mius_ku13.out
/home/hs/hvdisp/coadd/results/starlight/z0_s7k_median_erem1_mius_mix1.out
/home/hs/hvdisp/coadd/results/starlight/z0_s7k_median_erem1_mius_un08.out
/home/hs/hvdisp/coadd/results/starlight/z0_s7k_median_erem1_mius_un13.out
/home/hs/hvdisp/coadd/results/starlight/z0_s7k_median_erem1_mius_un18.out
/home/hs/hvdisp/coadd/results/starlight/z0_s7k_median_erem2_comb_mix1.out
/home/hs/hvdisp/coadd/results/starlight/z0_s7k_median_erem2_comb_mix2.out
/home/hs/hvdisp/coadd/results/starlight/z0_s7k_median_erem2_comb_mix3.out
/home/hs/hvdisp/coadd/results/starlight/z0_s7k_median_erem2_mius_ku13.out
/home/hs/hvdisp/coadd/results/starlight/z0_s7k_median_erem2_mius_mix1.out
/home/hs/hvdisp/coadd/results/starlight/z0_s7k_median_erem2_mius_un08.out
/home/hs/hvdisp/coadd/results/starlight/z0_s7k_median_erem2_mius_un13.out
/home/hs/hvdisp/coadd/results/starlight/z0_s7k_median_erem2_mius_un18.out
/home/hs/hvdisp/coadd/results/starlight/z0_s7k_median_eremf_comb_mix1.out
/home/hs/hvdisp/coadd/results/starlight/z0_s7k_median_eremf_comb_mix2.out
/home/hs/hvdisp/coadd/results/starlight/z0_s7k_median_eremf_comb_mix3.out
/home/hs/hvdisp/coadd/results/starlight/z0_s7k_median_eremf_mius_ku13.out
/home/hs/hvdisp/coadd/results/starlight/z0_s7k_median_eremf_mius_mix1.out
/home/hs/hvdisp/coadd/results/starlight/z0_s7k_median_eremf_mius_un08.out
/home/hs/hvdisp/coadd/results/starlight/z0_s7k_median_eremf_mius_un13.out
/home/hs/hvdisp/coadd/results/starlight/z0_s7k_median_eremf_mius_un18.out
/home/hs/hvdisp/coadd/results/starlight/z0_s7k_median_full1_comb_mix1.out
/home/hs/hvdisp/coadd/results/starlight/z0_s7k_median_full1_comb_mix2.out
/home/hs/hvdisp/coadd/results/starlight/z0_s7k_median_full1_comb_mix3.out
/home/hs/hvdisp/coadd/results/starlight/z0_s7k_median_full1_mius_ku13.out
/home/hs/hvdisp/coadd/results/starlight/z0_s7k_median_full1_mius_mix1.out
/home/hs/hvdisp/coadd/results/starlight/z0_s7k_median_full1_mius_un08.out
/home/hs/hvdisp/coadd/results/starlight/z0_s7k_median_full1_mius_un13.out
/home/hs/hvdisp/coadd/results/starlight/z0_s7k_median_full1_mius_un18.out
/home/hs/hvdisp/coadd/results/starlight/z0_s7k_median_full2_comb_mix1.out
/home/hs/hvdisp/coadd/results/starlight/z0_s7k_median_full2_comb_mix2.out
/home/hs/hvdisp/coadd/results/starlight/z0_s7k_median_full2_comb_mix3.out
/home/hs/hvdisp/coadd/results/starlight/z0_s7k_median_full2_mius_ku13.out
/home/hs/hvdisp/coadd/results/starlight/z0_s7k_median_full2_mius_mix1.out
/home/hs/hvdisp/coadd/results/starlight/z0_s7k_median_full2_mius_un08.out
/home/hs/hvdisp/coadd/results/starlight/z0_s7k_median_full2_mius_un13.out
/home/hs/hvdisp/coadd/results/starlight/z0_s7k_median_full2_mius_un18.out
/home/hs/hvdisp/coadd/results/starlight/z0_s8k_median_erem1_comb_mix1.out
/home/hs/hvdisp/coadd/results/starlight/z0_s8k_median_erem1_comb_mix2.out
/home/hs/hvdisp/coadd/results/starlight/z0_s8k_median_erem1_comb_mix3.out
/home/hs/hvdisp/coadd/results/starlight/z0_s8k_median_erem1_mius_ku13.out
/home/hs/hvdisp/coadd/results/starlight/z0_s8k_median_erem1_mius_mix1.out
/home/hs/hvdisp/coadd/results/starlight/z0_s8k_median_erem1_mius_un08.out
/home/hs/hvdisp/coadd/results/starlight/z0_s8k_median_erem1_mius_un13.out
/home/hs/hvdisp/coadd/results/starlight/z0_s8k_median_erem1_mius_un18.out
/home/hs/hvdisp/coadd/results/starlight/z0_s8k_median_erem2_comb_mix1.out
/home/hs/hvdisp/coadd/results/starlight/z0_s8k_median_erem2_comb_mix2.out
/home/hs/hvdisp/coadd/results/starlight/z0_s8k_median_erem2_comb_mix3.out
/home/hs/hvdisp/coadd/results/starlight/z0_s8k_median_erem2_mius_ku13.out
/home/hs/hvdisp/coadd/results/starlight/z0_s8k_median_erem2_mius_mix1.out
/home/hs/hvdisp/coadd/results/starlight/z0_s8k_median_erem2_mius_un08.out
/home/hs/hvdisp/coadd/results/starlight/z0_s8k_median_erem2_mius_un13.out
/home/hs/hvdisp/coadd/results/starlight/z0_s8k_median_erem2_mius_un18.out
/home/hs/hvdisp/coadd/results/starlight/z0_s8k_median_eremf_comb_mix1.out
/home/hs/hvdisp/coadd/results/starlight/z0_s8k_median_eremf_comb_mix2.out
/home/hs/hvdisp/coadd/results/starlight/z0_s8k_median_eremf_comb_mix3.out
/home/hs/hvdisp/coadd/results/starlight/z0_s8k_median_eremf_mius_ku13.out
/home/hs/hvdisp/coadd/results/starlight/z0_s8k_median_eremf_mius_mix1.out
/home/hs/hvdisp/coadd/results/starlight/z0_s8k_median_eremf_mius_un08.out
/home/hs/hvdisp/coadd/results/starlight/z0_s8k_median_eremf_mius_un13.out
/home/hs/hvdisp/coadd/results/starlight/z0_s8k_median_eremf_mius_un18.out
/home/hs/hvdisp/coadd/results/starlight/z0_s8k_median_full1_comb_mix1.out
/home/hs/hvdisp/coadd/results/starlight/z0_s8k_median_full1_comb_mix2.out
/home/hs/hvdisp/coadd/results/starlight/z0_s8k_median_full1_comb_mix3.out
/home/hs/hvdisp/coadd/results/starlight/z0_s8k_median_full1_mius_ku13.out
/home/hs/hvdisp/coadd/results/starlight/z0_s8k_median_full1_mius_mix1.out
/home/hs/hvdisp/coadd/results/starlight/z0_s8k_median_full1_mius_un08.out
/home/hs/hvdisp/coadd/results/starlight/z0_s8k_median_full1_mius_un13.out
/home/hs/hvdisp/coadd/results/starlight/z0_s8k_median_full1_mius_un18.out
/home/hs/hvdisp/coadd/results/starlight/z0_s8k_median_full2_comb_mix1.out
/home/hs/hvdisp/coadd/results/starlight/z0_s8k_median_full2_comb_mix2.out
/home/hs/hvdisp/coadd/results/starlight/z0_s8k_median_full2_comb_mix3.out
/home/hs/hvdisp/coadd/results/starlight/z0_s8k_median_full2_mius_ku13.out
/home/hs/hvdisp/coadd/results/starlight/z0_s8k_median_full2_mius_mix1.out
/home/hs/hvdisp/coadd/results/starlight/z0_s8k_median_full2_mius_un08.out
/home/hs/hvdisp/coadd/results/starlight/z0_s8k_median_full2_mius_un13.out
/home/hs/hvdisp/coadd/results/starlight/z0_s8k_median_full2_mius_un18.out
/home/hs/hvdisp/coadd/results/starlight/z1_s1k_median_erem1_comb_mix1.out
/home/hs/hvdisp/coadd/results/starlight/z1_s1k_median_erem1_comb_mix2.out
/home/hs/hvdisp/coadd/results/starlight/z1_s1k_median_erem1_comb_mix3.out
/home/hs/hvdisp/coadd/results/starlight/z1_s1k_median_erem1_mius_ku13.out
/home/hs/hvdisp/coadd/results/starlight/z1_s1k_median_erem1_mius_mix1.out
/home/hs/hvdisp/coadd/results/starlight/z1_s1k_median_erem1_mius_un08.out
/home/hs/hvdisp/coadd/results/starlight/z1_s1k_median_erem1_mius_un13.out
/home/hs/hvdisp/coadd/results/starlight/z1_s1k_median_erem1_mius_un18.out
/home/hs/hvdisp/coadd/results/starlight/z1_s1k_median_erem2_comb_mix1.out
/home/hs/hvdisp/coadd/results/starlight/z1_s1k_median_erem2_comb_mix2.out
/home/hs/hvdisp/coadd/results/starlight/z1_s1k_median_erem2_comb_mix3.out
/home/hs/hvdisp/coadd/results/starlight/z1_s1k_median_erem2_mius_ku13.out
/home/hs/hvdisp/coadd/results/starlight/z1_s1k_median_erem2_mius_mix1.out
/home/hs/hvdisp/coadd/results/starlight/z1_s1k_median_erem2_mius_un08.out
/home/hs/hvdisp/coadd/results/starlight/z1_s1k_median_erem2_mius_un13.out
/home/hs/hvdisp/coadd/results/starlight/z1_s1k_median_erem2_mius_un18.out
/home/hs/hvdisp/coadd/results/starlight/z1_s1k_median_eremf_comb_mix1.out
/home/hs/hvdisp/coadd/results/starlight/z1_s1k_median_eremf_comb_mix2.out
/home/hs/hvdisp/coadd/results/starlight/z1_s1k_median_eremf_comb_mix3.out
/home/hs/hvdisp/coadd/results/starlight/z1_s1k_median_eremf_mius_ku13.out
/home/hs/hvdisp/coadd/results/starlight/z1_s1k_median_eremf_mius_mix1.out
/home/hs/hvdisp/coadd/results/starlight/z1_s1k_median_eremf_mius_un08.out
/home/hs/hvdisp/coadd/results/starlight/z1_s1k_median_eremf_mius_un13.out
/home/hs/hvdisp/coadd/results/starlight/z1_s1k_median_eremf_mius_un18.out
/home/hs/hvdisp/coadd/results/starlight/z1_s1k_median_full1_comb_mix1.out
/home/hs/hvdisp/coadd/results/starlight/z1_s1k_median_full1_comb_mix2.out
/home/hs/hvdisp/coadd/results/starlight/z1_s1k_median_full1_comb_mix3.out
/home/hs/hvdisp/coadd/results/starlight/z1_s1k_median_full1_mius_ku13.out
/home/hs/hvdisp/coadd/results/starlight/z1_s1k_median_full1_mius_mix1.out
/home/hs/hvdisp/coadd/results/starlight/z1_s1k_median_full1_mius_un08.out
/home/hs/hvdisp/coadd/results/starlight/z1_s1k_median_full1_mius_un13.out
/home/hs/hvdisp/coadd/results/starlight/z1_s1k_median_full1_mius_un18.out
/home/hs/hvdisp/coadd/results/starlight/z1_s1k_median_full2_comb_mix1.out
/home/hs/hvdisp/coadd/results/starlight/z1_s1k_median_full2_comb_mix2.out
/home/hs/hvdisp/coadd/results/starlight/z1_s1k_median_full2_comb_mix3.out
/home/hs/hvdisp/coadd/results/starlight/z1_s1k_median_full2_mius_ku13.out
/home/hs/hvdisp/coadd/results/starlight/z1_s1k_median_full2_mius_mix1.out
/home/hs/hvdisp/coadd/results/starlight/z1_s1k_median_full2_mius_un08.out
/home/hs/hvdisp/coadd/results/starlight/z1_s1k_median_full2_mius_un13.out
/home/hs/hvdisp/coadd/results/starlight/z1_s1k_median_full2_mius_un18.out
/home/hs/hvdisp/coadd/results/starlight/z1_s2k_median_erem1_comb_mix1.out
/home/hs/hvdisp/coadd/results/starlight/z1_s2k_median_erem1_comb_mix2.out
/home/hs/hvdisp/coadd/results/starlight/z1_s2k_median_erem1_comb_mix3.out
/home/hs/hvdisp/coadd/results/starlight/z1_s2k_median_erem1_mius_ku13.out
/home/hs/hvdisp/coadd/results/starlight/z1_s2k_median_erem1_mius_mix1.out
/home/hs/hvdisp/coadd/results/starlight/z1_s2k_median_erem1_mius_un08.out
/home/hs/hvdisp/coadd/results/starlight/z1_s2k_median_erem1_mius_un13.out
/home/hs/hvdisp/coadd/results/starlight/z1_s2k_median_erem1_mius_un18.out
/home/hs/hvdisp/coadd/results/starlight/z1_s2k_median_erem2_comb_mix1.out
/home/hs/hvdisp/coadd/results/starlight/z1_s2k_median_erem2_comb_mix2.out
/home/hs/hvdisp/coadd/results/starlight/z1_s2k_median_erem2_comb_mix3.out
/home/hs/hvdisp/coadd/results/starlight/z1_s2k_median_erem2_mius_ku13.out
/home/hs/hvdisp/coadd/results/starlight/z1_s2k_median_erem2_mius_mix1.out
/home/hs/hvdisp/coadd/results/starlight/z1_s2k_median_erem2_mius_un08.out
/home/hs/hvdisp/coadd/results/starlight/z1_s2k_median_erem2_mius_un13.out
/home/hs/hvdisp/coadd/results/starlight/z1_s2k_median_erem2_mius_un18.out
/home/hs/hvdisp/coadd/results/starlight/z1_s2k_median_eremf_comb_mix1.out
/home/hs/hvdisp/coadd/results/starlight/z1_s2k_median_eremf_comb_mix2.out
/home/hs/hvdisp/coadd/results/starlight/z1_s2k_median_eremf_comb_mix3.out
/home/hs/hvdisp/coadd/results/starlight/z1_s2k_median_eremf_mius_ku13.out
/home/hs/hvdisp/coadd/results/starlight/z1_s2k_median_eremf_mius_mix1.out
/home/hs/hvdisp/coadd/results/starlight/z1_s2k_median_eremf_mius_un08.out
/home/hs/hvdisp/coadd/results/starlight/z1_s2k_median_eremf_mius_un13.out
/home/hs/hvdisp/coadd/results/starlight/z1_s2k_median_eremf_mius_un18.out
/home/hs/hvdisp/coadd/results/starlight/z1_s2k_median_full1_comb_mix1.out
/home/hs/hvdisp/coadd/results/starlight/z1_s2k_median_full1_comb_mix2.out
/home/hs/hvdisp/coadd/results/starlight/z1_s2k_median_full1_comb_mix3.out
/home/hs/hvdisp/coadd/results/starlight/z1_s2k_median_full1_mius_ku13.out
/home/hs/hvdisp/coadd/results/starlight/z1_s2k_median_full1_mius_mix1.out
/home/hs/hvdisp/coadd/results/starlight/z1_s2k_median_full1_mius_un08.out
/home/hs/hvdisp/coadd/results/starlight/z1_s2k_median_full1_mius_un13.out
/home/hs/hvdisp/coadd/results/starlight/z1_s2k_median_full1_mius_un18.out
/home/hs/hvdisp/coadd/results/starlight/z1_s2k_median_full2_comb_mix1.out
/home/hs/hvdisp/coadd/results/starlight/z1_s2k_median_full2_comb_mix2.out
/home/hs/hvdisp/coadd/results/starlight/z1_s2k_median_full2_comb_mix3.out
/home/hs/hvdisp/coadd/results/starlight/z1_s2k_median_full2_mius_ku13.out
/home/hs/hvdisp/coadd/results/starlight/z1_s2k_median_full2_mius_mix1.out
/home/hs/hvdisp/coadd/results/starlight/z1_s2k_median_full2_mius_un08.out
/home/hs/hvdisp/coadd/results/starlight/z1_s2k_median_full2_mius_un13.out
/home/hs/hvdisp/coadd/results/starlight/z1_s2k_median_full2_mius_un18.out
/home/hs/hvdisp/coadd/results/starlight/z1_s3k_median_erem1_comb_mix1.out
/home/hs/hvdisp/coadd/results/starlight/z1_s3k_median_erem1_comb_mix2.out
/home/hs/hvdisp/coadd/results/starlight/z1_s3k_median_erem1_comb_mix3.out
/home/hs/hvdisp/coadd/results/starlight/z1_s3k_median_erem1_mius_ku13.out
/home/hs/hvdisp/coadd/results/starlight/z1_s3k_median_erem1_mius_mix1.out
/home/hs/hvdisp/coadd/results/starlight/z1_s3k_median_erem1_mius_un08.out
/home/hs/hvdisp/coadd/results/starlight/z1_s3k_median_erem1_mius_un13.out
/home/hs/hvdisp/coadd/results/starlight/z1_s3k_median_erem1_mius_un18.out
/home/hs/hvdisp/coadd/results/starlight/z1_s3k_median_erem2_comb_mix1.out
/home/hs/hvdisp/coadd/results/starlight/z1_s3k_median_erem2_comb_mix2.out
/home/hs/hvdisp/coadd/results/starlight/z1_s3k_median_erem2_comb_mix3.out
/home/hs/hvdisp/coadd/results/starlight/z1_s3k_median_erem2_mius_ku13.out
/home/hs/hvdisp/coadd/results/starlight/z1_s3k_median_erem2_mius_mix1.out
/home/hs/hvdisp/coadd/results/starlight/z1_s3k_median_erem2_mius_un08.out
/home/hs/hvdisp/coadd/results/starlight/z1_s3k_median_erem2_mius_un13.out
/home/hs/hvdisp/coadd/results/starlight/z1_s3k_median_erem2_mius_un18.out
/home/hs/hvdisp/coadd/results/starlight/z1_s3k_median_eremf_comb_mix1.out
/home/hs/hvdisp/coadd/results/starlight/z1_s3k_median_eremf_comb_mix2.out
/home/hs/hvdisp/coadd/results/starlight/z1_s3k_median_eremf_comb_mix3.out
/home/hs/hvdisp/coadd/results/starlight/z1_s3k_median_eremf_mius_ku13.out
/home/hs/hvdisp/coadd/results/starlight/z1_s3k_median_eremf_mius_mix1.out
/home/hs/hvdisp/coadd/results/starlight/z1_s3k_median_eremf_mius_un08.out
/home/hs/hvdisp/coadd/results/starlight/z1_s3k_median_eremf_mius_un13.out
/home/hs/hvdisp/coadd/results/starlight/z1_s3k_median_eremf_mius_un18.out
/home/hs/hvdisp/coadd/results/starlight/z1_s3k_median_full1_comb_mix1.out
/home/hs/hvdisp/coadd/results/starlight/z1_s3k_median_full1_comb_mix2.out
/home/hs/hvdisp/coadd/results/starlight/z1_s3k_median_full1_comb_mix3.out
/home/hs/hvdisp/coadd/results/starlight/z1_s3k_median_full1_mius_ku13.out
/home/hs/hvdisp/coadd/results/starlight/z1_s3k_median_full1_mius_mix1.out
/home/hs/hvdisp/coadd/results/starlight/z1_s3k_median_full1_mius_un08.out
/home/hs/hvdisp/coadd/results/starlight/z1_s3k_median_full1_mius_un13.out
/home/hs/hvdisp/coadd/results/starlight/z1_s3k_median_full1_mius_un18.out
/home/hs/hvdisp/coadd/results/starlight/z1_s3k_median_full2_comb_mix1.out
/home/hs/hvdisp/coadd/results/starlight/z1_s3k_median_full2_comb_mix2.out
/home/hs/hvdisp/coadd/results/starlight/z1_s3k_median_full2_comb_mix3.out
/home/hs/hvdisp/coadd/results/starlight/z1_s3k_median_full2_mius_ku13.out
/home/hs/hvdisp/coadd/results/starlight/z1_s3k_median_full2_mius_mix1.out
/home/hs/hvdisp/coadd/results/starlight/z1_s3k_median_full2_mius_un08.out
/home/hs/hvdisp/coadd/results/starlight/z1_s3k_median_full2_mius_un13.out
/home/hs/hvdisp/coadd/results/starlight/z1_s3k_median_full2_mius_un18.out
/home/hs/hvdisp/coadd/results/starlight/z1_s4k_median_erem1_comb_mix1.out
/home/hs/hvdisp/coadd/results/starlight/z1_s4k_median_erem1_comb_mix2.out
/home/hs/hvdisp/coadd/results/starlight/z1_s4k_median_erem1_comb_mix3.out
/home/hs/hvdisp/coadd/results/starlight/z1_s4k_median_erem1_mius_ku13.out
/home/hs/hvdisp/coadd/results/starlight/z1_s4k_median_erem1_mius_mix1.out
/home/hs/hvdisp/coadd/results/starlight/z1_s4k_median_erem1_mius_un08.out
/home/hs/hvdisp/coadd/results/starlight/z1_s4k_median_erem1_mius_un13.out
/home/hs/hvdisp/coadd/results/starlight/z1_s4k_median_erem1_mius_un18.out
/home/hs/hvdisp/coadd/results/starlight/z1_s4k_median_erem2_comb_mix1.out
/home/hs/hvdisp/coadd/results/starlight/z1_s4k_median_erem2_comb_mix2.out
/home/hs/hvdisp/coadd/results/starlight/z1_s4k_median_erem2_comb_mix3.out
/home/hs/hvdisp/coadd/results/starlight/z1_s4k_median_erem2_mius_ku13.out
/home/hs/hvdisp/coadd/results/starlight/z1_s4k_median_erem2_mius_mix1.out
/home/hs/hvdisp/coadd/results/starlight/z1_s4k_median_erem2_mius_un08.out
/home/hs/hvdisp/coadd/results/starlight/z1_s4k_median_erem2_mius_un13.out
/home/hs/hvdisp/coadd/results/starlight/z1_s4k_median_erem2_mius_un18.out
/home/hs/hvdisp/coadd/results/starlight/z1_s4k_median_eremf_comb_mix1.out
/home/hs/hvdisp/coadd/results/starlight/z1_s4k_median_eremf_comb_mix2.out
/home/hs/hvdisp/coadd/results/starlight/z1_s4k_median_eremf_comb_mix3.out
/home/hs/hvdisp/coadd/results/starlight/z1_s4k_median_eremf_mius_ku13.out
/home/hs/hvdisp/coadd/results/starlight/z1_s4k_median_eremf_mius_mix1.out
/home/hs/hvdisp/coadd/results/starlight/z1_s4k_median_eremf_mius_un08.out
/home/hs/hvdisp/coadd/results/starlight/z1_s4k_median_eremf_mius_un13.out
/home/hs/hvdisp/coadd/results/starlight/z1_s4k_median_eremf_mius_un18.out
/home/hs/hvdisp/coadd/results/starlight/z1_s4k_median_full1_comb_mix1.out
/home/hs/hvdisp/coadd/results/starlight/z1_s4k_median_full1_comb_mix2.out
/home/hs/hvdisp/coadd/results/starlight/z1_s4k_median_full1_comb_mix3.out
/home/hs/hvdisp/coadd/results/starlight/z1_s4k_median_full1_mius_ku13.out
/home/hs/hvdisp/coadd/results/starlight/z1_s4k_median_full1_mius_mix1.out
/home/hs/hvdisp/coadd/results/starlight/z1_s4k_median_full1_mius_un08.out
/home/hs/hvdisp/coadd/results/starlight/z1_s4k_median_full1_mius_un13.out
/home/hs/hvdisp/coadd/results/starlight/z1_s4k_median_full1_mius_un18.out
/home/hs/hvdisp/coadd/results/starlight/z1_s4k_median_full2_comb_mix1.out
/home/hs/hvdisp/coadd/results/starlight/z1_s4k_median_full2_comb_mix2.out
/home/hs/hvdisp/coadd/results/starlight/z1_s4k_median_full2_comb_mix3.out
/home/hs/hvdisp/coadd/results/starlight/z1_s4k_median_full2_mius_ku13.out
/home/hs/hvdisp/coadd/results/starlight/z1_s4k_median_full2_mius_mix1.out
/home/hs/hvdisp/coadd/results/starlight/z1_s4k_median_full2_mius_un08.out
/home/hs/hvdisp/coadd/results/starlight/z1_s4k_median_full2_mius_un13.out
/home/hs/hvdisp/coadd/results/starlight/z1_s4k_median_full2_mius_un18.out
/home/hs/hvdisp/coadd/results/starlight/z1_s5k_median_erem1_comb_mix1.out
/home/hs/hvdisp/coadd/results/starlight/z1_s5k_median_erem1_comb_mix2.out
/home/hs/hvdisp/coadd/results/starlight/z1_s5k_median_erem1_comb_mix3.out
/home/hs/hvdisp/coadd/results/starlight/z1_s5k_median_erem1_mius_ku13.out
/home/hs/hvdisp/coadd/results/starlight/z1_s5k_median_erem1_mius_mix1.out
/home/hs/hvdisp/coadd/results/starlight/z1_s5k_median_erem1_mius_un08.out
/home/hs/hvdisp/coadd/results/starlight/z1_s5k_median_erem1_mius_un13.out
/home/hs/hvdisp/coadd/results/starlight/z1_s5k_median_erem1_mius_un18.out
/home/hs/hvdisp/coadd/results/starlight/z1_s5k_median_erem2_comb_mix1.out
/home/hs/hvdisp/coadd/results/starlight/z1_s5k_median_erem2_comb_mix2.out
/home/hs/hvdisp/coadd/results/starlight/z1_s5k_median_erem2_comb_mix3.out
/home/hs/hvdisp/coadd/results/starlight/z1_s5k_median_erem2_mius_ku13.out
/home/hs/hvdisp/coadd/results/starlight/z1_s5k_median_erem2_mius_mix1.out
/home/hs/hvdisp/coadd/results/starlight/z1_s5k_median_erem2_mius_un08.out
/home/hs/hvdisp/coadd/results/starlight/z1_s5k_median_erem2_mius_un13.out
/home/hs/hvdisp/coadd/results/starlight/z1_s5k_median_erem2_mius_un18.out
/home/hs/hvdisp/coadd/results/starlight/z1_s5k_median_eremf_comb_mix1.out
/home/hs/hvdisp/coadd/results/starlight/z1_s5k_median_eremf_comb_mix2.out
/home/hs/hvdisp/coadd/results/starlight/z1_s5k_median_eremf_comb_mix3.out
/home/hs/hvdisp/coadd/results/starlight/z1_s5k_median_eremf_mius_ku13.out
/home/hs/hvdisp/coadd/results/starlight/z1_s5k_median_eremf_mius_mix1.out
/home/hs/hvdisp/coadd/results/starlight/z1_s5k_median_eremf_mius_un08.out
/home/hs/hvdisp/coadd/results/starlight/z1_s5k_median_eremf_mius_un13.out
/home/hs/hvdisp/coadd/results/starlight/z1_s5k_median_eremf_mius_un18.out
/home/hs/hvdisp/coadd/results/starlight/z1_s5k_median_full1_comb_mix1.out
/home/hs/hvdisp/coadd/results/starlight/z1_s5k_median_full1_comb_mix2.out
/home/hs/hvdisp/coadd/results/starlight/z1_s5k_median_full1_comb_mix3.out
/home/hs/hvdisp/coadd/results/starlight/z1_s5k_median_full1_mius_ku13.out
/home/hs/hvdisp/coadd/results/starlight/z1_s5k_median_full1_mius_mix1.out
/home/hs/hvdisp/coadd/results/starlight/z1_s5k_median_full1_mius_un08.out
/home/hs/hvdisp/coadd/results/starlight/z1_s5k_median_full1_mius_un13.out
/home/hs/hvdisp/coadd/results/starlight/z1_s5k_median_full1_mius_un18.out
/home/hs/hvdisp/coadd/results/starlight/z1_s5k_median_full2_comb_mix1.out
/home/hs/hvdisp/coadd/results/starlight/z1_s5k_median_full2_comb_mix2.out
/home/hs/hvdisp/coadd/results/starlight/z1_s5k_median_full2_comb_mix3.out
/home/hs/hvdisp/coadd/results/starlight/z1_s5k_median_full2_mius_ku13.out
/home/hs/hvdisp/coadd/results/starlight/z1_s5k_median_full2_mius_mix1.out
/home/hs/hvdisp/coadd/results/starlight/z1_s5k_median_full2_mius_un08.out
/home/hs/hvdisp/coadd/results/starlight/z1_s5k_median_full2_mius_un13.out
/home/hs/hvdisp/coadd/results/starlight/z1_s5k_median_full2_mius_un18.out
/home/hs/hvdisp/coadd/results/starlight/z1_s6k_median_erem1_comb_mix1.out
/home/hs/hvdisp/coadd/results/starlight/z1_s6k_median_erem1_comb_mix2.out
/home/hs/hvdisp/coadd/results/starlight/z1_s6k_median_erem1_comb_mix3.out
/home/hs/hvdisp/coadd/results/starlight/z1_s6k_median_erem1_mius_ku13.out
/home/hs/hvdisp/coadd/results/starlight/z1_s6k_median_erem1_mius_mix1.out
/home/hs/hvdisp/coadd/results/starlight/z1_s6k_median_erem1_mius_un08.out
/home/hs/hvdisp/coadd/results/starlight/z1_s6k_median_erem1_mius_un13.out
/home/hs/hvdisp/coadd/results/starlight/z1_s6k_median_erem1_mius_un18.out
/home/hs/hvdisp/coadd/results/starlight/z1_s6k_median_erem2_comb_mix1.out
/home/hs/hvdisp/coadd/results/starlight/z1_s6k_median_erem2_comb_mix2.out
/home/hs/hvdisp/coadd/results/starlight/z1_s6k_median_erem2_comb_mix3.out
/home/hs/hvdisp/coadd/results/starlight/z1_s6k_median_erem2_mius_ku13.out
/home/hs/hvdisp/coadd/results/starlight/z1_s6k_median_erem2_mius_mix1.out
/home/hs/hvdisp/coadd/results/starlight/z1_s6k_median_erem2_mius_un08.out
/home/hs/hvdisp/coadd/results/starlight/z1_s6k_median_erem2_mius_un13.out
/home/hs/hvdisp/coadd/results/starlight/z1_s6k_median_erem2_mius_un18.out
/home/hs/hvdisp/coadd/results/starlight/z1_s6k_median_eremf_comb_mix1.out
/home/hs/hvdisp/coadd/results/starlight/z1_s6k_median_eremf_comb_mix2.out
/home/hs/hvdisp/coadd/results/starlight/z1_s6k_median_eremf_comb_mix3.out
/home/hs/hvdisp/coadd/results/starlight/z1_s6k_median_eremf_mius_ku13.out
/home/hs/hvdisp/coadd/results/starlight/z1_s6k_median_eremf_mius_mix1.out
/home/hs/hvdisp/coadd/results/starlight/z1_s6k_median_eremf_mius_un08.out
/home/hs/hvdisp/coadd/results/starlight/z1_s6k_median_eremf_mius_un13.out
/home/hs/hvdisp/coadd/results/starlight/z1_s6k_median_eremf_mius_un18.out
/home/hs/hvdisp/coadd/results/starlight/z1_s6k_median_full1_comb_mix1.out
/home/hs/hvdisp/coadd/results/starlight/z1_s6k_median_full1_comb_mix2.out
/home/hs/hvdisp/coadd/results/starlight/z1_s6k_median_full1_comb_mix3.out
/home/hs/hvdisp/coadd/results/starlight/z1_s6k_median_full1_mius_ku13.out
/home/hs/hvdisp/coadd/results/starlight/z1_s6k_median_full1_mius_mix1.out
/home/hs/hvdisp/coadd/results/starlight/z1_s6k_median_full1_mius_un08.out
/home/hs/hvdisp/coadd/results/starlight/z1_s6k_median_full1_mius_un13.out
/home/hs/hvdisp/coadd/results/starlight/z1_s6k_median_full1_mius_un18.out
/home/hs/hvdisp/coadd/results/starlight/z1_s6k_median_full2_comb_mix1.out
/home/hs/hvdisp/coadd/results/starlight/z1_s6k_median_full2_comb_mix2.out
/home/hs/hvdisp/coadd/results/starlight/z1_s6k_median_full2_comb_mix3.out
/home/hs/hvdisp/coadd/results/starlight/z1_s6k_median_full2_mius_ku13.out
/home/hs/hvdisp/coadd/results/starlight/z1_s6k_median_full2_mius_mix1.out
/home/hs/hvdisp/coadd/results/starlight/z1_s6k_median_full2_mius_un08.out
/home/hs/hvdisp/coadd/results/starlight/z1_s6k_median_full2_mius_un13.out
/home/hs/hvdisp/coadd/results/starlight/z1_s6k_median_full2_mius_un18.out
/home/hs/hvdisp/coadd/results/starlight/z1_s7k_median_erem1_comb_mix1.out
/home/hs/hvdisp/coadd/results/starlight/z1_s7k_median_erem1_comb_mix2.out
/home/hs/hvdisp/coadd/results/starlight/z1_s7k_median_erem1_comb_mix3.out
/home/hs/hvdisp/coadd/results/starlight/z1_s7k_median_erem1_mius_ku13.out
/home/hs/hvdisp/coadd/results/starlight/z1_s7k_median_erem1_mius_mix1.out
/home/hs/hvdisp/coadd/results/starlight/z1_s7k_median_erem1_mius_un08.out
/home/hs/hvdisp/coadd/results/starlight/z1_s7k_median_erem1_mius_un13.out
/home/hs/hvdisp/coadd/results/starlight/z1_s7k_median_erem1_mius_un18.out
/home/hs/hvdisp/coadd/results/starlight/z1_s7k_median_erem2_comb_mix1.out
/home/hs/hvdisp/coadd/results/starlight/z1_s7k_median_erem2_comb_mix2.out
/home/hs/hvdisp/coadd/results/starlight/z1_s7k_median_erem2_comb_mix3.out
/home/hs/hvdisp/coadd/results/starlight/z1_s7k_median_erem2_mius_ku13.out
/home/hs/hvdisp/coadd/results/starlight/z1_s7k_median_erem2_mius_mix1.out
/home/hs/hvdisp/coadd/results/starlight/z1_s7k_median_erem2_mius_un08.out
/home/hs/hvdisp/coadd/results/starlight/z1_s7k_median_erem2_mius_un13.out
/home/hs/hvdisp/coadd/results/starlight/z1_s7k_median_erem2_mius_un18.out
/home/hs/hvdisp/coadd/results/starlight/z1_s7k_median_eremf_comb_mix1.out
/home/hs/hvdisp/coadd/results/starlight/z1_s7k_median_eremf_comb_mix2.out
/home/hs/hvdisp/coadd/results/starlight/z1_s7k_median_eremf_comb_mix3.out
/home/hs/hvdisp/coadd/results/starlight/z1_s7k_median_eremf_mius_ku13.out
/home/hs/hvdisp/coadd/results/starlight/z1_s7k_median_eremf_mius_mix1.out
/home/hs/hvdisp/coadd/results/starlight/z1_s7k_median_eremf_mius_un08.out
/home/hs/hvdisp/coadd/results/starlight/z1_s7k_median_eremf_mius_un13.out
/home/hs/hvdisp/coadd/results/starlight/z1_s7k_median_eremf_mius_un18.out
/home/hs/hvdisp/coadd/results/starlight/z1_s7k_median_full1_comb_mix1.out
/home/hs/hvdisp/coadd/results/starlight/z1_s7k_median_full1_comb_mix2.out
/home/hs/hvdisp/coadd/results/starlight/z1_s7k_median_full1_comb_mix3.out
/home/hs/hvdisp/coadd/results/starlight/z1_s7k_median_full1_mius_ku13.out
/home/hs/hvdisp/coadd/results/starlight/z1_s7k_median_full1_mius_mix1.out
/home/hs/hvdisp/coadd/results/starlight/z1_s7k_median_full1_mius_un08.out
/home/hs/hvdisp/coadd/results/starlight/z1_s7k_median_full1_mius_un13.out
/home/hs/hvdisp/coadd/results/starlight/z1_s7k_median_full1_mius_un18.out
/home/hs/hvdisp/coadd/results/starlight/z1_s7k_median_full2_comb_mix1.out
/home/hs/hvdisp/coadd/results/starlight/z1_s7k_median_full2_comb_mix2.out
/home/hs/hvdisp/coadd/results/starlight/z1_s7k_median_full2_comb_mix3.out
/home/hs/hvdisp/coadd/results/starlight/z1_s7k_median_full2_mius_ku13.out
/home/hs/hvdisp/coadd/results/starlight/z1_s7k_median_full2_mius_mix1.out
/home/hs/hvdisp/coadd/results/starlight/z1_s7k_median_full2_mius_un08.out
/home/hs/hvdisp/coadd/results/starlight/z1_s7k_median_full2_mius_un13.out
/home/hs/hvdisp/coadd/results/starlight/z1_s7k_median_full2_mius_un18.out
/home/hs/hvdisp/coadd/results/starlight/z1_s8k_median_erem1_comb_mix1.out
/home/hs/hvdisp/coadd/results/starlight/z1_s8k_median_erem1_comb_mix2.out
/home/hs/hvdisp/coadd/results/starlight/z1_s8k_median_erem1_comb_mix3.out
/home/hs/hvdisp/coadd/results/starlight/z1_s8k_median_erem1_mius_ku13.out
/home/hs/hvdisp/coadd/results/starlight/z1_s8k_median_erem1_mius_mix1.out
/home/hs/hvdisp/coadd/results/starlight/z1_s8k_median_erem1_mius_un08.out
/home/hs/hvdisp/coadd/results/starlight/z1_s8k_median_erem1_mius_un13.out
/home/hs/hvdisp/coadd/results/starlight/z1_s8k_median_erem1_mius_un18.out
/home/hs/hvdisp/coadd/results/starlight/z1_s8k_median_erem2_comb_mix1.out
/home/hs/hvdisp/coadd/results/starlight/z1_s8k_median_erem2_comb_mix2.out
/home/hs/hvdisp/coadd/results/starlight/z1_s8k_median_erem2_comb_mix3.out
/home/hs/hvdisp/coadd/results/starlight/z1_s8k_median_erem2_mius_ku13.out
/home/hs/hvdisp/coadd/results/starlight/z1_s8k_median_erem2_mius_mix1.out
/home/hs/hvdisp/coadd/results/starlight/z1_s8k_median_erem2_mius_un08.out
/home/hs/hvdisp/coadd/results/starlight/z1_s8k_median_erem2_mius_un13.out
/home/hs/hvdisp/coadd/results/starlight/z1_s8k_median_erem2_mius_un18.out
/home/hs/hvdisp/coadd/results/starlight/z1_s8k_median_eremf_comb_mix1.out
/home/hs/hvdisp/coadd/results/starlight/z1_s8k_median_eremf_comb_mix2.out
/home/hs/hvdisp/coadd/results/starlight/z1_s8k_median_eremf_comb_mix3.out
/home/hs/hvdisp/coadd/results/starlight/z1_s8k_median_eremf_mius_ku13.out
/home/hs/hvdisp/coadd/results/starlight/z1_s8k_median_eremf_mius_mix1.out
/home/hs/hvdisp/coadd/results/starlight/z1_s8k_median_eremf_mius_un08.out
/home/hs/hvdisp/coadd/results/starlight/z1_s8k_median_eremf_mius_un13.out
/home/hs/hvdisp/coadd/results/starlight/z1_s8k_median_eremf_mius_un18.out
/home/hs/hvdisp/coadd/results/starlight/z1_s8k_median_full1_comb_mix1.out
/home/hs/hvdisp/coadd/results/starlight/z1_s8k_median_full1_comb_mix2.out
/home/hs/hvdisp/coadd/results/starlight/z1_s8k_median_full1_comb_mix3.out
/home/hs/hvdisp/coadd/results/starlight/z1_s8k_median_full1_mius_ku13.out
/home/hs/hvdisp/coadd/results/starlight/z1_s8k_median_full1_mius_mix1.out
/home/hs/hvdisp/coadd/results/starlight/z1_s8k_median_full1_mius_un08.out
/home/hs/hvdisp/coadd/results/starlight/z1_s8k_median_full1_mius_un13.out
/home/hs/hvdisp/coadd/results/starlight/z1_s8k_median_full1_mius_un18.out
/home/hs/hvdisp/coadd/results/starlight/z1_s8k_median_full2_comb_mix1.out
/home/hs/hvdisp/coadd/results/starlight/z1_s8k_median_full2_comb_mix2.out
/home/hs/hvdisp/coadd/results/starlight/z1_s8k_median_full2_comb_mix3.out
/home/hs/hvdisp/coadd/results/starlight/z1_s8k_median_full2_mius_ku13.out
/home/hs/hvdisp/coadd/results/starlight/z1_s8k_median_full2_mius_mix1.out
/home/hs/hvdisp/coadd/results/starlight/z1_s8k_median_full2_mius_un08.out
/home/hs/hvdisp/coadd/results/starlight/z1_s8k_median_full2_mius_un13.out
/home/hs/hvdisp/coadd/results/starlight/z1_s8k_median_full2_mius_un18.out
/home/hs/hvdisp/coadd/results/starlight/z2_s2k_median_erem1_comb_mix1.out
/home/hs/hvdisp/coadd/results/starlight/z2_s2k_median_erem1_comb_mix2.out
/home/hs/hvdisp/coadd/results/starlight/z2_s2k_median_erem1_comb_mix3.out
/home/hs/hvdisp/coadd/results/starlight/z2_s2k_median_erem1_mius_ku13.out
/home/hs/hvdisp/coadd/results/starlight/z2_s2k_median_erem1_mius_mix1.out
/home/hs/hvdisp/coadd/results/starlight/z2_s2k_median_erem1_mius_un08.out
/home/hs/hvdisp/coadd/results/starlight/z2_s2k_median_erem1_mius_un13.out
/home/hs/hvdisp/coadd/results/starlight/z2_s2k_median_erem1_mius_un18.out
/home/hs/hvdisp/coadd/results/starlight/z2_s2k_median_erem2_comb_mix1.out
/home/hs/hvdisp/coadd/results/starlight/z2_s2k_median_erem2_comb_mix2.out
/home/hs/hvdisp/coadd/results/starlight/z2_s2k_median_erem2_comb_mix3.out
/home/hs/hvdisp/coadd/results/starlight/z2_s2k_median_erem2_mius_ku13.out
/home/hs/hvdisp/coadd/results/starlight/z2_s2k_median_erem2_mius_mix1.out
/home/hs/hvdisp/coadd/results/starlight/z2_s2k_median_erem2_mius_un08.out
/home/hs/hvdisp/coadd/results/starlight/z2_s2k_median_erem2_mius_un13.out
/home/hs/hvdisp/coadd/results/starlight/z2_s2k_median_erem2_mius_un18.out
/home/hs/hvdisp/coadd/results/starlight/z2_s2k_median_eremf_comb_mix1.out
/home/hs/hvdisp/coadd/results/starlight/z2_s2k_median_eremf_comb_mix2.out
/home/hs/hvdisp/coadd/results/starlight/z2_s2k_median_eremf_comb_mix3.out
/home/hs/hvdisp/coadd/results/starlight/z2_s2k_median_eremf_mius_ku13.out
/home/hs/hvdisp/coadd/results/starlight/z2_s2k_median_eremf_mius_mix1.out
/home/hs/hvdisp/coadd/results/starlight/z2_s2k_median_eremf_mius_un08.out
/home/hs/hvdisp/coadd/results/starlight/z2_s2k_median_eremf_mius_un13.out
/home/hs/hvdisp/coadd/results/starlight/z2_s2k_median_eremf_mius_un18.out
/home/hs/hvdisp/coadd/results/starlight/z2_s2k_median_full1_comb_mix1.out
/home/hs/hvdisp/coadd/results/starlight/z2_s2k_median_full1_comb_mix2.out
/home/hs/hvdisp/coadd/results/starlight/z2_s2k_median_full1_comb_mix3.out
/home/hs/hvdisp/coadd/results/starlight/z2_s2k_median_full1_mius_ku13.out
/home/hs/hvdisp/coadd/results/starlight/z2_s2k_median_full1_mius_mix1.out
/home/hs/hvdisp/coadd/results/starlight/z2_s2k_median_full1_mius_un08.out
/home/hs/hvdisp/coadd/results/starlight/z2_s2k_median_full1_mius_un13.out
/home/hs/hvdisp/coadd/results/starlight/z2_s2k_median_full1_mius_un18.out
/home/hs/hvdisp/coadd/results/starlight/z2_s2k_median_full2_comb_mix1.out
/home/hs/hvdisp/coadd/results/starlight/z2_s2k_median_full2_comb_mix2.out
/home/hs/hvdisp/coadd/results/starlight/z2_s2k_median_full2_comb_mix3.out
/home/hs/hvdisp/coadd/results/starlight/z2_s2k_median_full2_mius_ku13.out
/home/hs/hvdisp/coadd/results/starlight/z2_s2k_median_full2_mius_mix1.out
/home/hs/hvdisp/coadd/results/starlight/z2_s2k_median_full2_mius_un08.out
/home/hs/hvdisp/coadd/results/starlight/z2_s2k_median_full2_mius_un13.out
/home/hs/hvdisp/coadd/results/starlight/z2_s2k_median_full2_mius_un18.out
/home/hs/hvdisp/coadd/results/starlight/z2_s3k_median_erem1_comb_mix1.out
/home/hs/hvdisp/coadd/results/starlight/z2_s3k_median_erem1_comb_mix2.out
/home/hs/hvdisp/coadd/results/starlight/z2_s3k_median_erem1_comb_mix3.out
/home/hs/hvdisp/coadd/results/starlight/z2_s3k_median_erem1_mius_ku13.out
/home/hs/hvdisp/coadd/results/starlight/z2_s3k_median_erem1_mius_mix1.out
/home/hs/hvdisp/coadd/results/starlight/z2_s3k_median_erem1_mius_un08.out
/home/hs/hvdisp/coadd/results/starlight/z2_s3k_median_erem1_mius_un13.out
/home/hs/hvdisp/coadd/results/starlight/z2_s3k_median_erem1_mius_un18.out
/home/hs/hvdisp/coadd/results/starlight/z2_s3k_median_erem2_comb_mix1.out
/home/hs/hvdisp/coadd/results/starlight/z2_s3k_median_erem2_comb_mix2.out
/home/hs/hvdisp/coadd/results/starlight/z2_s3k_median_erem2_comb_mix3.out
/home/hs/hvdisp/coadd/results/starlight/z2_s3k_median_erem2_mius_ku13.out
/home/hs/hvdisp/coadd/results/starlight/z2_s3k_median_erem2_mius_mix1.out
/home/hs/hvdisp/coadd/results/starlight/z2_s3k_median_erem2_mius_un08.out
/home/hs/hvdisp/coadd/results/starlight/z2_s3k_median_erem2_mius_un13.out
/home/hs/hvdisp/coadd/results/starlight/z2_s3k_median_erem2_mius_un18.out
/home/hs/hvdisp/coadd/results/starlight/z2_s3k_median_eremf_comb_mix1.out
/home/hs/hvdisp/coadd/results/starlight/z2_s3k_median_eremf_comb_mix2.out
/home/hs/hvdisp/coadd/results/starlight/z2_s3k_median_eremf_comb_mix3.out
/home/hs/hvdisp/coadd/results/starlight/z2_s3k_median_eremf_mius_ku13.out
/home/hs/hvdisp/coadd/results/starlight/z2_s3k_median_eremf_mius_mix1.out
/home/hs/hvdisp/coadd/results/starlight/z2_s3k_median_eremf_mius_un08.out
/home/hs/hvdisp/coadd/results/starlight/z2_s3k_median_eremf_mius_un13.out
/home/hs/hvdisp/coadd/results/starlight/z2_s3k_median_eremf_mius_un18.out
/home/hs/hvdisp/coadd/results/starlight/z2_s3k_median_full1_comb_mix1.out
/home/hs/hvdisp/coadd/results/starlight/z2_s3k_median_full1_comb_mix2.out
/home/hs/hvdisp/coadd/results/starlight/z2_s3k_median_full1_comb_mix3.out
/home/hs/hvdisp/coadd/results/starlight/z2_s3k_median_full1_mius_ku13.out
/home/hs/hvdisp/coadd/results/starlight/z2_s3k_median_full1_mius_mix1.out
/home/hs/hvdisp/coadd/results/starlight/z2_s3k_median_full1_mius_un08.out
/home/hs/hvdisp/coadd/results/starlight/z2_s3k_median_full1_mius_un13.out
/home/hs/hvdisp/coadd/results/starlight/z2_s3k_median_full1_mius_un18.out
/home/hs/hvdisp/coadd/results/starlight/z2_s3k_median_full2_comb_mix1.out
/home/hs/hvdisp/coadd/results/starlight/z2_s3k_median_full2_comb_mix2.out
/home/hs/hvdisp/coadd/results/starlight/z2_s3k_median_full2_comb_mix3.out
/home/hs/hvdisp/coadd/results/starlight/z2_s3k_median_full2_mius_ku13.out
/home/hs/hvdisp/coadd/results/starlight/z2_s3k_median_full2_mius_mix1.out
/home/hs/hvdisp/coadd/results/starlight/z2_s3k_median_full2_mius_un08.out
/home/hs/hvdisp/coadd/results/starlight/z2_s3k_median_full2_mius_un13.out
/home/hs/hvdisp/coadd/results/starlight/z2_s3k_median_full2_mius_un18.out
/home/hs/hvdisp/coadd/results/starlight/z2_s4k_median_erem1_comb_mix1.out
/home/hs/hvdisp/coadd/results/starlight/z2_s4k_median_erem1_comb_mix2.out
/home/hs/hvdisp/coadd/results/starlight/z2_s4k_median_erem1_comb_mix3.out
/home/hs/hvdisp/coadd/results/starlight/z2_s4k_median_erem1_mius_ku13.out
/home/hs/hvdisp/coadd/results/starlight/z2_s4k_median_erem1_mius_mix1.out
/home/hs/hvdisp/coadd/results/starlight/z2_s4k_median_erem1_mius_un08.out
/home/hs/hvdisp/coadd/results/starlight/z2_s4k_median_erem1_mius_un13.out
/home/hs/hvdisp/coadd/results/starlight/z2_s4k_median_erem1_mius_un18.out
/home/hs/hvdisp/coadd/results/starlight/z2_s4k_median_erem2_comb_mix1.out
/home/hs/hvdisp/coadd/results/starlight/z2_s4k_median_erem2_comb_mix2.out
/home/hs/hvdisp/coadd/results/starlight/z2_s4k_median_erem2_comb_mix3.out
/home/hs/hvdisp/coadd/results/starlight/z2_s4k_median_erem2_mius_ku13.out
/home/hs/hvdisp/coadd/results/starlight/z2_s4k_median_erem2_mius_mix1.out
/home/hs/hvdisp/coadd/results/starlight/z2_s4k_median_erem2_mius_un08.out
/home/hs/hvdisp/coadd/results/starlight/z2_s4k_median_erem2_mius_un13.out
/home/hs/hvdisp/coadd/results/starlight/z2_s4k_median_erem2_mius_un18.out
/home/hs/hvdisp/coadd/results/starlight/z2_s4k_median_eremf_comb_mix1.out
/home/hs/hvdisp/coadd/results/starlight/z2_s4k_median_eremf_comb_mix2.out
/home/hs/hvdisp/coadd/results/starlight/z2_s4k_median_eremf_comb_mix3.out
/home/hs/hvdisp/coadd/results/starlight/z2_s4k_median_eremf_mius_ku13.out
/home/hs/hvdisp/coadd/results/starlight/z2_s4k_median_eremf_mius_mix1.out
/home/hs/hvdisp/coadd/results/starlight/z2_s4k_median_eremf_mius_un08.out
/home/hs/hvdisp/coadd/results/starlight/z2_s4k_median_eremf_mius_un13.out
/home/hs/hvdisp/coadd/results/starlight/z2_s4k_median_eremf_mius_un18.out
/home/hs/hvdisp/coadd/results/starlight/z2_s4k_median_full1_comb_mix1.out
/home/hs/hvdisp/coadd/results/starlight/z2_s4k_median_full1_comb_mix2.out
/home/hs/hvdisp/coadd/results/starlight/z2_s4k_median_full1_comb_mix3.out
/home/hs/hvdisp/coadd/results/starlight/z2_s4k_median_full1_mius_ku13.out
/home/hs/hvdisp/coadd/results/starlight/z2_s4k_median_full1_mius_mix1.out
/home/hs/hvdisp/coadd/results/starlight/z2_s4k_median_full1_mius_un08.out
/home/hs/hvdisp/coadd/results/starlight/z2_s4k_median_full1_mius_un13.out
/home/hs/hvdisp/coadd/results/starlight/z2_s4k_median_full1_mius_un18.out
/home/hs/hvdisp/coadd/results/starlight/z2_s4k_median_full2_comb_mix1.out
/home/hs/hvdisp/coadd/results/starlight/z2_s4k_median_full2_comb_mix2.out
/home/hs/hvdisp/coadd/results/starlight/z2_s4k_median_full2_comb_mix3.out
/home/hs/hvdisp/coadd/results/starlight/z2_s4k_median_full2_mius_ku13.out
/home/hs/hvdisp/coadd/results/starlight/z2_s4k_median_full2_mius_mix1.out
/home/hs/hvdisp/coadd/results/starlight/z2_s4k_median_full2_mius_un08.out
/home/hs/hvdisp/coadd/results/starlight/z2_s4k_median_full2_mius_un13.out
/home/hs/hvdisp/coadd/results/starlight/z2_s4k_median_full2_mius_un18.out
/home/hs/hvdisp/coadd/results/starlight/z2_s5k_median_erem1_comb_mix1.out
/home/hs/hvdisp/coadd/results/starlight/z2_s5k_median_erem1_comb_mix2.out
/home/hs/hvdisp/coadd/results/starlight/z2_s5k_median_erem1_comb_mix3.out
/home/hs/hvdisp/coadd/results/starlight/z2_s5k_median_erem1_mius_ku13.out
/home/hs/hvdisp/coadd/results/starlight/z2_s5k_median_erem1_mius_mix1.out
/home/hs/hvdisp/coadd/results/starlight/z2_s5k_median_erem1_mius_un08.out
/home/hs/hvdisp/coadd/results/starlight/z2_s5k_median_erem1_mius_un13.out
/home/hs/hvdisp/coadd/results/starlight/z2_s5k_median_erem1_mius_un18.out
/home/hs/hvdisp/coadd/results/starlight/z2_s5k_median_erem2_comb_mix1.out
/home/hs/hvdisp/coadd/results/starlight/z2_s5k_median_erem2_comb_mix2.out
/home/hs/hvdisp/coadd/results/starlight/z2_s5k_median_erem2_comb_mix3.out
/home/hs/hvdisp/coadd/results/starlight/z2_s5k_median_erem2_mius_ku13.out
/home/hs/hvdisp/coadd/results/starlight/z2_s5k_median_erem2_mius_mix1.out
/home/hs/hvdisp/coadd/results/starlight/z2_s5k_median_erem2_mius_un08.out
/home/hs/hvdisp/coadd/results/starlight/z2_s5k_median_erem2_mius_un13.out
/home/hs/hvdisp/coadd/results/starlight/z2_s5k_median_erem2_mius_un18.out
/home/hs/hvdisp/coadd/results/starlight/z2_s5k_median_eremf_comb_mix1.out
/home/hs/hvdisp/coadd/results/starlight/z2_s5k_median_eremf_comb_mix2.out
/home/hs/hvdisp/coadd/results/starlight/z2_s5k_median_eremf_comb_mix3.out
/home/hs/hvdisp/coadd/results/starlight/z2_s5k_median_eremf_mius_ku13.out
/home/hs/hvdisp/coadd/results/starlight/z2_s5k_median_eremf_mius_mix1.out
/home/hs/hvdisp/coadd/results/starlight/z2_s5k_median_eremf_mius_un08.out
/home/hs/hvdisp/coadd/results/starlight/z2_s5k_median_eremf_mius_un13.out
/home/hs/hvdisp/coadd/results/starlight/z2_s5k_median_eremf_mius_un18.out
/home/hs/hvdisp/coadd/results/starlight/z2_s5k_median_full1_comb_mix1.out
/home/hs/hvdisp/coadd/results/starlight/z2_s5k_median_full1_comb_mix2.out
/home/hs/hvdisp/coadd/results/starlight/z2_s5k_median_full1_comb_mix3.out
/home/hs/hvdisp/coadd/results/starlight/z2_s5k_median_full1_mius_ku13.out
/home/hs/hvdisp/coadd/results/starlight/z2_s5k_median_full1_mius_mix1.out
/home/hs/hvdisp/coadd/results/starlight/z2_s5k_median_full1_mius_un08.out
/home/hs/hvdisp/coadd/results/starlight/z2_s5k_median_full1_mius_un13.out
/home/hs/hvdisp/coadd/results/starlight/z2_s5k_median_full1_mius_un18.out
/home/hs/hvdisp/coadd/results/starlight/z2_s5k_median_full2_comb_mix1.out
/home/hs/hvdisp/coadd/results/starlight/z2_s5k_median_full2_comb_mix2.out
/home/hs/hvdisp/coadd/results/starlight/z2_s5k_median_full2_comb_mix3.out
/home/hs/hvdisp/coadd/results/starlight/z2_s5k_median_full2_mius_ku13.out
/home/hs/hvdisp/coadd/results/starlight/z2_s5k_median_full2_mius_mix1.out
/home/hs/hvdisp/coadd/results/starlight/z2_s5k_median_full2_mius_un08.out
/home/hs/hvdisp/coadd/results/starlight/z2_s5k_median_full2_mius_un13.out
/home/hs/hvdisp/coadd/results/starlight/z2_s5k_median_full2_mius_un18.out
/home/hs/hvdisp/coadd/results/starlight/z2_s6k_median_erem1_comb_mix1.out
/home/hs/hvdisp/coadd/results/starlight/z2_s6k_median_erem1_comb_mix2.out
/home/hs/hvdisp/coadd/results/starlight/z2_s6k_median_erem1_comb_mix3.out
/home/hs/hvdisp/coadd/results/starlight/z2_s6k_median_erem1_mius_ku13.out
/home/hs/hvdisp/coadd/results/starlight/z2_s6k_median_erem1_mius_mix1.out
/home/hs/hvdisp/coadd/results/starlight/z2_s6k_median_erem1_mius_un08.out
/home/hs/hvdisp/coadd/results/starlight/z2_s6k_median_erem1_mius_un13.out
/home/hs/hvdisp/coadd/results/starlight/z2_s6k_median_erem1_mius_un18.out
/home/hs/hvdisp/coadd/results/starlight/z2_s6k_median_erem2_comb_mix1.out
/home/hs/hvdisp/coadd/results/starlight/z2_s6k_median_erem2_comb_mix2.out
/home/hs/hvdisp/coadd/results/starlight/z2_s6k_median_erem2_comb_mix3.out
/home/hs/hvdisp/coadd/results/starlight/z2_s6k_median_erem2_mius_ku13.out
/home/hs/hvdisp/coadd/results/starlight/z2_s6k_median_erem2_mius_mix1.out
/home/hs/hvdisp/coadd/results/starlight/z2_s6k_median_erem2_mius_un08.out
/home/hs/hvdisp/coadd/results/starlight/z2_s6k_median_erem2_mius_un13.out
/home/hs/hvdisp/coadd/results/starlight/z2_s6k_median_erem2_mius_un18.out
/home/hs/hvdisp/coadd/results/starlight/z2_s6k_median_eremf_comb_mix1.out
/home/hs/hvdisp/coadd/results/starlight/z2_s6k_median_eremf_comb_mix2.out
/home/hs/hvdisp/coadd/results/starlight/z2_s6k_median_eremf_comb_mix3.out
/home/hs/hvdisp/coadd/results/starlight/z2_s6k_median_eremf_mius_ku13.out
/home/hs/hvdisp/coadd/results/starlight/z2_s6k_median_eremf_mius_mix1.out
/home/hs/hvdisp/coadd/results/starlight/z2_s6k_median_eremf_mius_un08.out
/home/hs/hvdisp/coadd/results/starlight/z2_s6k_median_eremf_mius_un13.out
/home/hs/hvdisp/coadd/results/starlight/z2_s6k_median_eremf_mius_un18.out
/home/hs/hvdisp/coadd/results/starlight/z2_s6k_median_full1_comb_mix1.out
/home/hs/hvdisp/coadd/results/starlight/z2_s6k_median_full1_comb_mix2.out
/home/hs/hvdisp/coadd/results/starlight/z2_s6k_median_full1_comb_mix3.out
/home/hs/hvdisp/coadd/results/starlight/z2_s6k_median_full1_mius_ku13.out
/home/hs/hvdisp/coadd/results/starlight/z2_s6k_median_full1_mius_mix1.out
/home/hs/hvdisp/coadd/results/starlight/z2_s6k_median_full1_mius_un08.out
/home/hs/hvdisp/coadd/results/starlight/z2_s6k_median_full1_mius_un13.out
/home/hs/hvdisp/coadd/results/starlight/z2_s6k_median_full1_mius_un18.out
/home/hs/hvdisp/coadd/results/starlight/z2_s6k_median_full2_comb_mix1.out
/home/hs/hvdisp/coadd/results/starlight/z2_s6k_median_full2_comb_mix2.out
/home/hs/hvdisp/coadd/results/starlight/z2_s6k_median_full2_comb_mix3.out
/home/hs/hvdisp/coadd/results/starlight/z2_s6k_median_full2_mius_ku13.out
/home/hs/hvdisp/coadd/results/starlight/z2_s6k_median_full2_mius_mix1.out
/home/hs/hvdisp/coadd/results/starlight/z2_s6k_median_full2_mius_un08.out
/home/hs/hvdisp/coadd/results/starlight/z2_s6k_median_full2_mius_un13.out
/home/hs/hvdisp/coadd/results/starlight/z2_s6k_median_full2_mius_un18.out
/home/hs/hvdisp/coadd/results/starlight/z2_s7k_median_erem1_comb_mix1.out
/home/hs/hvdisp/coadd/results/starlight/z2_s7k_median_erem1_comb_mix2.out
/home/hs/hvdisp/coadd/results/starlight/z2_s7k_median_erem1_comb_mix3.out
/home/hs/hvdisp/coadd/results/starlight/z2_s7k_median_erem1_mius_ku13.out
/home/hs/hvdisp/coadd/results/starlight/z2_s7k_median_erem1_mius_mix1.out
/home/hs/hvdisp/coadd/results/starlight/z2_s7k_median_erem1_mius_un08.out
/home/hs/hvdisp/coadd/results/starlight/z2_s7k_median_erem1_mius_un13.out
/home/hs/hvdisp/coadd/results/starlight/z2_s7k_median_erem1_mius_un18.out
/home/hs/hvdisp/coadd/results/starlight/z2_s7k_median_erem2_comb_mix1.out
/home/hs/hvdisp/coadd/results/starlight/z2_s7k_median_erem2_comb_mix2.out
/home/hs/hvdisp/coadd/results/starlight/z2_s7k_median_erem2_comb_mix3.out
/home/hs/hvdisp/coadd/results/starlight/z2_s7k_median_erem2_mius_ku13.out
/home/hs/hvdisp/coadd/results/starlight/z2_s7k_median_erem2_mius_mix1.out
/home/hs/hvdisp/coadd/results/starlight/z2_s7k_median_erem2_mius_un08.out
/home/hs/hvdisp/coadd/results/starlight/z2_s7k_median_erem2_mius_un13.out
/home/hs/hvdisp/coadd/results/starlight/z2_s7k_median_erem2_mius_un18.out
/home/hs/hvdisp/coadd/results/starlight/z2_s7k_median_eremf_comb_mix1.out
/home/hs/hvdisp/coadd/results/starlight/z2_s7k_median_eremf_comb_mix2.out
/home/hs/hvdisp/coadd/results/starlight/z2_s7k_median_eremf_comb_mix3.out
/home/hs/hvdisp/coadd/results/starlight/z2_s7k_median_eremf_mius_ku13.out
/home/hs/hvdisp/coadd/results/starlight/z2_s7k_median_eremf_mius_mix1.out
/home/hs/hvdisp/coadd/results/starlight/z2_s7k_median_eremf_mius_un08.out
/home/hs/hvdisp/coadd/results/starlight/z2_s7k_median_eremf_mius_un13.out
/home/hs/hvdisp/coadd/results/starlight/z2_s7k_median_eremf_mius_un18.out
/home/hs/hvdisp/coadd/results/starlight/z2_s7k_median_full1_comb_mix1.out
/home/hs/hvdisp/coadd/results/starlight/z2_s7k_median_full1_comb_mix2.out
/home/hs/hvdisp/coadd/results/starlight/z2_s7k_median_full1_comb_mix3.out
/home/hs/hvdisp/coadd/results/starlight/z2_s7k_median_full1_mius_ku13.out
/home/hs/hvdisp/coadd/results/starlight/z2_s7k_median_full1_mius_mix1.out
/home/hs/hvdisp/coadd/results/starlight/z2_s7k_median_full1_mius_un08.out
/home/hs/hvdisp/coadd/results/starlight/z2_s7k_median_full1_mius_un13.out
/home/hs/hvdisp/coadd/results/starlight/z2_s7k_median_full1_mius_un18.out
/home/hs/hvdisp/coadd/results/starlight/z2_s7k_median_full2_comb_mix1.out
/home/hs/hvdisp/coadd/results/starlight/z2_s7k_median_full2_comb_mix2.out
/home/hs/hvdisp/coadd/results/starlight/z2_s7k_median_full2_comb_mix3.out
/home/hs/hvdisp/coadd/results/starlight/z2_s7k_median_full2_mius_ku13.out
/home/hs/hvdisp/coadd/results/starlight/z2_s7k_median_full2_mius_mix1.out
/home/hs/hvdisp/coadd/results/starlight/z2_s7k_median_full2_mius_un08.out
/home/hs/hvdisp/coadd/results/starlight/z2_s7k_median_full2_mius_un13.out
/home/hs/hvdisp/coadd/results/starlight/z2_s7k_median_full2_mius_un18.out
/home/hs/hvdisp/coadd/results/starlight/z2_s8k_median_erem1_comb_mix1.out
/home/hs/hvdisp/coadd/results/starlight/z2_s8k_median_erem1_comb_mix2.out
/home/hs/hvdisp/coadd/results/starlight/z2_s8k_median_erem1_comb_mix3.out
/home/hs/hvdisp/coadd/results/starlight/z2_s8k_median_erem1_mius_ku13.out
/home/hs/hvdisp/coadd/results/starlight/z2_s8k_median_erem1_mius_mix1.out
/home/hs/hvdisp/coadd/results/starlight/z2_s8k_median_erem1_mius_un08.out
/home/hs/hvdisp/coadd/results/starlight/z2_s8k_median_erem1_mius_un13.out
/home/hs/hvdisp/coadd/results/starlight/z2_s8k_median_erem1_mius_un18.out
/home/hs/hvdisp/coadd/results/starlight/z2_s8k_median_erem2_comb_mix1.out
/home/hs/hvdisp/coadd/results/starlight/z2_s8k_median_erem2_comb_mix2.out
/home/hs/hvdisp/coadd/results/starlight/z2_s8k_median_erem2_comb_mix3.out
/home/hs/hvdisp/coadd/results/starlight/z2_s8k_median_erem2_mius_ku13.out
/home/hs/hvdisp/coadd/results/starlight/z2_s8k_median_erem2_mius_mix1.out
/home/hs/hvdisp/coadd/results/starlight/z2_s8k_median_erem2_mius_un08.out
/home/hs/hvdisp/coadd/results/starlight/z2_s8k_median_erem2_mius_un13.out
/home/hs/hvdisp/coadd/results/starlight/z2_s8k_median_erem2_mius_un18.out
/home/hs/hvdisp/coadd/results/starlight/z2_s8k_median_eremf_comb_mix1.out
/home/hs/hvdisp/coadd/results/starlight/z2_s8k_median_eremf_comb_mix2.out
/home/hs/hvdisp/coadd/results/starlight/z2_s8k_median_eremf_comb_mix3.out
/home/hs/hvdisp/coadd/results/starlight/z2_s8k_median_eremf_mius_ku13.out
/home/hs/hvdisp/coadd/results/starlight/z2_s8k_median_eremf_mius_mix1.out
/home/hs/hvdisp/coadd/results/starlight/z2_s8k_median_eremf_mius_un08.out
/home/hs/hvdisp/coadd/results/starlight/z2_s8k_median_eremf_mius_un13.out
/home/hs/hvdisp/coadd/results/starlight/z2_s8k_median_eremf_mius_un18.out
/home/hs/hvdisp/coadd/results/starlight/z2_s8k_median_full1_comb_mix1.out
/home/hs/hvdisp/coadd/results/starlight/z2_s8k_median_full1_comb_mix2.out
/home/hs/hvdisp/coadd/results/starlight/z2_s8k_median_full1_comb_mix3.out
/home/hs/hvdisp/coadd/results/starlight/z2_s8k_median_full1_mius_ku13.out
/home/hs/hvdisp/coadd/results/starlight/z2_s8k_median_full1_mius_mix1.out
/home/hs/hvdisp/coadd/results/starlight/z2_s8k_median_full1_mius_un08.out
/home/hs/hvdisp/coadd/results/starlight/z2_s8k_median_full1_mius_un13.out
/home/hs/hvdisp/coadd/results/starlight/z2_s8k_median_full1_mius_un18.out
/home/hs/hvdisp/coadd/results/starlight/z2_s8k_median_full2_comb_mix1.out
/home/hs/hvdisp/coadd/results/starlight/z2_s8k_median_full2_comb_mix2.out
/home/hs/hvdisp/coadd/results/starlight/z2_s8k_median_full2_comb_mix3.out
/home/hs/hvdisp/coadd/results/starlight/z2_s8k_median_full2_mius_ku13.out
/home/hs/hvdisp/coadd/results/starlight/z2_s8k_median_full2_mius_mix1.out
/home/hs/hvdisp/coadd/results/starlight/z2_s8k_median_full2_mius_un08.out
/home/hs/hvdisp/coadd/results/starlight/z2_s8k_median_full2_mius_un13.out
/home/hs/hvdisp/coadd/results/starlight/z2_s8k_median_full2_mius_un18.out
/home/hs/hvdisp/coadd/results/starlight/z3_s3k_median_erem1_comb_mix1.out
/home/hs/hvdisp/coadd/results/starlight/z3_s3k_median_erem1_comb_mix2.out
/home/hs/hvdisp/coadd/results/starlight/z3_s3k_median_erem1_comb_mix3.out
/home/hs/hvdisp/coadd/results/starlight/z3_s3k_median_erem1_mius_ku13.out
/home/hs/hvdisp/coadd/results/starlight/z3_s3k_median_erem1_mius_mix1.out
/home/hs/hvdisp/coadd/results/starlight/z3_s3k_median_erem1_mius_un08.out
/home/hs/hvdisp/coadd/results/starlight/z3_s3k_median_erem1_mius_un13.out
/home/hs/hvdisp/coadd/results/starlight/z3_s3k_median_erem1_mius_un18.out
/home/hs/hvdisp/coadd/results/starlight/z3_s3k_median_erem2_comb_mix1.out
/home/hs/hvdisp/coadd/results/starlight/z3_s3k_median_erem2_comb_mix2.out
/home/hs/hvdisp/coadd/results/starlight/z3_s3k_median_erem2_comb_mix3.out
/home/hs/hvdisp/coadd/results/starlight/z3_s3k_median_erem2_mius_ku13.out
/home/hs/hvdisp/coadd/results/starlight/z3_s3k_median_erem2_mius_mix1.out
/home/hs/hvdisp/coadd/results/starlight/z3_s3k_median_erem2_mius_un08.out
/home/hs/hvdisp/coadd/results/starlight/z3_s3k_median_erem2_mius_un13.out
/home/hs/hvdisp/coadd/results/starlight/z3_s3k_median_erem2_mius_un18.out
/home/hs/hvdisp/coadd/results/starlight/z3_s3k_median_eremf_comb_mix1.out
/home/hs/hvdisp/coadd/results/starlight/z3_s3k_median_eremf_comb_mix2.out
/home/hs/hvdisp/coadd/results/starlight/z3_s3k_median_eremf_comb_mix3.out
/home/hs/hvdisp/coadd/results/starlight/z3_s3k_median_eremf_mius_ku13.out
/home/hs/hvdisp/coadd/results/starlight/z3_s3k_median_eremf_mius_mix1.out
/home/hs/hvdisp/coadd/results/starlight/z3_s3k_median_eremf_mius_un08.out
/home/hs/hvdisp/coadd/results/starlight/z3_s3k_median_eremf_mius_un13.out
/home/hs/hvdisp/coadd/results/starlight/z3_s3k_median_eremf_mius_un18.out
/home/hs/hvdisp/coadd/results/starlight/z3_s3k_median_full1_comb_mix1.out
/home/hs/hvdisp/coadd/results/starlight/z3_s3k_median_full1_comb_mix2.out
/home/hs/hvdisp/coadd/results/starlight/z3_s3k_median_full1_comb_mix3.out
/home/hs/hvdisp/coadd/results/starlight/z3_s3k_median_full1_mius_ku13.out
/home/hs/hvdisp/coadd/results/starlight/z3_s3k_median_full1_mius_mix1.out
/home/hs/hvdisp/coadd/results/starlight/z3_s3k_median_full1_mius_un08.out
/home/hs/hvdisp/coadd/results/starlight/z3_s3k_median_full1_mius_un13.out
/home/hs/hvdisp/coadd/results/starlight/z3_s3k_median_full1_mius_un18.out
/home/hs/hvdisp/coadd/results/starlight/z3_s3k_median_full2_comb_mix1.out
/home/hs/hvdisp/coadd/results/starlight/z3_s3k_median_full2_comb_mix2.out
/home/hs/hvdisp/coadd/results/starlight/z3_s3k_median_full2_comb_mix3.out
/home/hs/hvdisp/coadd/results/starlight/z3_s3k_median_full2_mius_ku13.out
/home/hs/hvdisp/coadd/results/starlight/z3_s3k_median_full2_mius_mix1.out
/home/hs/hvdisp/coadd/results/starlight/z3_s3k_median_full2_mius_un08.out
/home/hs/hvdisp/coadd/results/starlight/z3_s3k_median_full2_mius_un13.out
/home/hs/hvdisp/coadd/results/starlight/z3_s3k_median_full2_mius_un18.out
/home/hs/hvdisp/coadd/results/starlight/z3_s4k_median_erem1_comb_mix1.out
/home/hs/hvdisp/coadd/results/starlight/z3_s4k_median_erem1_comb_mix2.out
/home/hs/hvdisp/coadd/results/starlight/z3_s4k_median_erem1_comb_mix3.out
/home/hs/hvdisp/coadd/results/starlight/z3_s4k_median_erem1_mius_ku13.out
/home/hs/hvdisp/coadd/results/starlight/z3_s4k_median_erem1_mius_mix1.out
/home/hs/hvdisp/coadd/results/starlight/z3_s4k_median_erem1_mius_un08.out
/home/hs/hvdisp/coadd/results/starlight/z3_s4k_median_erem1_mius_un13.out
/home/hs/hvdisp/coadd/results/starlight/z3_s4k_median_erem1_mius_un18.out
/home/hs/hvdisp/coadd/results/starlight/z3_s4k_median_erem2_comb_mix1.out
/home/hs/hvdisp/coadd/results/starlight/z3_s4k_median_erem2_comb_mix2.out
/home/hs/hvdisp/coadd/results/starlight/z3_s4k_median_erem2_comb_mix3.out
/home/hs/hvdisp/coadd/results/starlight/z3_s4k_median_erem2_mius_ku13.out
/home/hs/hvdisp/coadd/results/starlight/z3_s4k_median_erem2_mius_mix1.out
/home/hs/hvdisp/coadd/results/starlight/z3_s4k_median_erem2_mius_un08.out
/home/hs/hvdisp/coadd/results/starlight/z3_s4k_median_erem2_mius_un13.out
/home/hs/hvdisp/coadd/results/starlight/z3_s4k_median_erem2_mius_un18.out
/home/hs/hvdisp/coadd/results/starlight/z3_s4k_median_eremf_comb_mix1.out
/home/hs/hvdisp/coadd/results/starlight/z3_s4k_median_eremf_comb_mix2.out
/home/hs/hvdisp/coadd/results/starlight/z3_s4k_median_eremf_comb_mix3.out
/home/hs/hvdisp/coadd/results/starlight/z3_s4k_median_eremf_mius_ku13.out
/home/hs/hvdisp/coadd/results/starlight/z3_s4k_median_eremf_mius_mix1.out
/home/hs/hvdisp/coadd/results/starlight/z3_s4k_median_eremf_mius_un08.out
/home/hs/hvdisp/coadd/results/starlight/z3_s4k_median_eremf_mius_un13.out
/home/hs/hvdisp/coadd/results/starlight/z3_s4k_median_eremf_mius_un18.out
/home/hs/hvdisp/coadd/results/starlight/z3_s4k_median_full1_comb_mix1.out
/home/hs/hvdisp/coadd/results/starlight/z3_s4k_median_full1_comb_mix2.out
/home/hs/hvdisp/coadd/results/starlight/z3_s4k_median_full1_comb_mix3.out
/home/hs/hvdisp/coadd/results/starlight/z3_s4k_median_full1_mius_ku13.out
/home/hs/hvdisp/coadd/results/starlight/z3_s4k_median_full1_mius_mix1.out
/home/hs/hvdisp/coadd/results/starlight/z3_s4k_median_full1_mius_un08.out
/home/hs/hvdisp/coadd/results/starlight/z3_s4k_median_full1_mius_un13.out
/home/hs/hvdisp/coadd/results/starlight/z3_s4k_median_full1_mius_un18.out
/home/hs/hvdisp/coadd/results/starlight/z3_s4k_median_full2_comb_mix1.out
/home/hs/hvdisp/coadd/results/starlight/z3_s4k_median_full2_comb_mix2.out
/home/hs/hvdisp/coadd/results/starlight/z3_s4k_median_full2_comb_mix3.out
/home/hs/hvdisp/coadd/results/starlight/z3_s4k_median_full2_mius_ku13.out
/home/hs/hvdisp/coadd/results/starlight/z3_s4k_median_full2_mius_mix1.out
/home/hs/hvdisp/coadd/results/starlight/z3_s4k_median_full2_mius_un08.out
/home/hs/hvdisp/coadd/results/starlight/z3_s4k_median_full2_mius_un13.out
/home/hs/hvdisp/coadd/results/starlight/z3_s4k_median_full2_mius_un18.out
/home/hs/hvdisp/coadd/results/starlight/z3_s5k_median_erem1_comb_mix1.out
/home/hs/hvdisp/coadd/results/starlight/z3_s5k_median_erem1_comb_mix2.out
/home/hs/hvdisp/coadd/results/starlight/z3_s5k_median_erem1_comb_mix3.out
/home/hs/hvdisp/coadd/results/starlight/z3_s5k_median_erem1_mius_ku13.out
/home/hs/hvdisp/coadd/results/starlight/z3_s5k_median_erem1_mius_mix1.out
/home/hs/hvdisp/coadd/results/starlight/z3_s5k_median_erem1_mius_un08.out
/home/hs/hvdisp/coadd/results/starlight/z3_s5k_median_erem1_mius_un13.out
/home/hs/hvdisp/coadd/results/starlight/z3_s5k_median_erem1_mius_un18.out
/home/hs/hvdisp/coadd/results/starlight/z3_s5k_median_erem2_comb_mix1.out
/home/hs/hvdisp/coadd/results/starlight/z3_s5k_median_erem2_comb_mix2.out
/home/hs/hvdisp/coadd/results/starlight/z3_s5k_median_erem2_comb_mix3.out
/home/hs/hvdisp/coadd/results/starlight/z3_s5k_median_erem2_mius_ku13.out
/home/hs/hvdisp/coadd/results/starlight/z3_s5k_median_erem2_mius_mix1.out
/home/hs/hvdisp/coadd/results/starlight/z3_s5k_median_erem2_mius_un08.out
/home/hs/hvdisp/coadd/results/starlight/z3_s5k_median_erem2_mius_un13.out
/home/hs/hvdisp/coadd/results/starlight/z3_s5k_median_erem2_mius_un18.out
/home/hs/hvdisp/coadd/results/starlight/z3_s5k_median_eremf_comb_mix1.out
/home/hs/hvdisp/coadd/results/starlight/z3_s5k_median_eremf_comb_mix2.out
/home/hs/hvdisp/coadd/results/starlight/z3_s5k_median_eremf_comb_mix3.out
/home/hs/hvdisp/coadd/results/starlight/z3_s5k_median_eremf_mius_ku13.out
/home/hs/hvdisp/coadd/results/starlight/z3_s5k_median_eremf_mius_mix1.out
/home/hs/hvdisp/coadd/results/starlight/z3_s5k_median_eremf_mius_un08.out
/home/hs/hvdisp/coadd/results/starlight/z3_s5k_median_eremf_mius_un13.out
/home/hs/hvdisp/coadd/results/starlight/z3_s5k_median_eremf_mius_un18.out
/home/hs/hvdisp/coadd/results/starlight/z3_s5k_median_full1_comb_mix1.out
/home/hs/hvdisp/coadd/results/starlight/z3_s5k_median_full1_comb_mix2.out
/home/hs/hvdisp/coadd/results/starlight/z3_s5k_median_full1_comb_mix3.out
/home/hs/hvdisp/coadd/results/starlight/z3_s5k_median_full1_mius_ku13.out
/home/hs/hvdisp/coadd/results/starlight/z3_s5k_median_full1_mius_mix1.out
/home/hs/hvdisp/coadd/results/starlight/z3_s5k_median_full1_mius_un08.out
/home/hs/hvdisp/coadd/results/starlight/z3_s5k_median_full1_mius_un13.out
/home/hs/hvdisp/coadd/results/starlight/z3_s5k_median_full1_mius_un18.out
/home/hs/hvdisp/coadd/results/starlight/z3_s5k_median_full2_comb_mix1.out
/home/hs/hvdisp/coadd/results/starlight/z3_s5k_median_full2_comb_mix2.out
/home/hs/hvdisp/coadd/results/starlight/z3_s5k_median_full2_comb_mix3.out
/home/hs/hvdisp/coadd/results/starlight/z3_s5k_median_full2_mius_ku13.out
/home/hs/hvdisp/coadd/results/starlight/z3_s5k_median_full2_mius_mix1.out
/home/hs/hvdisp/coadd/results/starlight/z3_s5k_median_full2_mius_un08.out
/home/hs/hvdisp/coadd/results/starlight/z3_s5k_median_full2_mius_un13.out
/home/hs/hvdisp/coadd/results/starlight/z3_s5k_median_full2_mius_un18.out
/home/hs/hvdisp/coadd/results/starlight/z3_s6k_median_erem1_comb_mix1.out
/home/hs/hvdisp/coadd/results/starlight/z3_s6k_median_erem1_comb_mix2.out
/home/hs/hvdisp/coadd/results/starlight/z3_s6k_median_erem1_comb_mix3.out
/home/hs/hvdisp/coadd/results/starlight/z3_s6k_median_erem1_mius_ku13.out
/home/hs/hvdisp/coadd/results/starlight/z3_s6k_median_erem1_mius_mix1.out
/home/hs/hvdisp/coadd/results/starlight/z3_s6k_median_erem1_mius_un08.out
/home/hs/hvdisp/coadd/results/starlight/z3_s6k_median_erem1_mius_un13.out
/home/hs/hvdisp/coadd/results/starlight/z3_s6k_median_erem1_mius_un18.out
/home/hs/hvdisp/coadd/results/starlight/z3_s6k_median_erem2_comb_mix1.out
/home/hs/hvdisp/coadd/results/starlight/z3_s6k_median_erem2_comb_mix2.out
/home/hs/hvdisp/coadd/results/starlight/z3_s6k_median_erem2_comb_mix3.out
/home/hs/hvdisp/coadd/results/starlight/z3_s6k_median_erem2_mius_ku13.out
/home/hs/hvdisp/coadd/results/starlight/z3_s6k_median_erem2_mius_mix1.out
/home/hs/hvdisp/coadd/results/starlight/z3_s6k_median_erem2_mius_un08.out
/home/hs/hvdisp/coadd/results/starlight/z3_s6k_median_erem2_mius_un13.out
/home/hs/hvdisp/coadd/results/starlight/z3_s6k_median_erem2_mius_un18.out
/home/hs/hvdisp/coadd/results/starlight/z3_s6k_median_eremf_comb_mix1.out
/home/hs/hvdisp/coadd/results/starlight/z3_s6k_median_eremf_comb_mix2.out
/home/hs/hvdisp/coadd/results/starlight/z3_s6k_median_eremf_comb_mix3.out
/home/hs/hvdisp/coadd/results/starlight/z3_s6k_median_eremf_mius_ku13.out
/home/hs/hvdisp/coadd/results/starlight/z3_s6k_median_eremf_mius_mix1.out
/home/hs/hvdisp/coadd/results/starlight/z3_s6k_median_eremf_mius_un08.out
/home/hs/hvdisp/coadd/results/starlight/z3_s6k_median_eremf_mius_un13.out
/home/hs/hvdisp/coadd/results/starlight/z3_s6k_median_eremf_mius_un18.out
/home/hs/hvdisp/coadd/results/starlight/z3_s6k_median_full1_comb_mix1.out
/home/hs/hvdisp/coadd/results/starlight/z3_s6k_median_full1_comb_mix2.out
/home/hs/hvdisp/coadd/results/starlight/z3_s6k_median_full1_comb_mix3.out
/home/hs/hvdisp/coadd/results/starlight/z3_s6k_median_full1_mius_ku13.out
/home/hs/hvdisp/coadd/results/starlight/z3_s6k_median_full1_mius_mix1.out
/home/hs/hvdisp/coadd/results/starlight/z3_s6k_median_full1_mius_un08.out
/home/hs/hvdisp/coadd/results/starlight/z3_s6k_median_full1_mius_un13.out
/home/hs/hvdisp/coadd/results/starlight/z3_s6k_median_full1_mius_un18.out
/home/hs/hvdisp/coadd/results/starlight/z3_s6k_median_full2_comb_mix1.out
/home/hs/hvdisp/coadd/results/starlight/z3_s6k_median_full2_comb_mix2.out
/home/hs/hvdisp/coadd/results/starlight/z3_s6k_median_full2_comb_mix3.out
/home/hs/hvdisp/coadd/results/starlight/z3_s6k_median_full2_mius_ku13.out
/home/hs/hvdisp/coadd/results/starlight/z3_s6k_median_full2_mius_mix1.out
/home/hs/hvdisp/coadd/results/starlight/z3_s6k_median_full2_mius_un08.out
/home/hs/hvdisp/coadd/results/starlight/z3_s6k_median_full2_mius_un13.out
/home/hs/hvdisp/coadd/results/starlight/z3_s6k_median_full2_mius_un18.out
/home/hs/hvdisp/coadd/results/starlight/z3_s7k_median_erem1_comb_mix1.out
/home/hs/hvdisp/coadd/results/starlight/z3_s7k_median_erem1_comb_mix2.out
/home/hs/hvdisp/coadd/results/starlight/z3_s7k_median_erem1_comb_mix3.out
/home/hs/hvdisp/coadd/results/starlight/z3_s7k_median_erem1_mius_ku13.out
/home/hs/hvdisp/coadd/results/starlight/z3_s7k_median_erem1_mius_mix1.out
/home/hs/hvdisp/coadd/results/starlight/z3_s7k_median_erem1_mius_un08.out
/home/hs/hvdisp/coadd/results/starlight/z3_s7k_median_erem1_mius_un13.out
/home/hs/hvdisp/coadd/results/starlight/z3_s7k_median_erem1_mius_un18.out
/home/hs/hvdisp/coadd/results/starlight/z3_s7k_median_erem2_comb_mix1.out
/home/hs/hvdisp/coadd/results/starlight/z3_s7k_median_erem2_comb_mix2.out
/home/hs/hvdisp/coadd/results/starlight/z3_s7k_median_erem2_comb_mix3.out
/home/hs/hvdisp/coadd/results/starlight/z3_s7k_median_erem2_mius_ku13.out
/home/hs/hvdisp/coadd/results/starlight/z3_s7k_median_erem2_mius_mix1.out
/home/hs/hvdisp/coadd/results/starlight/z3_s7k_median_erem2_mius_un08.out
/home/hs/hvdisp/coadd/results/starlight/z3_s7k_median_erem2_mius_un13.out
/home/hs/hvdisp/coadd/results/starlight/z3_s7k_median_erem2_mius_un18.out
/home/hs/hvdisp/coadd/results/starlight/z3_s7k_median_eremf_comb_mix1.out
/home/hs/hvdisp/coadd/results/starlight/z3_s7k_median_eremf_comb_mix2.out
/home/hs/hvdisp/coadd/results/starlight/z3_s7k_median_eremf_comb_mix3.out
/home/hs/hvdisp/coadd/results/starlight/z3_s7k_median_eremf_mius_ku13.out
/home/hs/hvdisp/coadd/results/starlight/z3_s7k_median_eremf_mius_mix1.out
/home/hs/hvdisp/coadd/results/starlight/z3_s7k_median_eremf_mius_un08.out
/home/hs/hvdisp/coadd/results/starlight/z3_s7k_median_eremf_mius_un13.out
/home/hs/hvdisp/coadd/results/starlight/z3_s7k_median_eremf_mius_un18.out
/home/hs/hvdisp/coadd/results/starlight/z3_s7k_median_full1_comb_mix1.out
/home/hs/hvdisp/coadd/results/starlight/z3_s7k_median_full1_comb_mix2.out
/home/hs/hvdisp/coadd/results/starlight/z3_s7k_median_full1_comb_mix3.out
/home/hs/hvdisp/coadd/results/starlight/z3_s7k_median_full1_mius_ku13.out
/home/hs/hvdisp/coadd/results/starlight/z3_s7k_median_full1_mius_mix1.out
/home/hs/hvdisp/coadd/results/starlight/z3_s7k_median_full1_mius_un08.out
/home/hs/hvdisp/coadd/results/starlight/z3_s7k_median_full1_mius_un13.out
/home/hs/hvdisp/coadd/results/starlight/z3_s7k_median_full1_mius_un18.out
/home/hs/hvdisp/coadd/results/starlight/z3_s7k_median_full2_comb_mix1.out
/home/hs/hvdisp/coadd/results/starlight/z3_s7k_median_full2_comb_mix2.out
/home/hs/hvdisp/coadd/results/starlight/z3_s7k_median_full2_comb_mix3.out
/home/hs/hvdisp/coadd/results/starlight/z3_s7k_median_full2_mius_ku13.out
/home/hs/hvdisp/coadd/results/starlight/z3_s7k_median_full2_mius_mix1.out
/home/hs/hvdisp/coadd/results/starlight/z3_s7k_median_full2_mius_un08.out
/home/hs/hvdisp/coadd/results/starlight/z3_s7k_median_full2_mius_un13.out
/home/hs/hvdisp/coadd/results/starlight/z3_s7k_median_full2_mius_un18.out
/home/hs/hvdisp/coadd/results/starlight/z3_s8k_median_erem1_comb_mix1.out
/home/hs/hvdisp/coadd/results/starlight/z3_s8k_median_erem1_comb_mix2.out
/home/hs/hvdisp/coadd/results/starlight/z3_s8k_median_erem1_comb_mix3.out
/home/hs/hvdisp/coadd/results/starlight/z3_s8k_median_erem1_mius_ku13.out
/home/hs/hvdisp/coadd/results/starlight/z3_s8k_median_erem1_mius_mix1.out
/home/hs/hvdisp/coadd/results/starlight/z3_s8k_median_erem1_mius_un08.out
/home/hs/hvdisp/coadd/results/starlight/z3_s8k_median_erem1_mius_un13.out
/home/hs/hvdisp/coadd/results/starlight/z3_s8k_median_erem1_mius_un18.out
/home/hs/hvdisp/coadd/results/starlight/z3_s8k_median_erem2_comb_mix1.out
/home/hs/hvdisp/coadd/results/starlight/z3_s8k_median_erem2_comb_mix2.out
/home/hs/hvdisp/coadd/results/starlight/z3_s8k_median_erem2_comb_mix3.out
/home/hs/hvdisp/coadd/results/starlight/z3_s8k_median_erem2_mius_ku13.out
/home/hs/hvdisp/coadd/results/starlight/z3_s8k_median_erem2_mius_mix1.out
/home/hs/hvdisp/coadd/results/starlight/z3_s8k_median_erem2_mius_un08.out
/home/hs/hvdisp/coadd/results/starlight/z3_s8k_median_erem2_mius_un13.out
/home/hs/hvdisp/coadd/results/starlight/z3_s8k_median_erem2_mius_un18.out
/home/hs/hvdisp/coadd/results/starlight/z3_s8k_median_eremf_comb_mix1.out
/home/hs/hvdisp/coadd/results/starlight/z3_s8k_median_eremf_comb_mix2.out
/home/hs/hvdisp/coadd/results/starlight/z3_s8k_median_eremf_comb_mix3.out
/home/hs/hvdisp/coadd/results/starlight/z3_s8k_median_eremf_mius_ku13.out
/home/hs/hvdisp/coadd/results/starlight/z3_s8k_median_eremf_mius_mix1.out
/home/hs/hvdisp/coadd/results/starlight/z3_s8k_median_eremf_mius_un08.out
/home/hs/hvdisp/coadd/results/starlight/z3_s8k_median_eremf_mius_un13.out
/home/hs/hvdisp/coadd/results/starlight/z3_s8k_median_eremf_mius_un18.out
/home/hs/hvdisp/coadd/results/starlight/z3_s8k_median_full1_comb_mix1.out
/home/hs/hvdisp/coadd/results/starlight/z3_s8k_median_full1_comb_mix2.out
/home/hs/hvdisp/coadd/results/starlight/z3_s8k_median_full1_comb_mix3.out
/home/hs/hvdisp/coadd/results/starlight/z3_s8k_median_full1_mius_ku13.out
/home/hs/hvdisp/coadd/results/starlight/z3_s8k_median_full1_mius_mix1.out
/home/hs/hvdisp/coadd/results/starlight/z3_s8k_median_full1_mius_un08.out
/home/hs/hvdisp/coadd/results/starlight/z3_s8k_median_full1_mius_un13.out
/home/hs/hvdisp/coadd/results/starlight/z3_s8k_median_full1_mius_un18.out
/home/hs/hvdisp/coadd/results/starlight/z3_s8k_median_full2_comb_mix1.out
/home/hs/hvdisp/coadd/results/starlight/z3_s8k_median_full2_comb_mix2.out
/home/hs/hvdisp/coadd/results/starlight/z3_s8k_median_full2_comb_mix3.out
/home/hs/hvdisp/coadd/results/starlight/z3_s8k_median_full2_mius_ku13.out
/home/hs/hvdisp/coadd/results/starlight/z3_s8k_median_full2_mius_mix1.out
/home/hs/hvdisp/coadd/results/starlight/z3_s8k_median_full2_mius_un08.out
/home/hs/hvdisp/coadd/results/starlight/z3_s8k_median_full2_mius_un13.out
/home/hs/hvdisp/coadd/results/starlight/z3_s8k_median_full2_mius_un18.out
